#
# There is insufficient memory for the Java Runtime Environment to continue.
# Native memory allocation (malloc) failed to allocate 1384016 bytes. Error detail: Chunk::new
# Possible reasons:
#   The system is out of physical RAM or swap space
#   This process is running with CompressedOops enabled, and the Java Heap may be blocking the growth of the native heap
# Possible solutions:
#   Reduce memory load on the system
#   Increase physical memory or swap space
#   Check if swap backing store is full
#   Decrease Java heap size (-Xmx/-Xms)
#   Decrease number of Java threads
#   Decrease Java thread stack sizes (-Xss)
#   Set larger code cache with -XX:ReservedCodeCacheSize=
#   JVM is running with Unscaled Compressed Oops mode in which the Java heap is
#     placed in the first 4GB address space. The Java Heap base address is the
#     maximum limit for the native heap growth. Please use -XX:HeapBaseMinAddress
#     to set the Java Heap base and to place the Java Heap above 4GB virtual address.
# This output file may be truncated or incomplete.
#
#  Out of Memory Error (arena.cpp:168), pid=9932, tid=8912
#
# JRE version: OpenJDK Runtime Environment (21.0.4) (build 21.0.4+-12508038-b607.1)
# Java VM: OpenJDK 64-Bit Server VM (21.0.4+-12508038-b607.1, mixed mode, tiered, compressed oops, compressed class ptrs, g1 gc, windows-amd64)
# No core dump will be written. Minidumps are not enabled by default on client versions of Windows
#

---------------  S U M M A R Y ------------

Command Line: --add-opens=java.base/java.util=ALL-UNNAMED --add-opens=java.base/java.lang=ALL-UNNAMED --add-opens=java.base/java.lang.invoke=ALL-UNNAMED --add-opens=java.prefs/java.util.prefs=ALL-UNNAMED --add-exports=jdk.compiler/com.sun.tools.javac.api=ALL-UNNAMED --add-exports=jdk.compiler/com.sun.tools.javac.util=ALL-UNNAMED --add-opens=java.base/java.nio.charset=ALL-UNNAMED --add-opens=java.base/java.net=ALL-UNNAMED --add-opens=java.base/java.util.concurrent.atomic=ALL-UNNAMED -Xmx2048m -Dfile.encoding=UTF-8 -Duser.country=US -Duser.language=en -Duser.variant -javaagent:C:\Users\DELL\.gradle\wrapper\dists\gradle-8.10.2-bin\a04bxjujx95o3nb99gddekhwo\gradle-8.10.2\lib\agents\gradle-instrumentation-agent-8.10.2.jar org.gradle.launcher.daemon.bootstrap.GradleDaemon 8.10.2

Host: Intel(R) Core(TM) i5-5300U CPU @ 2.30GHz, 4 cores, 3G,  Windows 10 , 64 bit Build 19041 (10.0.19041.5198)
Time: Wed Jan 15 18:05:33 2025 Bangladesh Standard Time elapsed time: 5.763561 seconds (0d 0h 0m 5s)

---------------  T H R E A D  ---------------

Current thread (0x00000176931559c0):  JavaThread "C2 CompilerThread0" daemon [_thread_in_native, id=8912, stack(0x00000038f6c00000,0x00000038f6d00000) (1024K)]


Current CompileTask:
C2:   5763 2643   !   4       java.lang.ClassLoader::loadClass (121 bytes)

Stack: [0x00000038f6c00000,0x00000038f6d00000]
Native frames: (J=compiled Java code, j=interpreted, Vv=VM code, C=native code)
V  [jvm.dll+0x6ce539]
V  [jvm.dll+0x85bf03]
V  [jvm.dll+0x85e45e]
V  [jvm.dll+0x85eb43]
V  [jvm.dll+0x27dd06]
V  [jvm.dll+0xbf9cd]
V  [jvm.dll+0xbff03]
V  [jvm.dll+0x3b4db1]
V  [jvm.dll+0x1de004]
V  [jvm.dll+0x247544]
V  [jvm.dll+0x2469c1]
V  [jvm.dll+0x1c58a4]
V  [jvm.dll+0x255fec]
V  [jvm.dll+0x254536]
V  [jvm.dll+0x3efab6]
V  [jvm.dll+0x804418]
V  [jvm.dll+0x6cce0d]
C  [ucrtbase.dll+0x21bb2]
C  [KERNEL32.DLL+0x17374]
C  [ntdll.dll+0x4cc91]


---------------  P R O C E S S  ---------------

Threads class SMR info:
_java_thread_list=0x0000017695353dc0, length=24, elements={
0x00000176f3221290, 0x00000176931672a0, 0x0000017693169920, 0x000001769316a210,
0x000001769316a880, 0x0000017693177930, 0x000001769317ade0, 0x00000176931559c0,
0x000001769317eec0, 0x000001769317b470, 0x0000017693179a30, 0x00000176931793a0,
0x000001769317a0c0, 0x000001769317a750, 0x0000017693178d10, 0x000001769523a9a0,
0x000001769523a310, 0x00000176952395f0, 0x000001769523bd50, 0x000001769523d790,
0x000001769523b6c0, 0x000001769523c3e0, 0x000001769523ca70, 0x000001769523d100
}

Java Threads: ( => current thread )
  0x00000176f3221290 JavaThread "main"                              [_thread_blocked, id=9640, stack(0x00000038f5e00000,0x00000038f5f00000) (1024K)]
  0x00000176931672a0 JavaThread "Reference Handler"          daemon [_thread_blocked, id=5772, stack(0x00000038f6600000,0x00000038f6700000) (1024K)]
  0x0000017693169920 JavaThread "Finalizer"                  daemon [_thread_blocked, id=8652, stack(0x00000038f6700000,0x00000038f6800000) (1024K)]
  0x000001769316a210 JavaThread "Signal Dispatcher"          daemon [_thread_blocked, id=5432, stack(0x00000038f6800000,0x00000038f6900000) (1024K)]
  0x000001769316a880 JavaThread "Attach Listener"            daemon [_thread_blocked, id=5740, stack(0x00000038f6900000,0x00000038f6a00000) (1024K)]
  0x0000017693177930 JavaThread "Service Thread"             daemon [_thread_blocked, id=2500, stack(0x00000038f6a00000,0x00000038f6b00000) (1024K)]
  0x000001769317ade0 JavaThread "Monitor Deflation Thread"   daemon [_thread_blocked, id=8124, stack(0x00000038f6b00000,0x00000038f6c00000) (1024K)]
=>0x00000176931559c0 JavaThread "C2 CompilerThread0"         daemon [_thread_in_native, id=8912, stack(0x00000038f6c00000,0x00000038f6d00000) (1024K)]
  0x000001769317eec0 JavaThread "C1 CompilerThread0"         daemon [_thread_blocked, id=6896, stack(0x00000038f6d00000,0x00000038f6e00000) (1024K)]
  0x000001769317b470 JavaThread "Common-Cleaner"             daemon [_thread_blocked, id=1088, stack(0x00000038f6e00000,0x00000038f6f00000) (1024K)]
  0x0000017693179a30 JavaThread "Notification Thread"        daemon [_thread_blocked, id=8928, stack(0x00000038f6f00000,0x00000038f7000000) (1024K)]
  0x00000176931793a0 JavaThread "Daemon health stats"               [_thread_blocked, id=3308, stack(0x00000038f7300000,0x00000038f7400000) (1024K)]
  0x000001769317a0c0 JavaThread "Incoming local TCP Connector on port 57199"        [_thread_in_native, id=6892, stack(0x00000038f7400000,0x00000038f7500000) (1024K)]
  0x000001769317a750 JavaThread "Daemon periodic checks"            [_thread_blocked, id=2932, stack(0x00000038f7500000,0x00000038f7600000) (1024K)]
  0x0000017693178d10 JavaThread "Daemon"                            [_thread_blocked, id=5724, stack(0x00000038f7600000,0x00000038f7700000) (1024K)]
  0x000001769523a9a0 JavaThread "Handler for socket connection from /127.0.0.1:57199 to /127.0.0.1:57200"        [_thread_in_native, id=5704, stack(0x00000038f7700000,0x00000038f7800000) (1024K)]
  0x000001769523a310 JavaThread "Cancel handler"                    [_thread_blocked, id=6092, stack(0x00000038f7800000,0x00000038f7900000) (1024K)]
  0x00000176952395f0 JavaThread "Daemon worker"                     [_thread_in_Java, id=4836, stack(0x00000038f7900000,0x00000038f7a00000) (1024K)]
  0x000001769523bd50 JavaThread "Asynchronous log dispatcher for DefaultDaemonConnection: socket connection from /127.0.0.1:57199 to /127.0.0.1:57200"        [_thread_blocked, id=9536, stack(0x00000038f7a00000,0x00000038f7b00000) (1024K)]
  0x000001769523d790 JavaThread "Stdin handler"                     [_thread_blocked, id=1212, stack(0x00000038f7b00000,0x00000038f7c00000) (1024K)]
  0x000001769523b6c0 JavaThread "Daemon client event forwarder"        [_thread_blocked, id=8540, stack(0x00000038f7c00000,0x00000038f7d00000) (1024K)]
  0x000001769523c3e0 JavaThread "Cache worker for journal cache (C:\Users\DELL\.gradle\caches\journal-1)"        [_thread_blocked, id=4896, stack(0x00000038f7d00000,0x00000038f7e00000) (1024K)]
  0x000001769523ca70 JavaThread "File lock request listener"        [_thread_in_native, id=9608, stack(0x00000038f7e00000,0x00000038f7f00000) (1024K)]
  0x000001769523d100 JavaThread "Cache worker for file hash cache (C:\Users\DELL\.gradle\caches\8.10.2\fileHashes)"        [_thread_blocked, id=7048, stack(0x00000038f7f00000,0x00000038f8000000) (1024K)]
Total: 24

Other Threads:
  0x00000176f0fdaf70 VMThread "VM Thread"                           [id=8216, stack(0x00000038f6500000,0x00000038f6600000) (1024K)]
  0x00000176faff7c00 WatcherThread "VM Periodic Task Thread"        [id=2908, stack(0x00000038f6400000,0x00000038f6500000) (1024K)]
  0x00000176f0fdabd0 WorkerThread "GC Thread#0"                     [id=4280, stack(0x00000038f5f00000,0x00000038f6000000) (1024K)]
  0x00000176f0fd99b0 WorkerThread "GC Thread#1"                     [id=8744, stack(0x00000038f7000000,0x00000038f7100000) (1024K)]
  0x00000176f0fda0f0 WorkerThread "GC Thread#2"                     [id=6748, stack(0x00000038f7100000,0x00000038f7200000) (1024K)]
  0x0000017693f62d30 WorkerThread "GC Thread#3"                     [id=2656, stack(0x00000038f7200000,0x00000038f7300000) (1024K)]
  0x00000176f3286850 ConcurrentGCThread "G1 Main Marker"            [id=5488, stack(0x00000038f6000000,0x00000038f6100000) (1024K)]
  0x00000176f0fd9d50 WorkerThread "G1 Conc#0"                       [id=3500, stack(0x00000038f6100000,0x00000038f6200000) (1024K)]
  0x00000176faecb950 ConcurrentGCThread "G1 Refine#0"               [id=7524, stack(0x00000038f6200000,0x00000038f6300000) (1024K)]
  0x00000176faeceda0 ConcurrentGCThread "G1 Service"                [id=3176, stack(0x00000038f6300000,0x00000038f6400000) (1024K)]
Total: 10

Threads with active compile tasks:
C2 CompilerThread0     5859 2643   !   4       java.lang.ClassLoader::loadClass (121 bytes)
Total: 1

VM state: not at safepoint (normal execution)

VM Mutex/Monitor currently owned by a thread: None

Heap address: 0x0000000080000000, size: 2048 MB, Compressed Oops mode: 32-bit

CDS archive(s) not mapped
Compressed class space mapped at: 0x0000000100000000-0x0000000140000000, reserved size: 1073741824
Narrow klass base: 0x0000000000000000, Narrow klass shift: 3, Narrow klass range: 0x140000000

GC Precious Log:
 CardTable entry size: 512
 Card Set container configuration: InlinePtr #cards 5 size 8 Array Of Cards #cards 12 size 40 Howl #buckets 4 coarsen threshold 1843 Howl Bitmap #cards 512 size 80 coarsen threshold 460 Card regions per heap region 1 cards per card region 2048
 CPUs: 4 total, 4 available
 Memory: 3968M
 Large Page Support: Disabled
 NUMA Support: Disabled
 Compressed Oops: Enabled (32-bit)
 Heap Region Size: 1M
 Heap Min Capacity: 8M
 Heap Initial Capacity: 64M
 Heap Max Capacity: 2G
 Pre-touch: Disabled
 Parallel Workers: 4
 Concurrent Workers: 1
 Concurrent Refinement Workers: 4
 Periodic GC: Disabled

Heap:
 garbage-first heap   total 65536K, used 23815K [0x0000000080000000, 0x0000000100000000)
  region size 1024K, 6 young (6144K), 4 survivors (4096K)
 Metaspace       used 26671K, committed 27200K, reserved 1114112K
  class space    used 3276K, committed 3520K, reserved 1048576K

Heap Regions: E=young(eden), S=young(survivor), O=old, HS=humongous(starts), HC=humongous(continues), CS=collection set, F=free, TAMS=top-at-mark-start, PB=parsable bottom
|   0|0x0000000080000000, 0x0000000080100000, 0x0000000080100000|100%|HS|  |TAMS 0x0000000080000000| PB 0x0000000080000000| Complete 
|   1|0x0000000080100000, 0x0000000080200000, 0x0000000080200000|100%|HC|  |TAMS 0x0000000080100000| PB 0x0000000080100000| Complete 
|   2|0x0000000080200000, 0x0000000080300000, 0x0000000080300000|100%|HC|  |TAMS 0x0000000080200000| PB 0x0000000080200000| Complete 
|   3|0x0000000080300000, 0x0000000080400000, 0x0000000080400000|100%|HC|  |TAMS 0x0000000080300000| PB 0x0000000080300000| Complete 
|   4|0x0000000080400000, 0x0000000080500000, 0x0000000080500000|100%| O|  |TAMS 0x0000000080400000| PB 0x0000000080400000| Untracked 
|   5|0x0000000080500000, 0x0000000080600000, 0x0000000080600000|100%| O|  |TAMS 0x0000000080500000| PB 0x0000000080500000| Untracked 
|   6|0x0000000080600000, 0x0000000080700000, 0x0000000080700000|100%| O|  |TAMS 0x0000000080600000| PB 0x0000000080600000| Untracked 
|   7|0x0000000080700000, 0x0000000080800000, 0x0000000080800000|100%| O|  |TAMS 0x0000000080700000| PB 0x0000000080700000| Untracked 
|   8|0x0000000080800000, 0x0000000080900000, 0x0000000080900000|100%| O|Cm|TAMS 0x0000000080800000| PB 0x0000000080800000| Complete 
|   9|0x0000000080900000, 0x0000000080a00000, 0x0000000080a00000|100%| O|  |TAMS 0x0000000080900000| PB 0x0000000080900000| Untracked 
|  10|0x0000000080a00000, 0x0000000080b00000, 0x0000000080b00000|100%| O|  |TAMS 0x0000000080a00000| PB 0x0000000080a00000| Untracked 
|  11|0x0000000080b00000, 0x0000000080c00000, 0x0000000080c00000|100%|HS|  |TAMS 0x0000000080b00000| PB 0x0000000080b00000| Complete 
|  12|0x0000000080c00000, 0x0000000080d00000, 0x0000000080d00000|100%| O|  |TAMS 0x0000000080c00000| PB 0x0000000080c00000| Untracked 
|  13|0x0000000080d00000, 0x0000000080e00000, 0x0000000080e00000|100%| O|  |TAMS 0x0000000080d00000| PB 0x0000000080d00000| Untracked 
|  14|0x0000000080e00000, 0x0000000080f00000, 0x0000000080f00000|100%| O|  |TAMS 0x0000000080e00000| PB 0x0000000080e00000| Untracked 
|  15|0x0000000080f00000, 0x0000000081000000, 0x0000000081000000|100%| O|  |TAMS 0x0000000080f00000| PB 0x0000000080f00000| Untracked 
|  16|0x0000000081000000, 0x0000000081100000, 0x0000000081100000|100%| O|  |TAMS 0x0000000081000000| PB 0x0000000081000000| Untracked 
|  17|0x0000000081100000, 0x0000000081200000, 0x0000000081200000|100%| O|  |TAMS 0x0000000081100000| PB 0x0000000081100000| Untracked 
|  18|0x0000000081200000, 0x00000000812b0aa0, 0x0000000081300000| 69%| O|  |TAMS 0x0000000081200000| PB 0x0000000081200000| Untracked 
|  19|0x0000000081300000, 0x0000000081300000, 0x0000000081400000|  0%| F|  |TAMS 0x0000000081300000| PB 0x0000000081300000| Untracked 
|  20|0x0000000081400000, 0x0000000081400000, 0x0000000081500000|  0%| F|  |TAMS 0x0000000081400000| PB 0x0000000081400000| Untracked 
|  21|0x0000000081500000, 0x0000000081500000, 0x0000000081600000|  0%| F|  |TAMS 0x0000000081500000| PB 0x0000000081500000| Untracked 
|  22|0x0000000081600000, 0x0000000081600000, 0x0000000081700000|  0%| F|  |TAMS 0x0000000081600000| PB 0x0000000081600000| Untracked 
|  23|0x0000000081700000, 0x0000000081700000, 0x0000000081800000|  0%| F|  |TAMS 0x0000000081700000| PB 0x0000000081700000| Untracked 
|  24|0x0000000081800000, 0x0000000081800000, 0x0000000081900000|  0%| F|  |TAMS 0x0000000081800000| PB 0x0000000081800000| Untracked 
|  25|0x0000000081900000, 0x0000000081900000, 0x0000000081a00000|  0%| F|  |TAMS 0x0000000081900000| PB 0x0000000081900000| Untracked 
|  26|0x0000000081a00000, 0x0000000081a00000, 0x0000000081b00000|  0%| F|  |TAMS 0x0000000081a00000| PB 0x0000000081a00000| Untracked 
|  27|0x0000000081b00000, 0x0000000081b00000, 0x0000000081c00000|  0%| F|  |TAMS 0x0000000081b00000| PB 0x0000000081b00000| Untracked 
|  28|0x0000000081c00000, 0x0000000081c00000, 0x0000000081d00000|  0%| F|  |TAMS 0x0000000081c00000| PB 0x0000000081c00000| Untracked 
|  29|0x0000000081d00000, 0x0000000081d913b0, 0x0000000081e00000| 56%| S|CS|TAMS 0x0000000081d00000| PB 0x0000000081d00000| Complete 
|  30|0x0000000081e00000, 0x0000000081f00000, 0x0000000081f00000|100%| S|CS|TAMS 0x0000000081e00000| PB 0x0000000081e00000| Complete 
|  31|0x0000000081f00000, 0x0000000082000000, 0x0000000082000000|100%| S|CS|TAMS 0x0000000081f00000| PB 0x0000000081f00000| Complete 
|  32|0x0000000082000000, 0x0000000082100000, 0x0000000082100000|100%| S|CS|TAMS 0x0000000082000000| PB 0x0000000082000000| Complete 
|  33|0x0000000082100000, 0x0000000082100000, 0x0000000082200000|  0%| F|  |TAMS 0x0000000082100000| PB 0x0000000082100000| Untracked 
|  34|0x0000000082200000, 0x0000000082200000, 0x0000000082300000|  0%| F|  |TAMS 0x0000000082200000| PB 0x0000000082200000| Untracked 
|  35|0x0000000082300000, 0x0000000082300000, 0x0000000082400000|  0%| F|  |TAMS 0x0000000082300000| PB 0x0000000082300000| Untracked 
|  36|0x0000000082400000, 0x0000000082400000, 0x0000000082500000|  0%| F|  |TAMS 0x0000000082400000| PB 0x0000000082400000| Untracked 
|  37|0x0000000082500000, 0x0000000082500000, 0x0000000082600000|  0%| F|  |TAMS 0x0000000082500000| PB 0x0000000082500000| Untracked 
|  38|0x0000000082600000, 0x0000000082600000, 0x0000000082700000|  0%| F|  |TAMS 0x0000000082600000| PB 0x0000000082600000| Untracked 
|  39|0x0000000082700000, 0x0000000082700000, 0x0000000082800000|  0%| F|  |TAMS 0x0000000082700000| PB 0x0000000082700000| Untracked 
|  40|0x0000000082800000, 0x0000000082800000, 0x0000000082900000|  0%| F|  |TAMS 0x0000000082800000| PB 0x0000000082800000| Untracked 
|  41|0x0000000082900000, 0x0000000082900000, 0x0000000082a00000|  0%| F|  |TAMS 0x0000000082900000| PB 0x0000000082900000| Untracked 
|  42|0x0000000082a00000, 0x0000000082a00000, 0x0000000082b00000|  0%| F|  |TAMS 0x0000000082a00000| PB 0x0000000082a00000| Untracked 
|  43|0x0000000082b00000, 0x0000000082b00000, 0x0000000082c00000|  0%| F|  |TAMS 0x0000000082b00000| PB 0x0000000082b00000| Untracked 
|  44|0x0000000082c00000, 0x0000000082c00000, 0x0000000082d00000|  0%| F|  |TAMS 0x0000000082c00000| PB 0x0000000082c00000| Untracked 
|  45|0x0000000082d00000, 0x0000000082d00000, 0x0000000082e00000|  0%| F|  |TAMS 0x0000000082d00000| PB 0x0000000082d00000| Untracked 
|  46|0x0000000082e00000, 0x0000000082e00000, 0x0000000082f00000|  0%| F|  |TAMS 0x0000000082e00000| PB 0x0000000082e00000| Untracked 
|  47|0x0000000082f00000, 0x0000000082f00000, 0x0000000083000000|  0%| F|  |TAMS 0x0000000082f00000| PB 0x0000000082f00000| Untracked 
|  48|0x0000000083000000, 0x0000000083000000, 0x0000000083100000|  0%| F|  |TAMS 0x0000000083000000| PB 0x0000000083000000| Untracked 
|  49|0x0000000083100000, 0x0000000083100000, 0x0000000083200000|  0%| F|  |TAMS 0x0000000083100000| PB 0x0000000083100000| Untracked 
|  50|0x0000000083200000, 0x0000000083200000, 0x0000000083300000|  0%| F|  |TAMS 0x0000000083200000| PB 0x0000000083200000| Untracked 
|  51|0x0000000083300000, 0x0000000083300000, 0x0000000083400000|  0%| F|  |TAMS 0x0000000083300000| PB 0x0000000083300000| Untracked 
|  52|0x0000000083400000, 0x0000000083400000, 0x0000000083500000|  0%| F|  |TAMS 0x0000000083400000| PB 0x0000000083400000| Untracked 
|  53|0x0000000083500000, 0x0000000083500000, 0x0000000083600000|  0%| F|  |TAMS 0x0000000083500000| PB 0x0000000083500000| Untracked 
|  54|0x0000000083600000, 0x0000000083600000, 0x0000000083700000|  0%| F|  |TAMS 0x0000000083600000| PB 0x0000000083600000| Untracked 
|  55|0x0000000083700000, 0x0000000083700000, 0x0000000083800000|  0%| F|  |TAMS 0x0000000083700000| PB 0x0000000083700000| Untracked 
|  56|0x0000000083800000, 0x0000000083800000, 0x0000000083900000|  0%| F|  |TAMS 0x0000000083800000| PB 0x0000000083800000| Untracked 
|  57|0x0000000083900000, 0x0000000083900000, 0x0000000083a00000|  0%| F|  |TAMS 0x0000000083900000| PB 0x0000000083900000| Untracked 
|  58|0x0000000083a00000, 0x0000000083a00000, 0x0000000083b00000|  0%| F|  |TAMS 0x0000000083a00000| PB 0x0000000083a00000| Untracked 
|  59|0x0000000083b00000, 0x0000000083b00000, 0x0000000083c00000|  0%| F|  |TAMS 0x0000000083b00000| PB 0x0000000083b00000| Untracked 
|  60|0x0000000083c00000, 0x0000000083c00000, 0x0000000083d00000|  0%| F|  |TAMS 0x0000000083c00000| PB 0x0000000083c00000| Untracked 
|  61|0x0000000083d00000, 0x0000000083d00000, 0x0000000083e00000|  0%| F|  |TAMS 0x0000000083d00000| PB 0x0000000083d00000| Untracked 
|  62|0x0000000083e00000, 0x0000000083e49628, 0x0000000083f00000| 28%| E|  |TAMS 0x0000000083e00000| PB 0x0000000083e00000| Complete 
|  63|0x0000000083f00000, 0x0000000084000000, 0x0000000084000000|100%| E|CS|TAMS 0x0000000083f00000| PB 0x0000000083f00000| Complete 

Card table byte_map: [0x00000176f6770000,0x00000176f6b70000] _byte_map_base: 0x00000176f6370000

Marking Bits: (CMBitMap*) 0x00000176f3275e00
 Bits: [0x00000176f6b70000, 0x00000176f8b70000)

Polling page: 0x00000176f11d0000

Metaspace:

Usage:
  Non-class:     22.85 MB used.
      Class:      3.20 MB used.
       Both:     26.05 MB used.

Virtual space:
  Non-class space:       64.00 MB reserved,      23.12 MB ( 36%) committed,  1 nodes.
      Class space:        1.00 GB reserved,       3.44 MB ( <1%) committed,  1 nodes.
             Both:        1.06 GB reserved,      26.56 MB (  2%) committed. 

Chunk freelists:
   Non-Class:  8.47 MB
       Class:  12.57 MB
        Both:  21.03 MB

MaxMetaspaceSize: unlimited
CompressedClassSpaceSize: 1.00 GB
Initial GC threshold: 21.00 MB
Current GC threshold: 35.31 MB
CDS: off
 - commit_granule_bytes: 65536.
 - commit_granule_words: 8192.
 - virtual_space_node_default_size: 8388608.
 - enlarge_chunks_in_place: 1.
 - use_allocation_guard: 0.


Internal statistics:

num_allocs_failed_limit: 3.
num_arena_births: 678.
num_arena_deaths: 0.
num_vsnodes_births: 2.
num_vsnodes_deaths: 0.
num_space_committed: 425.
num_space_uncommitted: 0.
num_chunks_returned_to_freelist: 3.
num_chunks_taken_from_freelist: 1340.
num_chunk_merges: 3.
num_chunk_splits: 852.
num_chunks_enlarged: 571.
num_inconsistent_stats: 0.

CodeHeap 'non-profiled nmethods': size=120000Kb used=1224Kb max_used=1224Kb free=118776Kb
 bounds [0x0000017687ad0000, 0x0000017687d40000, 0x000001768f000000]
CodeHeap 'profiled nmethods': size=120000Kb used=5584Kb max_used=5584Kb free=114415Kb
 bounds [0x0000017680000000, 0x0000017680580000, 0x0000017687530000]
CodeHeap 'non-nmethods': size=5760Kb used=1461Kb max_used=1462Kb free=4298Kb
 bounds [0x0000017687530000, 0x00000176877a0000, 0x0000017687ad0000]
 total_blobs=3323 nmethods=2761 adapters=466
 compilation: enabled
              stopped_count=0, restarted_count=0
 full_count=0

Compilation events (20 events):
Event: 5.713 Thread 0x000001769317eec0 2684       3       java.lang.invoke.ClassSpecializer$SpeciesData::transformHelper (56 bytes)
Event: 5.714 Thread 0x000001769317eec0 nmethod 2684 0x0000017680555790 code [0x00000176805559c0, 0x0000017680556178]
Event: 5.714 Thread 0x000001769317eec0 2685       3       java.lang.invoke.InvokerBytecodeGenerator::<init> (129 bytes)
Event: 5.715 Thread 0x000001769317eec0 nmethod 2685 0x0000017680556410 code [0x00000176805566e0, 0x0000017680557690]
Event: 5.728 Thread 0x000001769317eec0 2687       3       java.lang.invoke.MemberName::getFactory (4 bytes)
Event: 5.728 Thread 0x000001769317eec0 nmethod 2687 0x0000017680557c90 code [0x0000017680557e20, 0x0000017680557f18]
Event: 5.729 Thread 0x000001769317eec0 2689       2       java.util.concurrent.locks.ReentrantLock$Sync::tryRelease (51 bytes)
Event: 5.729 Thread 0x000001769317eec0 nmethod 2689 0x0000017680557f90 code [0x0000017680558140, 0x0000017680558358]
Event: 5.729 Thread 0x000001769317eec0 2690       3       java.lang.invoke.LambdaFormEditor::filterArgumentForm (121 bytes)
Event: 5.730 Thread 0x000001769317eec0 nmethod 2690 0x0000017680558490 code [0x00000176805586a0, 0x0000017680558aa0]
Event: 5.735 Thread 0x000001769317eec0 2691       3       java.lang.invoke.MethodHandles$Lookup::checkMethod (87 bytes)
Event: 5.736 Thread 0x000001769317eec0 nmethod 2691 0x0000017680558d10 code [0x0000017680558f20, 0x00000176805595a8]
Event: 5.736 Thread 0x000001769317eec0 2693       3       java.lang.invoke.MethodHandles$Lookup::maybeBindCaller (72 bytes)
Event: 5.737 Thread 0x000001769317eec0 nmethod 2693 0x0000017680559810 code [0x0000017680559a40, 0x000001768055a1d0]
Event: 5.740 Thread 0x000001769317eec0 2694       3       java.lang.invoke.InvokerBytecodeGenerator::<init> (12 bytes)
Event: 5.740 Thread 0x000001769317eec0 nmethod 2694 0x000001768055a490 code [0x000001768055a640, 0x000001768055a7f8]
Event: 5.740 Thread 0x000001769317eec0 2695       3       java.lang.invoke.InvokerBytecodeGenerator::generateCustomizedCodeBytes (37 bytes)
Event: 5.741 Thread 0x000001769317eec0 nmethod 2695 0x000001768055a910 code [0x000001768055ab20, 0x000001768055aef0]
Event: 5.741 Thread 0x000001769317eec0 2696       3       java.lang.invoke.InvokerBytecodeGenerator::loadMethod (39 bytes)
Event: 5.741 Thread 0x000001769317eec0 nmethod 2696 0x000001768055b110 code [0x000001768055b300, 0x000001768055b5f8]

GC Heap History (10 events):
Event: 1.079 GC heap before
{Heap before GC invocations=0 (full 0):
 garbage-first heap   total 65536K, used 13312K [0x0000000080000000, 0x0000000100000000)
  region size 1024K, 13 young (13312K), 0 survivors (0K)
 Metaspace       used 7372K, committed 7488K, reserved 1114112K
  class space    used 665K, committed 704K, reserved 1048576K
}
Event: 1.082 GC heap after
{Heap after GC invocations=1 (full 0):
 garbage-first heap   total 65536K, used 1280K [0x0000000080000000, 0x0000000100000000)
  region size 1024K, 2 young (2048K), 2 survivors (2048K)
 Metaspace       used 7372K, committed 7488K, reserved 1114112K
  class space    used 665K, committed 704K, reserved 1048576K
}
Event: 2.288 GC heap before
{Heap before GC invocations=1 (full 0):
 garbage-first heap   total 65536K, used 29952K [0x0000000080000000, 0x0000000100000000)
  region size 1024K, 27 young (27648K), 2 survivors (2048K)
 Metaspace       used 11596K, committed 11776K, reserved 1114112K
  class space    used 1217K, committed 1280K, reserved 1048576K
}
Event: 2.295 GC heap after
{Heap after GC invocations=2 (full 0):
 garbage-first heap   total 65536K, used 10857K [0x0000000080000000, 0x0000000100000000)
  region size 1024K, 4 young (4096K), 4 survivors (4096K)
 Metaspace       used 11596K, committed 11776K, reserved 1114112K
  class space    used 1217K, committed 1280K, reserved 1048576K
}
Event: 2.933 GC heap before
{Heap before GC invocations=2 (full 0):
 garbage-first heap   total 65536K, used 45673K [0x0000000080000000, 0x0000000100000000)
  region size 1024K, 38 young (38912K), 4 survivors (4096K)
 Metaspace       used 12163K, committed 12416K, reserved 1114112K
  class space    used 1275K, committed 1408K, reserved 1048576K
}
Event: 2.941 GC heap after
{Heap after GC invocations=3 (full 0):
 garbage-first heap   total 65536K, used 12161K [0x0000000080000000, 0x0000000100000000)
  region size 1024K, 1 young (1024K), 1 survivors (1024K)
 Metaspace       used 12163K, committed 12416K, reserved 1114112K
  class space    used 1275K, committed 1408K, reserved 1048576K
}
Event: 4.218 GC heap before
{Heap before GC invocations=3 (full 0):
 garbage-first heap   total 65536K, used 49025K [0x0000000080000000, 0x0000000100000000)
  region size 1024K, 35 young (35840K), 1 survivors (1024K)
 Metaspace       used 16862K, committed 17216K, reserved 1114112K
  class space    used 1896K, committed 2048K, reserved 1048576K
}
Event: 4.225 GC heap after
{Heap after GC invocations=4 (full 0):
 garbage-first heap   total 65536K, used 19020K [0x0000000080000000, 0x0000000100000000)
  region size 1024K, 5 young (5120K), 5 survivors (5120K)
 Metaspace       used 16862K, committed 17216K, reserved 1114112K
  class space    used 1896K, committed 2048K, reserved 1048576K
}
Event: 4.960 GC heap before
{Heap before GC invocations=4 (full 0):
 garbage-first heap   total 65536K, used 33356K [0x0000000080000000, 0x0000000100000000)
  region size 1024K, 20 young (20480K), 5 survivors (5120K)
 Metaspace       used 21185K, committed 21504K, reserved 1114112K
  class space    used 2445K, committed 2624K, reserved 1048576K
}
Event: 4.969 GC heap after
{Heap after GC invocations=5 (full 0):
 garbage-first heap   total 65536K, used 21158K [0x0000000080000000, 0x0000000100000000)
  region size 1024K, 2 young (2048K), 2 survivors (2048K)
 Metaspace       used 21185K, committed 21504K, reserved 1114112K
  class space    used 2445K, committed 2624K, reserved 1048576K
}

Dll operation events (3 events):
Event: 0.108 Loaded shared library C:\Program Files\Android\Android Studio2\jbr\bin\java.dll
Event: 0.148 Loaded shared library C:\Program Files\Android\Android Studio2\jbr\bin\zip.dll
Event: 1.550 Loaded shared library C:\Program Files\Android\Android Studio2\jbr\bin\verify.dll

Deoptimization events (20 events):
Event: 5.475 Thread 0x00000176952395f0 DEOPT PACKING pc=0x0000017687b94364 sp=0x00000038f79fc2d0
Event: 5.475 Thread 0x00000176952395f0 DEOPT UNPACKING pc=0x00000176875846a2 sp=0x00000038f79fc288 mode 2
Event: 5.475 Thread 0x00000176952395f0 Uncommon trap: trap_request=0xffffffde fr.pc=0x0000017687b94364 relative=0x0000000000000304
Event: 5.475 Thread 0x00000176952395f0 Uncommon trap: reason=class_check action=maybe_recompile pc=0x0000017687b94364 method=java.util.regex.Pattern$BmpCharPropertyGreedy.match(Ljava/util/regex/Matcher;ILjava/lang/CharSequence;)Z @ 26 c2
Event: 5.475 Thread 0x00000176952395f0 DEOPT PACKING pc=0x0000017687b94364 sp=0x00000038f79fc240
Event: 5.475 Thread 0x00000176952395f0 DEOPT UNPACKING pc=0x00000176875846a2 sp=0x00000038f79fc1f8 mode 2
Event: 5.610 Thread 0x00000176952395f0 Uncommon trap: trap_request=0xffffff45 fr.pc=0x0000017687af4030 relative=0x0000000000000d30
Event: 5.610 Thread 0x00000176952395f0 Uncommon trap: reason=unstable_if action=reinterpret pc=0x0000017687af4030 method=java.io.WinNTFileSystem.resolve(Ljava/lang/String;Ljava/lang/String;)Ljava/lang/String; @ 19 c2
Event: 5.610 Thread 0x00000176952395f0 DEOPT PACKING pc=0x0000017687af4030 sp=0x00000038f79fb5e0
Event: 5.610 Thread 0x00000176952395f0 DEOPT UNPACKING pc=0x00000176875846a2 sp=0x00000038f79fb578 mode 2
Event: 5.613 Thread 0x00000176952395f0 Uncommon trap: trap_request=0xffffff45 fr.pc=0x0000017687b53094 relative=0x0000000000000634
Event: 5.613 Thread 0x00000176952395f0 Uncommon trap: reason=unstable_if action=reinterpret pc=0x0000017687b53094 method=java.io.File.getName()Ljava/lang/String; @ 16 c2
Event: 5.613 Thread 0x00000176952395f0 DEOPT PACKING pc=0x0000017687b53094 sp=0x00000038f79fb5a0
Event: 5.613 Thread 0x00000176952395f0 DEOPT UNPACKING pc=0x00000176875846a2 sp=0x00000038f79fb570 mode 2
Event: 5.703 Thread 0x00000176952395f0 DEOPT PACKING pc=0x000001768014147c sp=0x00000038f79fbab0
Event: 5.703 Thread 0x00000176952395f0 DEOPT UNPACKING pc=0x0000017687584e42 sp=0x00000038f79faee8 mode 0
Event: 5.710 Thread 0x00000176952395f0 Uncommon trap: trap_request=0xffffff45 fr.pc=0x0000017687af6c10 relative=0x00000000000000f0
Event: 5.710 Thread 0x00000176952395f0 Uncommon trap: reason=unstable_if action=reinterpret pc=0x0000017687af6c10 method=java.util.HashMap.hash(Ljava/lang/Object;)I @ 1 c2
Event: 5.710 Thread 0x00000176952395f0 DEOPT PACKING pc=0x0000017687af6c10 sp=0x00000038f79fc600
Event: 5.710 Thread 0x00000176952395f0 DEOPT UNPACKING pc=0x00000176875846a2 sp=0x00000038f79fc540 mode 2

Classes loaded (20 events):
Event: 5.565 Loading class sun/security/provider/MD5
Event: 5.565 Loading class sun/security/provider/MD5 done
Event: 5.565 Loading class sun/security/provider/SHA5$SHA512
Event: 5.565 Loading class sun/security/provider/SHA5
Event: 5.565 Loading class sun/security/provider/SHA5 done
Event: 5.565 Loading class sun/security/provider/SHA5$SHA512 done
Event: 5.569 Loading class sun/security/provider/ByteArrayAccess$LE
Event: 5.569 Loading class sun/security/provider/ByteArrayAccess$LE done
Event: 5.612 Loading class java/io/File$TempDirectory
Event: 5.612 Loading class java/io/File$TempDirectory done
Event: 5.621 Loading class java/io/PrintWriter
Event: 5.622 Loading class java/io/PrintWriter done
Event: 5.665 Loading class java/util/concurrent/Semaphore
Event: 5.666 Loading class java/util/concurrent/Semaphore done
Event: 5.668 Loading class java/nio/file/FileVisitOption
Event: 5.668 Loading class java/nio/file/FileVisitOption done
Event: 5.674 Loading class java/util/stream/ReduceOps$1
Event: 5.674 Loading class java/util/stream/ReduceOps$1 done
Event: 5.674 Loading class java/util/stream/ReduceOps$1ReducingSink
Event: 5.675 Loading class java/util/stream/ReduceOps$1ReducingSink done

Classes unloaded (0 events):
No events

Classes redefined (0 events):
No events

Internal exceptions (20 events):
Event: 4.848 Thread 0x0000017693178d10 Exception <a 'java/lang/NoSuchMethodError'{0x00000000836f3bf8}: 'void java.lang.invoke.DirectMethodHandle$Holder.invokeSpecial(java.lang.Object, java.lang.Object, java.lang.Object)'> (0x00000000836f3bf8) 
thrown [s\src\hotspot\share\interpreter\linkResolver.cpp, line 784]
Event: 4.926 Thread 0x00000176952395f0 Exception <a 'java/lang/NoSuchMethodError'{0x00000000833d5fe0}: 'long java.lang.invoke.DirectMethodHandle$Holder.invokeInterface(java.lang.Object, java.lang.Object)'> (0x00000000833d5fe0) 
thrown [s\src\hotspot\share\interpreter\linkResolver.cpp, line 784]
Event: 5.057 Thread 0x00000176952395f0 Exception <a 'java/lang/NoSuchMethodError'{0x0000000083c6c6f0}: 'void java.lang.invoke.DirectMethodHandle$Holder.invokeStatic(java.lang.Object, java.lang.Object)'> (0x0000000083c6c6f0) 
thrown [s\src\hotspot\share\interpreter\linkResolver.cpp, line 784]
Event: 5.070 Thread 0x00000176952395f0 Exception <a 'java/lang/NoSuchMethodError'{0x0000000083cc0b68}: 'java.lang.Object java.lang.invoke.DirectMethodHandle$Holder.invokeVirtual(java.lang.Object, java.lang.Object, java.lang.Object, java.lang.Object, java.lang.Object, java.lang.Object, java.lang.Object, java.lang.Object, java.lang.Object, java.lang.Object, java.lang.Object, java.lang.Object)'> (0x0000000083cc0b68) 
thrown [s\src\hotspot\share\interpreter\linkResolver.cpp, line 784]
Event: 5.071 Thread 0x00000176952395f0 Exception <a 'java/lang/NoSuchMethodError'{0x0000000083cc5cb8}: 'java.lang.Object java.lang.invoke.DirectMethodHandle$Holder.invokeSpecial(java.lang.Object, java.lang.Object, java.lang.Object, java.lang.Object, java.lang.Object, java.lang.Object, java.lang.Object, java.lang.Object, java.lang.Object, java.lang.Object, java.lang.Object, java.lang.Object, java.lang.Object)'> (0x0000000083cc5cb8) 
thrown [s\src\hotspot\share\interpreter\linkResolver.cpp, line 784]
Event: 5.139 Thread 0x00000176952395f0 Exception <a 'java/lang/NoSuchMethodError'{0x0000000083aca000}: 'int java.lang.invoke.DirectMethodHandle$Holder.invokeVirtual(java.lang.Object, java.lang.Object, java.lang.Object)'> (0x0000000083aca000) 
thrown [s\src\hotspot\share\interpreter\linkResolver.cpp, line 784]
Event: 5.198 Thread 0x00000176952395f0 Exception <a 'java/lang/NoSuchMethodError'{0x0000000083723ff0}: 'java.lang.Object java.lang.invoke.DirectMethodHandle$Holder.newInvokeSpecial(java.lang.Object, java.lang.Object, java.lang.Object, java.lang.Object, java.lang.Object, java.lang.Object)'> (0x0000000083723ff0) 
thrown [s\src\hotspot\share\interpreter\linkResolver.cpp, line 784]
Event: 5.204 Thread 0x00000176952395f0 Exception <a 'java/lang/NoSuchMethodError'{0x0000000083745f88}: 'void java.lang.invoke.DirectMethodHandle$Holder.invokeStaticInit(java.lang.Object, java.lang.Object)'> (0x0000000083745f88) 
thrown [s\src\hotspot\share\interpreter\linkResolver.cpp, line 784]
Event: 5.299 Thread 0x00000176952395f0 Exception <a 'java/lang/NoSuchMethodError'{0x00000000835d6818}: 'void java.lang.invoke.DelegatingMethodHandle$Holder.reinvoke_L(java.lang.Object, java.lang.Object, java.lang.Object, java.lang.Object, java.lang.Object, java.lang.Object, java.lang.Object, java.lang.Object, java.lang.Object, java.lang.Object)'> (0x00000000835d6818) 
thrown [s\src\hotspot\share\interpreter\linkResolver.cpp, line 784]
Event: 5.300 Thread 0x00000176952395f0 Exception <a 'java/lang/NoSuchMethodError'{0x00000000835de2f8}: 'java.lang.Object java.lang.invoke.Invokers$Holder.invoker(java.lang.Object, java.lang.Object, java.lang.Object, java.lang.Object, java.lang.Object, java.lang.Object, java.lang.Object, java.lang.Object, java.lang.Object, java.lang.Object)'> (0x00000000835de2f8) 
thrown [s\src\hotspot\share\interpreter\linkResolver.cpp, line 784]
Event: 5.418 Thread 0x00000176952395f0 Exception <a 'java/lang/NoSuchMethodError'{0x00000000831c5450}: 'void java.lang.invoke.DirectMethodHandle$Holder.invokeVirtual(java.lang.Object, java.lang.Object, java.lang.Object, java.lang.Object, java.lang.Object)'> (0x00000000831c5450) 
thrown [s\src\hotspot\share\interpreter\linkResolver.cpp, line 784]
Event: 5.471 Thread 0x00000176952395f0 Exception <a 'java/lang/NoSuchMethodError'{0x0000000082d6b8c8}: 'void java.lang.invoke.DirectMethodHandle$Holder.invokeInterface(java.lang.Object, java.lang.Object)'> (0x0000000082d6b8c8) 
thrown [s\src\hotspot\share\interpreter\linkResolver.cpp, line 784]
Event: 5.471 Thread 0x00000176952395f0 Exception <a 'java/lang/IncompatibleClassChangeError'{0x0000000082d6ee48}: Found class java.lang.Object, but interface was expected> (0x0000000082d6ee48) 
thrown [s\src\hotspot\share\interpreter\linkResolver.cpp, line 851]
Event: 5.498 Thread 0x00000176952395f0 Exception <a 'java/lang/NoSuchMethodError'{0x0000000082caa7c8}: 'java.lang.Object java.lang.invoke.DirectMethodHandle$Holder.newInvokeSpecial(java.lang.Object, java.lang.Object, int)'> (0x0000000082caa7c8) 
thrown [s\src\hotspot\share\interpreter\linkResolver.cpp, line 784]
Event: 5.518 Thread 0x00000176952395f0 Exception <a 'java/lang/NoSuchMethodError'{0x0000000082b23928}: 'java.lang.Object java.lang.invoke.DirectMethodHandle$Holder.invokeVirtual(java.lang.Object, java.lang.Object, java.lang.Object, java.lang.Object, java.lang.Object, java.lang.Object, java.lang.Object, java.lang.Object)'> (0x0000000082b23928) 
thrown [s\src\hotspot\share\interpreter\linkResolver.cpp, line 784]
Event: 5.671 Thread 0x00000176952395f0 Exception <a 'java/lang/NoSuchMethodError'{0x0000000082638990}: 'int java.lang.invoke.DirectMethodHandle$Holder.invokeSpecialIFC(java.lang.Object, java.lang.Object, java.lang.Object, java.lang.Object)'> (0x0000000082638990) 
thrown [s\src\hotspot\share\interpreter\linkResolver.cpp, line 784]
Event: 5.673 Thread 0x00000176952395f0 Exception <a 'java/lang/NoSuchMethodError'{0x00000000826461d8}: 'java.lang.Object java.lang.invoke.DirectMethodHandle$Holder.invokeInterface(java.lang.Object, java.lang.Object, java.lang.Object)'> (0x00000000826461d8) 
thrown [s\src\hotspot\share\interpreter\linkResolver.cpp, line 784]
Event: 5.674 Thread 0x00000176952395f0 Exception <a 'java/lang/IncompatibleClassChangeError'{0x0000000082649df0}: Found class java.lang.Object, but interface was expected> (0x0000000082649df0) 
thrown [s\src\hotspot\share\interpreter\linkResolver.cpp, line 851]
Event: 5.710 Thread 0x00000176952395f0 Implicit null exception at 0x0000017687af6b66 to 0x0000017687af6c06
Event: 5.735 Thread 0x00000176952395f0 Exception <a 'java/lang/NoSuchMethodError'{0x000000008243fac0}: 'int java.lang.invoke.DirectMethodHandle$Holder.invokeStatic(java.lang.Object, java.lang.Object, java.lang.Object, java.lang.Object)'> (0x000000008243fac0) 
thrown [s\src\hotspot\share\interpreter\linkResolver.cpp, line 784]

ZGC Phase Switch (0 events):
No events

VM Operations (20 events):
Event: 4.209 Executing VM operation: HandshakeAllThreads (Deoptimize)
Event: 4.209 Executing VM operation: HandshakeAllThreads (Deoptimize) done
Event: 4.218 Executing VM operation: G1CollectForAllocation (G1 Evacuation Pause)
Event: 4.225 Executing VM operation: G1CollectForAllocation (G1 Evacuation Pause) done
Event: 4.268 Executing VM operation: HandshakeAllThreads (Deoptimize)
Event: 4.268 Executing VM operation: HandshakeAllThreads (Deoptimize) done
Event: 4.356 Executing VM operation: HandshakeAllThreads (Deoptimize)
Event: 4.356 Executing VM operation: HandshakeAllThreads (Deoptimize) done
Event: 4.588 Executing VM operation: HandshakeAllThreads (Deoptimize)
Event: 4.588 Executing VM operation: HandshakeAllThreads (Deoptimize) done
Event: 4.714 Executing VM operation: HandshakeAllThreads (Deoptimize)
Event: 4.714 Executing VM operation: HandshakeAllThreads (Deoptimize) done
Event: 4.960 Executing VM operation: CollectForMetadataAllocation (Metadata GC Threshold)
Event: 4.969 Executing VM operation: CollectForMetadataAllocation (Metadata GC Threshold) done
Event: 4.986 Executing VM operation: G1PauseRemark
Event: 4.990 Executing VM operation: G1PauseRemark done
Event: 4.998 Executing VM operation: G1PauseCleanup
Event: 4.998 Executing VM operation: G1PauseCleanup done
Event: 5.496 Executing VM operation: HandshakeAllThreads (Deoptimize)
Event: 5.496 Executing VM operation: HandshakeAllThreads (Deoptimize) done

Memory protections (0 events):
No events

Nmethod flushes (0 events):
No events

Events (20 events):
Event: 0.611 Thread 0x00000176f3221290 Thread added: 0x0000017693179a30
Event: 1.163 Loaded shared library C:\Program Files\Android\Android Studio2\jbr\bin\jimage.dll
Event: 1.857 Loaded shared library C:\Users\DELL\.gradle\native\c067742578af261105cb4f569cf0c3c89f3d7b1fecec35dd04571415982c5e48\windows-amd64\native-platform.dll
Event: 1.893 Loaded shared library C:\Users\DELL\.gradle\native\100fb08df4bc3b14c8652ba06237920a3bd2aa13389f12d3474272988ae205f9\windows-amd64\native-platform-file-events.dll
Event: 4.035 Loaded shared library C:\Program Files\Android\Android Studio2\jbr\bin\management.dll
Event: 4.046 Loaded shared library C:\Program Files\Android\Android Studio2\jbr\bin\management_ext.dll
Event: 4.109 Thread 0x00000176f3221290 Thread added: 0x00000176931793a0
Event: 4.465 Loaded shared library C:\Program Files\Android\Android Studio2\jbr\bin\extnet.dll
Event: 4.543 Thread 0x00000176f3221290 Thread added: 0x000001769317a0c0
Event: 4.663 Thread 0x00000176f3221290 Thread added: 0x000001769317a750
Event: 4.785 Thread 0x000001769317a0c0 Thread added: 0x0000017693178d10
Event: 4.789 Thread 0x0000017693178d10 Thread added: 0x000001769523a9a0
Event: 4.836 Thread 0x0000017693178d10 Thread added: 0x000001769523a310
Event: 4.849 Thread 0x0000017693178d10 Thread added: 0x00000176952395f0
Event: 4.862 Thread 0x00000176952395f0 Thread added: 0x000001769523bd50
Event: 4.867 Thread 0x00000176952395f0 Thread added: 0x000001769523d790
Event: 4.870 Thread 0x00000176952395f0 Thread added: 0x000001769523b6c0
Event: 5.497 Thread 0x00000176952395f0 Thread added: 0x000001769523c3e0
Event: 5.512 Thread 0x00000176952395f0 Thread added: 0x000001769523ca70
Event: 5.551 Thread 0x00000176952395f0 Thread added: 0x000001769523d100


Dynamic libraries:
0x00007ff74eac0000 - 0x00007ff74eaca000 	C:\Program Files\Android\Android Studio2\jbr\bin\java.exe
0x00007ff99be30000 - 0x00007ff99c028000 	C:\Windows\SYSTEM32\ntdll.dll
0x00007ff99a460000 - 0x00007ff99a522000 	C:\Windows\System32\KERNEL32.DLL
0x00007ff999a80000 - 0x00007ff999d7e000 	C:\Windows\System32\KERNELBASE.dll
0x00007ff999610000 - 0x00007ff999710000 	C:\Windows\System32\ucrtbase.dll
0x00007ff996390000 - 0x00007ff9963ab000 	C:\Program Files\Android\Android Studio2\jbr\bin\VCRUNTIME140.dll
0x00007ff9960a0000 - 0x00007ff9960b8000 	C:\Program Files\Android\Android Studio2\jbr\bin\jli.dll
0x00007ff999f00000 - 0x00007ff99a09d000 	C:\Windows\System32\USER32.dll
0x00007ff999e20000 - 0x00007ff999e42000 	C:\Windows\System32\win32u.dll
0x00007ff99af50000 - 0x00007ff99af7b000 	C:\Windows\System32\GDI32.dll
0x00007ff9998f0000 - 0x00007ff999a07000 	C:\Windows\System32\gdi32full.dll
0x00007ff999d80000 - 0x00007ff999e1d000 	C:\Windows\System32\msvcp_win.dll
0x00007ff98a980000 - 0x00007ff98ac1a000 	C:\Windows\WinSxS\amd64_microsoft.windows.common-controls_6595b64144ccf1df_6.0.19041.4355_none_60b8b9eb71f62e16\COMCTL32.dll
0x00007ff99b400000 - 0x00007ff99b49e000 	C:\Windows\System32\msvcrt.dll
0x00007ff99b650000 - 0x00007ff99b67f000 	C:\Windows\System32\IMM32.DLL
0x00007ff996380000 - 0x00007ff99638c000 	C:\Program Files\Android\Android Studio2\jbr\bin\vcruntime140_1.dll
0x00007ff992a00000 - 0x00007ff992a8d000 	C:\Program Files\Android\Android Studio2\jbr\bin\msvcp140.dll
0x00007ff969630000 - 0x00007ff96a2b3000 	C:\Program Files\Android\Android Studio2\jbr\bin\server\jvm.dll
0x00007ff99a720000 - 0x00007ff99a7d1000 	C:\Windows\System32\ADVAPI32.dll
0x00007ff99a680000 - 0x00007ff99a71f000 	C:\Windows\System32\sechost.dll
0x00007ff99a530000 - 0x00007ff99a653000 	C:\Windows\System32\RPCRT4.dll
0x00007ff999760000 - 0x00007ff999787000 	C:\Windows\System32\bcrypt.dll
0x00007ff99bcd0000 - 0x00007ff99bd3b000 	C:\Windows\System32\WS2_32.dll
0x00007ff98a030000 - 0x00007ff98a03a000 	C:\Windows\SYSTEM32\VERSION.dll
0x00007ff98eb70000 - 0x00007ff98eb97000 	C:\Windows\SYSTEM32\WINMM.dll
0x00007ff999330000 - 0x00007ff99937b000 	C:\Windows\SYSTEM32\POWRPROF.dll
0x00007ff999310000 - 0x00007ff999322000 	C:\Windows\SYSTEM32\UMPDC.dll
0x00007ff997d40000 - 0x00007ff997d52000 	C:\Windows\SYSTEM32\kernel.appcore.dll
0x00007ff9936f0000 - 0x00007ff9936fa000 	C:\Program Files\Android\Android Studio2\jbr\bin\jimage.dll
0x00007ff9979f0000 - 0x00007ff997bd4000 	C:\Windows\SYSTEM32\DBGHELP.DLL
0x00007ff9925c0000 - 0x00007ff9925f4000 	C:\Windows\SYSTEM32\dbgcore.DLL
0x00007ff9994d0000 - 0x00007ff999552000 	C:\Windows\System32\bcryptPrimitives.dll
0x00007ff9960e0000 - 0x00007ff9960ee000 	C:\Program Files\Android\Android Studio2\jbr\bin\instrument.dll
0x00007ff990360000 - 0x00007ff990380000 	C:\Program Files\Android\Android Studio2\jbr\bin\java.dll
0x00007ff9902e0000 - 0x00007ff9902f8000 	C:\Program Files\Android\Android Studio2\jbr\bin\zip.dll
0x00007ff99a7e0000 - 0x00007ff99af4d000 	C:\Windows\System32\SHELL32.dll
0x00007ff997240000 - 0x00007ff9979e4000 	C:\Windows\SYSTEM32\windows.storage.dll
0x00007ff99a0a0000 - 0x00007ff99a3f3000 	C:\Windows\System32\combase.dll
0x00007ff998e30000 - 0x00007ff998e5e000 	C:\Windows\SYSTEM32\Wldp.dll
0x00007ff99b860000 - 0x00007ff99b92d000 	C:\Windows\System32\OLEAUT32.dll
0x00007ff999e50000 - 0x00007ff999efd000 	C:\Windows\System32\SHCORE.dll
0x00007ff99b930000 - 0x00007ff99b985000 	C:\Windows\System32\shlwapi.dll
0x00007ff999400000 - 0x00007ff999424000 	C:\Windows\SYSTEM32\profapi.dll
0x00007ff990350000 - 0x00007ff990360000 	C:\Program Files\Android\Android Studio2\jbr\bin\net.dll
0x00007ff9916b0000 - 0x00007ff9917bd000 	C:\Windows\SYSTEM32\WINHTTP.dll
0x00007ff998b90000 - 0x00007ff998bfa000 	C:\Windows\system32\mswsock.dll
0x00007ff98fc00000 - 0x00007ff98fc16000 	C:\Program Files\Android\Android Studio2\jbr\bin\nio.dll
0x00007ff992be0000 - 0x00007ff992bf0000 	C:\Program Files\Android\Android Studio2\jbr\bin\verify.dll
0x00007ff990950000 - 0x00007ff990977000 	C:\Users\DELL\.gradle\native\c067742578af261105cb4f569cf0c3c89f3d7b1fecec35dd04571415982c5e48\windows-amd64\native-platform.dll
0x00007ff967f10000 - 0x00007ff968054000 	C:\Users\DELL\.gradle\native\100fb08df4bc3b14c8652ba06237920a3bd2aa13389f12d3474272988ae205f9\windows-amd64\native-platform-file-events.dll
0x00007ff98fbd0000 - 0x00007ff98fbd9000 	C:\Program Files\Android\Android Studio2\jbr\bin\management.dll
0x00007ff98fbc0000 - 0x00007ff98fbcb000 	C:\Program Files\Android\Android Studio2\jbr\bin\management_ext.dll
0x00007ff99a660000 - 0x00007ff99a668000 	C:\Windows\System32\PSAPI.DLL
0x00007ff998d90000 - 0x00007ff998da8000 	C:\Windows\SYSTEM32\CRYPTSP.dll
0x00007ff9984b0000 - 0x00007ff9984e4000 	C:\Windows\system32\rsaenh.dll
0x00007ff999380000 - 0x00007ff9993ae000 	C:\Windows\SYSTEM32\USERENV.dll
0x00007ff998d80000 - 0x00007ff998d8c000 	C:\Windows\SYSTEM32\CRYPTBASE.dll
0x00007ff998870000 - 0x00007ff9988ab000 	C:\Windows\SYSTEM32\IPHLPAPI.DLL
0x00007ff99af80000 - 0x00007ff99af88000 	C:\Windows\System32\NSI.dll
0x00007ff98fbe0000 - 0x00007ff98fbe9000 	C:\Program Files\Android\Android Studio2\jbr\bin\extnet.dll
0x00007ff98fbf0000 - 0x00007ff98fbf7000 	C:\Windows\system32\wshunix.dll

dbghelp: loaded successfully - version: 4.0.5 - missing functions: none
symbol engine: initialized successfully - sym options: 0x614 - pdb path: .;C:\Program Files\Android\Android Studio2\jbr\bin;C:\Windows\SYSTEM32;C:\Windows\WinSxS\amd64_microsoft.windows.common-controls_6595b64144ccf1df_6.0.19041.4355_none_60b8b9eb71f62e16;C:\Program Files\Android\Android Studio2\jbr\bin\server;C:\Users\DELL\.gradle\native\c067742578af261105cb4f569cf0c3c89f3d7b1fecec35dd04571415982c5e48\windows-amd64;C:\Users\DELL\.gradle\native\100fb08df4bc3b14c8652ba06237920a3bd2aa13389f12d3474272988ae205f9\windows-amd64

VM Arguments:
jvm_args: --add-opens=java.base/java.util=ALL-UNNAMED --add-opens=java.base/java.lang=ALL-UNNAMED --add-opens=java.base/java.lang.invoke=ALL-UNNAMED --add-opens=java.prefs/java.util.prefs=ALL-UNNAMED --add-exports=jdk.compiler/com.sun.tools.javac.api=ALL-UNNAMED --add-exports=jdk.compiler/com.sun.tools.javac.util=ALL-UNNAMED --add-opens=java.base/java.nio.charset=ALL-UNNAMED --add-opens=java.base/java.net=ALL-UNNAMED --add-opens=java.base/java.util.concurrent.atomic=ALL-UNNAMED -Xmx2048m -Dfile.encoding=UTF-8 -Duser.country=US -Duser.language=en -Duser.variant -javaagent:C:\Users\DELL\.gradle\wrapper\dists\gradle-8.10.2-bin\a04bxjujx95o3nb99gddekhwo\gradle-8.10.2\lib\agents\gradle-instrumentation-agent-8.10.2.jar 
java_command: org.gradle.launcher.daemon.bootstrap.GradleDaemon 8.10.2
java_class_path (initial): C:\Users\DELL\.gradle\wrapper\dists\gradle-8.10.2-bin\a04bxjujx95o3nb99gddekhwo\gradle-8.10.2\lib\gradle-daemon-main-8.10.2.jar
Launcher Type: SUN_STANDARD

[Global flags]
     intx CICompilerCount                          = 3                                         {product} {ergonomic}
     uint ConcGCThreads                            = 1                                         {product} {ergonomic}
     uint G1ConcRefinementThreads                  = 4                                         {product} {ergonomic}
   size_t G1HeapRegionSize                         = 1048576                                   {product} {ergonomic}
    uintx GCDrainStackTargetSize                   = 64                                        {product} {ergonomic}
   size_t InitialHeapSize                          = 67108864                                  {product} {ergonomic}
   size_t MarkStackSize                            = 4194304                                   {product} {ergonomic}
   size_t MaxHeapSize                              = 2147483648                                {product} {command line}
   size_t MaxNewSize                               = 1287651328                                {product} {ergonomic}
   size_t MinHeapDeltaBytes                        = 1048576                                   {product} {ergonomic}
   size_t MinHeapSize                              = 8388608                                   {product} {ergonomic}
    uintx NonNMethodCodeHeapSize                   = 5832780                                {pd product} {ergonomic}
    uintx NonProfiledCodeHeapSize                  = 122912730                              {pd product} {ergonomic}
    uintx ProfiledCodeHeapSize                     = 122912730                              {pd product} {ergonomic}
    uintx ReservedCodeCacheSize                    = 251658240                              {pd product} {ergonomic}
     bool SegmentedCodeCache                       = true                                      {product} {ergonomic}
   size_t SoftMaxHeapSize                          = 2147483648                             {manageable} {ergonomic}
     bool UseCompressedOops                        = true                           {product lp64_product} {ergonomic}
     bool UseG1GC                                  = true                                      {product} {ergonomic}
     bool UseLargePagesIndividualAllocation        = false                                  {pd product} {ergonomic}

Logging:
Log output configuration:
 #0: stdout all=warning uptime,level,tags foldmultilines=false
 #1: stderr all=off uptime,level,tags foldmultilines=false

Environment Variables:
PATH=C:\Windows\system32;C:\Windows;C:\Windows\System32\Wbem;C:\Windows\System32\WindowsPowerShell\v1.0\;C:\Windows\System32\OpenSSH\;C:\Users\DELL\AppData\Local\Microsoft\WindowsApps
USERNAME=DELL
OS=Windows_NT
PROCESSOR_IDENTIFIER=Intel64 Family 6 Model 61 Stepping 4, GenuineIntel
TMP=C:\Users\DELL\AppData\Local\Temp
TEMP=C:\Users\DELL\AppData\Local\Temp




Periodic native trim disabled

JNI global refs:
JNI global refs: 22, weak refs: 0

JNI global refs memory usage: 835, weak refs: 201

Process memory usage:
Resident Set Size: 164000K (4% of 4063536K total physical memory with 82608K free physical memory)

OOME stack traces (most recent first):
Classloader memory used:
Loader bootstrap                                                                       : 16106K
Loader org.gradle.internal.classloader.VisitableURLClassLoader                         : 9552K
Loader org.gradle.initialization.MixInLegacyTypesClassLoader                           : 756K
Loader jdk.internal.loader.ClassLoaders$AppClassLoader                                 : 234K
Loader jdk.internal.loader.ClassLoaders$PlatformClassLoader                            : 114K

Classes loaded by more than one classloader:
Class org.gradle.internal.classloader.FilteringClassLoader                            : loaded 2 times (x 101B)
Class org.gradle.internal.classloader.ClassLoaderHierarchy                            : loaded 2 times (x 66B)
Class org.gradle.api.internal.classpath.ManifestUtil                                  : loaded 2 times (x 67B)
Class org.gradle.internal.classloader.DefaultClassLoaderFactory                       : loaded 2 times (x 78B)
Class org.gradle.internal.classloader.ClassLoaderVisitor                              : loaded 2 times (x 72B)
Class org.gradle.api.internal.classpath.EffectiveClassPath                            : loaded 2 times (x 86B)
Class org.gradle.api.internal.DefaultClassPathProvider                                : loaded 2 times (x 72B)
Class [Lorg.gradle.api.internal.ClassPathProvider;                                    : loaded 2 times (x 65B)
Class org.gradle.api.internal.ClassPathProvider                                       : loaded 2 times (x 66B)
Class org.gradle.internal.service.UnknownServiceException                             : loaded 2 times (x 79B)
Class org.gradle.internal.classpath.TransformedClassPath                              : loaded 2 times (x 92B)
Class org.gradle.internal.classloader.InstrumentingClassLoader                        : loaded 2 times (x 66B)
Class org.gradle.internal.service.ServiceLocator                                      : loaded 2 times (x 66B)
Class org.gradle.internal.InternalTransformer                                         : loaded 2 times (x 66B)
Class org.gradle.internal.classloader.ClasspathUtil$1                                 : loaded 2 times (x 72B)
Class org.gradle.api.internal.classpath.DefaultModuleRegistry$DefaultModule           : loaded 2 times (x 82B)
Class org.gradle.api.internal.classpath.Module                                        : loaded 2 times (x 66B)
Class org.gradle.api.internal.classpath.UnknownModuleException                        : loaded 2 times (x 78B)
Class org.gradle.api.internal.DefaultClassPathRegistry                                : loaded 2 times (x 72B)
Class org.gradle.api.internal.ClassPathRegistry                                       : loaded 2 times (x 66B)
Class org.gradle.internal.classpath.DefaultClassPath$ImmutableUniqueList              : loaded 2 times (x 195B)
Class org.gradle.internal.classpath.ClassPath                                         : loaded 2 times (x 66B)
Class org.gradle.api.UncheckedIOException                                             : loaded 2 times (x 78B)
Class org.gradle.internal.installation.GradleInstallation$1                           : loaded 2 times (x 71B)
Class org.gradle.api.internal.classpath.ModuleRegistry                                : loaded 2 times (x 66B)
Class org.gradle.api.internal.classpath.DefaultModuleRegistry                         : loaded 2 times (x 82B)
Class org.gradle.internal.service.ServiceLookupException                              : loaded 2 times (x 78B)
Class org.gradle.internal.classloader.ClassLoaderFactory                              : loaded 2 times (x 66B)
Class org.gradle.internal.service.CachingServiceLocator                               : loaded 2 times (x 78B)
Class org.gradle.internal.classloader.ClasspathUtil                                   : loaded 2 times (x 67B)
Class org.gradle.api.specs.Spec                                                       : loaded 2 times (x 66B)
Class org.gradle.internal.classloader.VisitableURLClassLoader$InstrumentingVisitableURLClassLoader: loaded 2 times (x 119B)
Class org.gradle.internal.classloader.VisitableURLClassLoader$Spec                    : loaded 2 times (x 70B)
Class org.gradle.internal.classpath.DefaultClassPath                                  : loaded 2 times (x 86B)
Class org.gradle.internal.classloader.ClassLoaderSpec                                 : loaded 2 times (x 67B)
Class org.gradle.internal.classloader.VisitableURLClassLoader                         : loaded 2 times (x 113B)
Class org.gradle.internal.Cast                                                        : loaded 2 times (x 67B)
Class org.gradle.api.Action                                                           : loaded 2 times (x 66B)
Class org.gradle.internal.classpath.DefaultClassPath$ImmutableUniqueList$Builder      : loaded 2 times (x 71B)
Class org.gradle.api.GradleException                                                  : loaded 2 times (x 78B)
Class org.gradle.internal.IoActions                                                   : loaded 2 times (x 67B)
Class org.gradle.internal.classloader.SystemClassLoaderSpec                           : loaded 2 times (x 67B)
Class org.gradle.api.internal.classpath.GlobalCacheRootsProvider                      : loaded 2 times (x 66B)
Class org.gradle.internal.installation.CurrentGradleInstallationLocator               : loaded 2 times (x 67B)
Class org.gradle.internal.service.DefaultServiceLocator                               : loaded 2 times (x 79B)
Class org.gradle.internal.installation.CurrentGradleInstallation                      : loaded 2 times (x 69B)
Class org.gradle.util.internal.GUtil                                                  : loaded 2 times (x 67B)
Class org.gradle.internal.installation.GradleInstallation                             : loaded 2 times (x 71B)

---------------  S Y S T E M  ---------------

OS:
 Windows 10 , 64 bit Build 19041 (10.0.19041.5198)
OS uptime: 0 days 5:53 hours

CPU: total 4 (initial active 4) (2 cores per cpu, 2 threads per core) family 6 model 61 stepping 4 microcode 0x2d, cx8, cmov, fxsr, ht, mmx, 3dnowpref, sse, sse2, sse3, ssse3, sse4.1, sse4.2, popcnt, lzcnt, tsc, tscinvbit, avx, avx2, aes, erms, clmul, bmi1, bmi2, rtm, adx, fma, vzeroupper, clflush, rdtscp, f16c
Processor Information for all 4 processors :
  Max Mhz: 2301, Current Mhz: 2301, Mhz Limit: 2301

Memory: 4k page, system-wide physical 3968M (80M free)
TotalPageFile size 8968M (AvailPageFile size 6M)
current process WorkingSet (physical memory assigned to process): 160M, peak: 160M
current process commit charge ("private bytes"): 197M, peak: 199M

vm_info: OpenJDK 64-Bit Server VM (21.0.4+-12508038-b607.1) for windows-amd64 JRE (21.0.4+-12508038-b607.1), built on 2024-10-16T17:23:34Z by "builder" with MS VC++ 16.10 / 16.11 (VS2019)

END.
