#
# There is insufficient memory for the Java Runtime Environment to continue.
# Native memory allocation (malloc) failed to allocate 1906096 bytes. Error detail: Chunk::new
# Possible reasons:
#   The system is out of physical RAM or swap space
#   This process is running with CompressedOops enabled, and the Java Heap may be blocking the growth of the native heap
# Possible solutions:
#   Reduce memory load on the system
#   Increase physical memory or swap space
#   Check if swap backing store is full
#   Decrease Java heap size (-Xmx/-Xms)
#   Decrease number of Java threads
#   Decrease Java thread stack sizes (-Xss)
#   Set larger code cache with -XX:ReservedCodeCacheSize=
#   JVM is running with Unscaled Compressed Oops mode in which the Java heap is
#     placed in the first 4GB address space. The Java Heap base address is the
#     maximum limit for the native heap growth. Please use -XX:HeapBaseMinAddress
#     to set the Java Heap base and to place the Java Heap above 4GB virtual address.
# This output file may be truncated or incomplete.
#
#  Out of Memory Error (arena.cpp:168), pid=9456, tid=9840
#
# JRE version: OpenJDK Runtime Environment (21.0.4) (build 21.0.4+-12508038-b607.1)
# Java VM: OpenJDK 64-Bit Server VM (21.0.4+-12508038-b607.1, mixed mode, tiered, compressed oops, compressed class ptrs, g1 gc, windows-amd64)
# No core dump will be written. Minidumps are not enabled by default on client versions of Windows
#

---------------  S U M M A R Y ------------

Command Line: --add-opens=java.base/java.util=ALL-UNNAMED --add-opens=java.base/java.lang=ALL-UNNAMED --add-opens=java.base/java.lang.invoke=ALL-UNNAMED --add-opens=java.prefs/java.util.prefs=ALL-UNNAMED --add-exports=jdk.compiler/com.sun.tools.javac.api=ALL-UNNAMED --add-exports=jdk.compiler/com.sun.tools.javac.util=ALL-UNNAMED --add-opens=java.base/java.nio.charset=ALL-UNNAMED --add-opens=java.base/java.net=ALL-UNNAMED --add-opens=java.base/java.util.concurrent.atomic=ALL-UNNAMED -Xmx2048m -Dfile.encoding=UTF-8 -Duser.country=US -Duser.language=en -Duser.variant -javaagent:C:\Users\DELL\.gradle\wrapper\dists\gradle-8.10.2-bin\a04bxjujx95o3nb99gddekhwo\gradle-8.10.2\lib\agents\gradle-instrumentation-agent-8.10.2.jar org.gradle.launcher.daemon.bootstrap.GradleDaemon 8.10.2

Host: Intel(R) Core(TM) i5-5300U CPU @ 2.30GHz, 4 cores, 3G,  Windows 10 , 64 bit Build 19041 (10.0.19041.5198)
Time: Wed Jan 15 18:04:10 2025 Bangladesh Standard Time elapsed time: 8.226795 seconds (0d 0h 0m 8s)

---------------  T H R E A D  ---------------

Current thread (0x0000012cfc4b3af0):  JavaThread "C2 CompilerThread0" daemon [_thread_in_native, id=9840, stack(0x0000002103c00000,0x0000002103d00000) (1024K)]


Current CompileTask:
C2:   8226 2646   !   4       java.lang.ClassLoader::loadClass (121 bytes)

Stack: [0x0000002103c00000,0x0000002103d00000]
Native frames: (J=compiled Java code, j=interpreted, Vv=VM code, C=native code)
V  [jvm.dll+0x6ce539]
V  [jvm.dll+0x85bf03]
V  [jvm.dll+0x85e45e]
V  [jvm.dll+0x85eb43]
V  [jvm.dll+0x27dd06]
V  [jvm.dll+0xbf9cd]
V  [jvm.dll+0xbff03]
V  [jvm.dll+0x3b4deb]
V  [jvm.dll+0x1de1f2]
V  [jvm.dll+0x247544]
V  [jvm.dll+0x2469c1]
V  [jvm.dll+0x1c58a4]
V  [jvm.dll+0x255fec]
V  [jvm.dll+0x254536]
V  [jvm.dll+0x3efab6]
V  [jvm.dll+0x804418]
V  [jvm.dll+0x6cce0d]
C  [ucrtbase.dll+0x21bb2]
C  [KERNEL32.DLL+0x17374]
C  [ntdll.dll+0x4cc91]


---------------  P R O C E S S  ---------------

Threads class SMR info:
_java_thread_list=0x0000012cfe4ed930, length=24, elements={
0x0000012cf22c1490, 0x0000012cfc24e540, 0x0000012cfc4c8550, 0x0000012cfc26d330,
0x0000012cfc26dd90, 0x0000012cfc26e7f0, 0x0000012cfc4cb3b0, 0x0000012cfc4b3af0,
0x0000012cfc4f5fe0, 0x0000012cfc56dbe0, 0x0000012cfc7c8250, 0x0000012cfd78e900,
0x0000012cfd6b27b0, 0x0000012cfd262780, 0x0000012cfd74e7a0, 0x0000012cfd78b750,
0x0000012cfd7f36a0, 0x0000012cfd7f2980, 0x0000012cfd7f3010, 0x0000012cfd7f22f0,
0x0000012cfe10b190, 0x0000012cfe106ff0, 0x0000012cfe1055b0, 0x0000012cfe1090c0
}

Java Threads: ( => current thread )
  0x0000012cf22c1490 JavaThread "main"                              [_thread_blocked, id=7176, stack(0x0000002102e00000,0x0000002102f00000) (1024K)]
  0x0000012cfc24e540 JavaThread "Reference Handler"          daemon [_thread_blocked, id=10192, stack(0x0000002103600000,0x0000002103700000) (1024K)]
  0x0000012cfc4c8550 JavaThread "Finalizer"                  daemon [_thread_blocked, id=4276, stack(0x0000002103700000,0x0000002103800000) (1024K)]
  0x0000012cfc26d330 JavaThread "Signal Dispatcher"          daemon [_thread_blocked, id=9404, stack(0x0000002103800000,0x0000002103900000) (1024K)]
  0x0000012cfc26dd90 JavaThread "Attach Listener"            daemon [_thread_blocked, id=2144, stack(0x0000002103900000,0x0000002103a00000) (1024K)]
  0x0000012cfc26e7f0 JavaThread "Service Thread"             daemon [_thread_blocked, id=6844, stack(0x0000002103a00000,0x0000002103b00000) (1024K)]
  0x0000012cfc4cb3b0 JavaThread "Monitor Deflation Thread"   daemon [_thread_blocked, id=1424, stack(0x0000002103b00000,0x0000002103c00000) (1024K)]
=>0x0000012cfc4b3af0 JavaThread "C2 CompilerThread0"         daemon [_thread_in_native, id=9840, stack(0x0000002103c00000,0x0000002103d00000) (1024K)]
  0x0000012cfc4f5fe0 JavaThread "C1 CompilerThread0"         daemon [_thread_blocked, id=4880, stack(0x0000002103d00000,0x0000002103e00000) (1024K)]
  0x0000012cfc56dbe0 JavaThread "Common-Cleaner"             daemon [_thread_blocked, id=632, stack(0x0000002103e00000,0x0000002103f00000) (1024K)]
  0x0000012cfc7c8250 JavaThread "Notification Thread"        daemon [_thread_blocked, id=7904, stack(0x0000002103f00000,0x0000002104000000) (1024K)]
  0x0000012cfd78e900 JavaThread "Daemon health stats"               [_thread_blocked, id=9336, stack(0x0000002104300000,0x0000002104400000) (1024K)]
  0x0000012cfd6b27b0 JavaThread "Incoming local TCP Connector on port 57179"        [_thread_in_native, id=8532, stack(0x0000002104400000,0x0000002104500000) (1024K)]
  0x0000012cfd262780 JavaThread "Daemon periodic checks"            [_thread_blocked, id=9592, stack(0x0000002104500000,0x0000002104600000) (1024K)]
  0x0000012cfd74e7a0 JavaThread "Daemon"                            [_thread_blocked, id=9104, stack(0x0000002104600000,0x0000002104700000) (1024K)]
  0x0000012cfd78b750 JavaThread "Handler for socket connection from /127.0.0.1:57179 to /127.0.0.1:57180"        [_thread_in_native, id=9856, stack(0x0000002104700000,0x0000002104800000) (1024K)]
  0x0000012cfd7f36a0 JavaThread "Cancel handler"                    [_thread_blocked, id=9200, stack(0x0000002104800000,0x0000002104900000) (1024K)]
  0x0000012cfd7f2980 JavaThread "Daemon worker"                     [_thread_in_native, id=536, stack(0x0000002104900000,0x0000002104a00000) (1024K)]
  0x0000012cfd7f3010 JavaThread "Asynchronous log dispatcher for DefaultDaemonConnection: socket connection from /127.0.0.1:57179 to /127.0.0.1:57180"        [_thread_blocked, id=10120, stack(0x0000002104a00000,0x0000002104b00000) (1024K)]
  0x0000012cfd7f22f0 JavaThread "Stdin handler"                     [_thread_blocked, id=248, stack(0x0000002104b00000,0x0000002104c00000) (1024K)]
  0x0000012cfe10b190 JavaThread "Daemon client event forwarder"        [_thread_blocked, id=7552, stack(0x0000002104c00000,0x0000002104d00000) (1024K)]
  0x0000012cfe106ff0 JavaThread "Cache worker for journal cache (C:\Users\DELL\.gradle\caches\journal-1)"        [_thread_blocked, id=4976, stack(0x0000002104d00000,0x0000002104e00000) (1024K)]
  0x0000012cfe1055b0 JavaThread "File lock request listener"        [_thread_in_native, id=6392, stack(0x0000002104e00000,0x0000002104f00000) (1024K)]
  0x0000012cfe1090c0 JavaThread "Cache worker for file hash cache (C:\Users\DELL\.gradle\caches\8.10.2\fileHashes)"        [_thread_blocked, id=6416, stack(0x0000002104f00000,0x0000002105000000) (1024K)]
Total: 24

Other Threads:
  0x0000012cfc223d20 VMThread "VM Thread"                           [id=8196, stack(0x0000002103500000,0x0000002103600000) (1024K)]
  0x0000012cfc192dc0 WatcherThread "VM Periodic Task Thread"        [id=3240, stack(0x0000002103400000,0x0000002103500000) (1024K)]
  0x0000012cf24e25c0 WorkerThread "GC Thread#0"                     [id=472, stack(0x0000002102f00000,0x0000002103000000) (1024K)]
  0x0000012cfc8d1120 WorkerThread "GC Thread#1"                     [id=4596, stack(0x0000002104000000,0x0000002104100000) (1024K)]
  0x0000012cfc8d6910 WorkerThread "GC Thread#2"                     [id=7544, stack(0x0000002104100000,0x0000002104200000) (1024K)]
  0x0000012cfd3a82f0 WorkerThread "GC Thread#3"                     [id=7444, stack(0x0000002104200000,0x0000002104300000) (1024K)]
  0x0000012cf24f51d0 ConcurrentGCThread "G1 Main Marker"            [id=8644, stack(0x0000002103000000,0x0000002103100000) (1024K)]
  0x0000012cf24f5be0 WorkerThread "G1 Conc#0"                       [id=6500, stack(0x0000002103100000,0x0000002103200000) (1024K)]
  0x0000012cf2552290 ConcurrentGCThread "G1 Refine#0"               [id=6336, stack(0x0000002103200000,0x0000002103300000) (1024K)]
  0x0000012cf2552d10 ConcurrentGCThread "G1 Service"                [id=5600, stack(0x0000002103300000,0x0000002103400000) (1024K)]
Total: 10

Threads with active compile tasks:
C2 CompilerThread0     8383 2646   !   4       java.lang.ClassLoader::loadClass (121 bytes)
Total: 1

VM state: not at safepoint (normal execution)

VM Mutex/Monitor currently owned by a thread: None

Heap address: 0x0000000080000000, size: 2048 MB, Compressed Oops mode: 32-bit

CDS archive(s) not mapped
Compressed class space mapped at: 0x0000000100000000-0x0000000140000000, reserved size: 1073741824
Narrow klass base: 0x0000000000000000, Narrow klass shift: 3, Narrow klass range: 0x140000000

GC Precious Log:
 CardTable entry size: 512
 Card Set container configuration: InlinePtr #cards 5 size 8 Array Of Cards #cards 12 size 40 Howl #buckets 4 coarsen threshold 1843 Howl Bitmap #cards 512 size 80 coarsen threshold 460 Card regions per heap region 1 cards per card region 2048
 CPUs: 4 total, 4 available
 Memory: 3968M
 Large Page Support: Disabled
 NUMA Support: Disabled
 Compressed Oops: Enabled (32-bit)
 Heap Region Size: 1M
 Heap Min Capacity: 8M
 Heap Initial Capacity: 64M
 Heap Max Capacity: 2G
 Pre-touch: Disabled
 Parallel Workers: 4
 Concurrent Workers: 1
 Concurrent Refinement Workers: 4
 Periodic GC: Disabled

Heap:
 garbage-first heap   total 65536K, used 25872K [0x0000000080000000, 0x0000000100000000)
  region size 1024K, 8 young (8192K), 4 survivors (4096K)
 Metaspace       used 27186K, committed 27712K, reserved 1114112K
  class space    used 3370K, committed 3648K, reserved 1048576K

Heap Regions: E=young(eden), S=young(survivor), O=old, HS=humongous(starts), HC=humongous(continues), CS=collection set, F=free, TAMS=top-at-mark-start, PB=parsable bottom
|   0|0x0000000080000000, 0x0000000080100000, 0x0000000080100000|100%|HS|  |TAMS 0x0000000080000000| PB 0x0000000080000000| Complete 
|   1|0x0000000080100000, 0x0000000080200000, 0x0000000080200000|100%|HC|  |TAMS 0x0000000080100000| PB 0x0000000080100000| Complete 
|   2|0x0000000080200000, 0x0000000080300000, 0x0000000080300000|100%|HC|  |TAMS 0x0000000080200000| PB 0x0000000080200000| Complete 
|   3|0x0000000080300000, 0x0000000080400000, 0x0000000080400000|100%|HC|  |TAMS 0x0000000080300000| PB 0x0000000080300000| Complete 
|   4|0x0000000080400000, 0x0000000080500000, 0x0000000080500000|100%| O|  |TAMS 0x0000000080400000| PB 0x0000000080400000| Untracked 
|   5|0x0000000080500000, 0x0000000080600000, 0x0000000080600000|100%| O|  |TAMS 0x0000000080500000| PB 0x0000000080500000| Untracked 
|   6|0x0000000080600000, 0x0000000080700000, 0x0000000080700000|100%| O|  |TAMS 0x0000000080600000| PB 0x0000000080600000| Untracked 
|   7|0x0000000080700000, 0x0000000080800000, 0x0000000080800000|100%| O|  |TAMS 0x0000000080700000| PB 0x0000000080700000| Untracked 
|   8|0x0000000080800000, 0x0000000080900000, 0x0000000080900000|100%| O|  |TAMS 0x0000000080800000| PB 0x0000000080800000| Untracked 
|   9|0x0000000080900000, 0x0000000080a00000, 0x0000000080a00000|100%| O|  |TAMS 0x0000000080900000| PB 0x0000000080900000| Untracked 
|  10|0x0000000080a00000, 0x0000000080b00000, 0x0000000080b00000|100%| O|Cm|TAMS 0x0000000080a00000| PB 0x0000000080a00000| Complete 
|  11|0x0000000080b00000, 0x0000000080c00000, 0x0000000080c00000|100%|HS|  |TAMS 0x0000000080b00000| PB 0x0000000080b00000| Complete 
|  12|0x0000000080c00000, 0x0000000080d00000, 0x0000000080d00000|100%| O|  |TAMS 0x0000000080c00000| PB 0x0000000080c00000| Untracked 
|  13|0x0000000080d00000, 0x0000000080e00000, 0x0000000080e00000|100%| O|  |TAMS 0x0000000080d00000| PB 0x0000000080d00000| Untracked 
|  14|0x0000000080e00000, 0x0000000080f00000, 0x0000000080f00000|100%| O|  |TAMS 0x0000000080e00000| PB 0x0000000080e00000| Untracked 
|  15|0x0000000080f00000, 0x0000000081000000, 0x0000000081000000|100%| O|  |TAMS 0x0000000080f00000| PB 0x0000000080f00000| Untracked 
|  16|0x0000000081000000, 0x0000000081100000, 0x0000000081100000|100%| O|  |TAMS 0x0000000081000000| PB 0x0000000081000000| Untracked 
|  17|0x0000000081100000, 0x0000000081200000, 0x0000000081200000|100%| O|  |TAMS 0x0000000081100000| PB 0x0000000081100000| Untracked 
|  18|0x0000000081200000, 0x00000000812c6280, 0x0000000081300000| 77%| O|  |TAMS 0x0000000081200000| PB 0x0000000081200000| Untracked 
|  19|0x0000000081300000, 0x0000000081300000, 0x0000000081400000|  0%| F|  |TAMS 0x0000000081300000| PB 0x0000000081300000| Untracked 
|  20|0x0000000081400000, 0x0000000081400000, 0x0000000081500000|  0%| F|  |TAMS 0x0000000081400000| PB 0x0000000081400000| Untracked 
|  21|0x0000000081500000, 0x0000000081500000, 0x0000000081600000|  0%| F|  |TAMS 0x0000000081500000| PB 0x0000000081500000| Untracked 
|  22|0x0000000081600000, 0x0000000081600000, 0x0000000081700000|  0%| F|  |TAMS 0x0000000081600000| PB 0x0000000081600000| Untracked 
|  23|0x0000000081700000, 0x0000000081700000, 0x0000000081800000|  0%| F|  |TAMS 0x0000000081700000| PB 0x0000000081700000| Untracked 
|  24|0x0000000081800000, 0x0000000081800000, 0x0000000081900000|  0%| F|  |TAMS 0x0000000081800000| PB 0x0000000081800000| Untracked 
|  25|0x0000000081900000, 0x0000000081900000, 0x0000000081a00000|  0%| F|  |TAMS 0x0000000081900000| PB 0x0000000081900000| Untracked 
|  26|0x0000000081a00000, 0x0000000081a00000, 0x0000000081b00000|  0%| F|  |TAMS 0x0000000081a00000| PB 0x0000000081a00000| Untracked 
|  27|0x0000000081b00000, 0x0000000081b00000, 0x0000000081c00000|  0%| F|  |TAMS 0x0000000081b00000| PB 0x0000000081b00000| Untracked 
|  28|0x0000000081c00000, 0x0000000081c00000, 0x0000000081d00000|  0%| F|  |TAMS 0x0000000081c00000| PB 0x0000000081c00000| Untracked 
|  29|0x0000000081d00000, 0x0000000081d7dd98, 0x0000000081e00000| 49%| S|CS|TAMS 0x0000000081d00000| PB 0x0000000081d00000| Complete 
|  30|0x0000000081e00000, 0x0000000081f00000, 0x0000000081f00000|100%| S|CS|TAMS 0x0000000081e00000| PB 0x0000000081e00000| Complete 
|  31|0x0000000081f00000, 0x0000000082000000, 0x0000000082000000|100%| S|CS|TAMS 0x0000000081f00000| PB 0x0000000081f00000| Complete 
|  32|0x0000000082000000, 0x0000000082100000, 0x0000000082100000|100%| S|CS|TAMS 0x0000000082000000| PB 0x0000000082000000| Complete 
|  33|0x0000000082100000, 0x0000000082100000, 0x0000000082200000|  0%| F|  |TAMS 0x0000000082100000| PB 0x0000000082100000| Untracked 
|  34|0x0000000082200000, 0x0000000082200000, 0x0000000082300000|  0%| F|  |TAMS 0x0000000082200000| PB 0x0000000082200000| Untracked 
|  35|0x0000000082300000, 0x0000000082300000, 0x0000000082400000|  0%| F|  |TAMS 0x0000000082300000| PB 0x0000000082300000| Untracked 
|  36|0x0000000082400000, 0x0000000082400000, 0x0000000082500000|  0%| F|  |TAMS 0x0000000082400000| PB 0x0000000082400000| Untracked 
|  37|0x0000000082500000, 0x0000000082500000, 0x0000000082600000|  0%| F|  |TAMS 0x0000000082500000| PB 0x0000000082500000| Untracked 
|  38|0x0000000082600000, 0x0000000082600000, 0x0000000082700000|  0%| F|  |TAMS 0x0000000082600000| PB 0x0000000082600000| Untracked 
|  39|0x0000000082700000, 0x0000000082700000, 0x0000000082800000|  0%| F|  |TAMS 0x0000000082700000| PB 0x0000000082700000| Untracked 
|  40|0x0000000082800000, 0x0000000082800000, 0x0000000082900000|  0%| F|  |TAMS 0x0000000082800000| PB 0x0000000082800000| Untracked 
|  41|0x0000000082900000, 0x0000000082900000, 0x0000000082a00000|  0%| F|  |TAMS 0x0000000082900000| PB 0x0000000082900000| Untracked 
|  42|0x0000000082a00000, 0x0000000082a00000, 0x0000000082b00000|  0%| F|  |TAMS 0x0000000082a00000| PB 0x0000000082a00000| Untracked 
|  43|0x0000000082b00000, 0x0000000082b00000, 0x0000000082c00000|  0%| F|  |TAMS 0x0000000082b00000| PB 0x0000000082b00000| Untracked 
|  44|0x0000000082c00000, 0x0000000082c00000, 0x0000000082d00000|  0%| F|  |TAMS 0x0000000082c00000| PB 0x0000000082c00000| Untracked 
|  45|0x0000000082d00000, 0x0000000082d00000, 0x0000000082e00000|  0%| F|  |TAMS 0x0000000082d00000| PB 0x0000000082d00000| Untracked 
|  46|0x0000000082e00000, 0x0000000082e00000, 0x0000000082f00000|  0%| F|  |TAMS 0x0000000082e00000| PB 0x0000000082e00000| Untracked 
|  47|0x0000000082f00000, 0x0000000082f00000, 0x0000000083000000|  0%| F|  |TAMS 0x0000000082f00000| PB 0x0000000082f00000| Untracked 
|  48|0x0000000083000000, 0x0000000083000000, 0x0000000083100000|  0%| F|  |TAMS 0x0000000083000000| PB 0x0000000083000000| Untracked 
|  49|0x0000000083100000, 0x0000000083100000, 0x0000000083200000|  0%| F|  |TAMS 0x0000000083100000| PB 0x0000000083100000| Untracked 
|  50|0x0000000083200000, 0x0000000083200000, 0x0000000083300000|  0%| F|  |TAMS 0x0000000083200000| PB 0x0000000083200000| Untracked 
|  51|0x0000000083300000, 0x0000000083300000, 0x0000000083400000|  0%| F|  |TAMS 0x0000000083300000| PB 0x0000000083300000| Untracked 
|  52|0x0000000083400000, 0x0000000083400000, 0x0000000083500000|  0%| F|  |TAMS 0x0000000083400000| PB 0x0000000083400000| Untracked 
|  53|0x0000000083500000, 0x0000000083500000, 0x0000000083600000|  0%| F|  |TAMS 0x0000000083500000| PB 0x0000000083500000| Untracked 
|  54|0x0000000083600000, 0x0000000083600000, 0x0000000083700000|  0%| F|  |TAMS 0x0000000083600000| PB 0x0000000083600000| Untracked 
|  55|0x0000000083700000, 0x0000000083700000, 0x0000000083800000|  0%| F|  |TAMS 0x0000000083700000| PB 0x0000000083700000| Untracked 
|  56|0x0000000083800000, 0x0000000083800000, 0x0000000083900000|  0%| F|  |TAMS 0x0000000083800000| PB 0x0000000083800000| Untracked 
|  57|0x0000000083900000, 0x0000000083900000, 0x0000000083a00000|  0%| F|  |TAMS 0x0000000083900000| PB 0x0000000083900000| Untracked 
|  58|0x0000000083a00000, 0x0000000083a00000, 0x0000000083b00000|  0%| F|  |TAMS 0x0000000083a00000| PB 0x0000000083a00000| Untracked 
|  59|0x0000000083b00000, 0x0000000083b00000, 0x0000000083c00000|  0%| F|  |TAMS 0x0000000083b00000| PB 0x0000000083b00000| Untracked 
|  60|0x0000000083c00000, 0x0000000083cdb6d8, 0x0000000083d00000| 85%| E|  |TAMS 0x0000000083c00000| PB 0x0000000083c00000| Complete 
|  61|0x0000000083d00000, 0x0000000083e00000, 0x0000000083e00000|100%| E|CS|TAMS 0x0000000083d00000| PB 0x0000000083d00000| Complete 
|  62|0x0000000083e00000, 0x0000000083f00000, 0x0000000083f00000|100%| E|CS|TAMS 0x0000000083e00000| PB 0x0000000083e00000| Complete 
|  63|0x0000000083f00000, 0x0000000084000000, 0x0000000084000000|100%| E|CS|TAMS 0x0000000083f00000| PB 0x0000000083f00000| Complete 

Card table byte_map: [0x0000012cf77e0000,0x0000012cf7be0000] _byte_map_base: 0x0000012cf73e0000

Marking Bits: (CMBitMap*) 0x0000012cf24e2bd0
 Bits: [0x0000012cf7be0000, 0x0000012cf9be0000)

Polling page: 0x0000012cf2260000

Metaspace:

Usage:
  Non-class:     23.26 MB used.
      Class:      3.29 MB used.
       Both:     26.56 MB used.

Virtual space:
  Non-class space:       64.00 MB reserved,      23.56 MB ( 37%) committed,  1 nodes.
      Class space:        1.00 GB reserved,       3.56 MB ( <1%) committed,  1 nodes.
             Both:        1.06 GB reserved,      27.12 MB (  2%) committed. 

Chunk freelists:
   Non-Class:  8.48 MB
       Class:  12.48 MB
        Both:  20.97 MB

MaxMetaspaceSize: unlimited
CompressedClassSpaceSize: 1.00 GB
Initial GC threshold: 21.00 MB
Current GC threshold: 35.31 MB
CDS: off
 - commit_granule_bytes: 65536.
 - commit_granule_words: 8192.
 - virtual_space_node_default_size: 8388608.
 - enlarge_chunks_in_place: 1.
 - use_allocation_guard: 0.


Internal statistics:

num_allocs_failed_limit: 3.
num_arena_births: 666.
num_arena_deaths: 0.
num_vsnodes_births: 2.
num_vsnodes_deaths: 0.
num_space_committed: 434.
num_space_uncommitted: 0.
num_chunks_returned_to_freelist: 3.
num_chunks_taken_from_freelist: 1326.
num_chunk_merges: 3.
num_chunk_splits: 852.
num_chunks_enlarged: 587.
num_inconsistent_stats: 0.

CodeHeap 'non-profiled nmethods': size=120000Kb used=1235Kb max_used=1235Kb free=118764Kb
 bounds [0x0000012c87ad0000, 0x0000012c87d40000, 0x0000012c8f000000]
CodeHeap 'profiled nmethods': size=120000Kb used=5550Kb max_used=5550Kb free=114449Kb
 bounds [0x0000012c80000000, 0x0000012c80570000, 0x0000012c87530000]
CodeHeap 'non-nmethods': size=5760Kb used=1470Kb max_used=1470Kb free=4289Kb
 bounds [0x0000012c87530000, 0x0000012c877a0000, 0x0000012c87ad0000]
 total_blobs=3338 nmethods=2769 adapters=473
 compilation: enabled
              stopped_count=0, restarted_count=0
 full_count=0

Compilation events (20 events):
Event: 8.193 Thread 0x0000012cfc4f5fe0 nmethod 2717 0x0000012c80557090 code [0x0000012c80557240, 0x0000012c80557380]
Event: 8.193 Thread 0x0000012cfc4f5fe0 2718       3       java.lang.invoke.ClassSpecializer::classBCName (8 bytes)
Event: 8.193 Thread 0x0000012cfc4f5fe0 nmethod 2718 0x0000012c80557490 code [0x0000012c80557660, 0x0000012c80557958]
Event: 8.193 Thread 0x0000012cfc4f5fe0 2719       3       java.lang.invoke.ClassSpecializer::className (33 bytes)
Event: 8.193 Thread 0x0000012cfc4f5fe0 nmethod 2719 0x0000012c80557b10 code [0x0000012c80557cc0, 0x0000012c80557ea8]
Event: 8.193 Thread 0x0000012cfc4f5fe0 2720   !   3       java.util.ImmutableCollections$ListItr::next (34 bytes)
Event: 8.193 Thread 0x0000012cfc4f5fe0 nmethod 2720 0x0000012c80557f90 code [0x0000012c80558160, 0x0000012c80558440]
Event: 8.193 Thread 0x0000012cfc4f5fe0 2721       3       java.lang.invoke.ClassSpecializer$Factory$1Var::isInHeap (13 bytes)
Event: 8.193 Thread 0x0000012cfc4f5fe0 nmethod 2721 0x0000012c80558590 code [0x0000012c80558720, 0x0000012c80558888]
Event: 8.194 Thread 0x0000012cfc4f5fe0 2724       3       java.util.ImmutableCollections$ListItr::hasNext (17 bytes)
Event: 8.194 Thread 0x0000012cfc4f5fe0 nmethod 2724 0x0000012c80558910 code [0x0000012c80558aa0, 0x0000012c80558c08]
Event: 8.194 Thread 0x0000012cfc4f5fe0 2725       3       java.lang.invoke.ClassSpecializer$Factory$1Var::nextIndex (18 bytes)
Event: 8.195 Thread 0x0000012cfc4f5fe0 nmethod 2725 0x0000012c80558c90 code [0x0000012c80558e40, 0x0000012c805590e0]
Event: 8.195 Thread 0x0000012cfc4f5fe0 2726       3       java.lang.invoke.ClassSpecializer$Factory$1Var::emitVarInstruction (73 bytes)
Event: 8.195 Thread 0x0000012cfc4f5fe0 nmethod 2726 0x0000012c80559210 code [0x0000012c805594a0, 0x0000012c80559d50]
Event: 8.196 Thread 0x0000012cfc4f5fe0 2728       3       java.lang.invoke.LambdaForm$NamedFunction::<init> (15 bytes)
Event: 8.196 Thread 0x0000012cfc4f5fe0 nmethod 2728 0x0000012c8055a110 code [0x0000012c8055a2c0, 0x0000012c8055a4e0]
Event: 8.196 Thread 0x0000012cfc4f5fe0 2729       3       java.lang.invoke.LambdaForm$Name::<init> (52 bytes)
Event: 8.196 Thread 0x0000012cfc4f5fe0 nmethod 2729 0x0000012c8055a590 code [0x0000012c8055a740, 0x0000012c8055a940]
Event: 8.196 Thread 0x0000012cfc4f5fe0 2732       3       java.lang.invoke.ClassSpecializer$Factory$1Var::<init> (146 bytes)

GC Heap History (10 events):
Event: 1.197 GC heap before
{Heap before GC invocations=0 (full 0):
 garbage-first heap   total 65536K, used 13312K [0x0000000080000000, 0x0000000100000000)
  region size 1024K, 13 young (13312K), 0 survivors (0K)
 Metaspace       used 7372K, committed 7488K, reserved 1114112K
  class space    used 665K, committed 704K, reserved 1048576K
}
Event: 1.201 GC heap after
{Heap after GC invocations=1 (full 0):
 garbage-first heap   total 65536K, used 1344K [0x0000000080000000, 0x0000000100000000)
  region size 1024K, 2 young (2048K), 2 survivors (2048K)
 Metaspace       used 7372K, committed 7488K, reserved 1114112K
  class space    used 665K, committed 704K, reserved 1048576K
}
Event: 4.108 GC heap before
{Heap before GC invocations=1 (full 0):
 garbage-first heap   total 65536K, used 30016K [0x0000000080000000, 0x0000000100000000)
  region size 1024K, 27 young (27648K), 2 survivors (2048K)
 Metaspace       used 11625K, committed 11776K, reserved 1114112K
  class space    used 1217K, committed 1280K, reserved 1048576K
}
Event: 4.116 GC heap after
{Heap after GC invocations=2 (full 0):
 garbage-first heap   total 65536K, used 10776K [0x0000000080000000, 0x0000000100000000)
  region size 1024K, 4 young (4096K), 4 survivors (4096K)
 Metaspace       used 11625K, committed 11776K, reserved 1114112K
  class space    used 1217K, committed 1280K, reserved 1048576K
}
Event: 4.787 GC heap before
{Heap before GC invocations=2 (full 0):
 garbage-first heap   total 65536K, used 45592K [0x0000000080000000, 0x0000000100000000)
  region size 1024K, 38 young (38912K), 4 survivors (4096K)
 Metaspace       used 12190K, committed 12480K, reserved 1114112K
  class space    used 1274K, committed 1408K, reserved 1048576K
}
Event: 4.794 GC heap after
{Heap after GC invocations=3 (full 0):
 garbage-first heap   total 65536K, used 12190K [0x0000000080000000, 0x0000000100000000)
  region size 1024K, 1 young (1024K), 1 survivors (1024K)
 Metaspace       used 12190K, committed 12480K, reserved 1114112K
  class space    used 1274K, committed 1408K, reserved 1048576K
}
Event: 6.328 GC heap before
{Heap before GC invocations=3 (full 0):
 garbage-first heap   total 65536K, used 49054K [0x0000000080000000, 0x0000000100000000)
  region size 1024K, 35 young (35840K), 1 survivors (1024K)
 Metaspace       used 16845K, committed 17152K, reserved 1114112K
  class space    used 1888K, committed 1984K, reserved 1048576K
}
Event: 6.337 GC heap after
{Heap after GC invocations=4 (full 0):
 garbage-first heap   total 65536K, used 18934K [0x0000000080000000, 0x0000000100000000)
  region size 1024K, 5 young (5120K), 5 survivors (5120K)
 Metaspace       used 16845K, committed 17152K, reserved 1114112K
  class space    used 1888K, committed 1984K, reserved 1048576K
}
Event: 7.121 GC heap before
{Heap before GC invocations=4 (full 0):
 garbage-first heap   total 65536K, used 32246K [0x0000000080000000, 0x0000000100000000)
  region size 1024K, 20 young (20480K), 5 survivors (5120K)
 Metaspace       used 21179K, committed 21504K, reserved 1114112K
  class space    used 2441K, committed 2624K, reserved 1048576K
}
Event: 7.129 GC heap after
{Heap after GC invocations=5 (full 0):
 garbage-first heap   total 65536K, used 21272K [0x0000000080000000, 0x0000000100000000)
  region size 1024K, 2 young (2048K), 2 survivors (2048K)
 Metaspace       used 21179K, committed 21504K, reserved 1114112K
  class space    used 2441K, committed 2624K, reserved 1048576K
}

Dll operation events (3 events):
Event: 0.070 Loaded shared library C:\Program Files\Android\Android Studio2\jbr\bin\java.dll
Event: 0.104 Loaded shared library C:\Program Files\Android\Android Studio2\jbr\bin\zip.dll
Event: 2.827 Loaded shared library C:\Program Files\Android\Android Studio2\jbr\bin\verify.dll

Deoptimization events (20 events):
Event: 7.702 Thread 0x0000012cfd7f2980 Uncommon trap: trap_request=0xffffffde fr.pc=0x0000012c87b99664 relative=0x0000000000000304
Event: 7.702 Thread 0x0000012cfd7f2980 Uncommon trap: reason=class_check action=maybe_recompile pc=0x0000012c87b99664 method=java.util.regex.Pattern$BmpCharPropertyGreedy.match(Ljava/util/regex/Matcher;ILjava/lang/CharSequence;)Z @ 26 c2
Event: 7.702 Thread 0x0000012cfd7f2980 DEOPT PACKING pc=0x0000012c87b99664 sp=0x00000021049fc520
Event: 7.702 Thread 0x0000012cfd7f2980 DEOPT UNPACKING pc=0x0000012c875846a2 sp=0x00000021049fc4d8 mode 2
Event: 7.702 Thread 0x0000012cfd7f2980 Uncommon trap: trap_request=0xffffffde fr.pc=0x0000012c87b99664 relative=0x0000000000000304
Event: 7.702 Thread 0x0000012cfd7f2980 Uncommon trap: reason=class_check action=maybe_recompile pc=0x0000012c87b99664 method=java.util.regex.Pattern$BmpCharPropertyGreedy.match(Ljava/util/regex/Matcher;ILjava/lang/CharSequence;)Z @ 26 c2
Event: 7.702 Thread 0x0000012cfd7f2980 DEOPT PACKING pc=0x0000012c87b99664 sp=0x00000021049fc490
Event: 7.702 Thread 0x0000012cfd7f2980 DEOPT UNPACKING pc=0x0000012c875846a2 sp=0x00000021049fc448 mode 2
Event: 7.908 Thread 0x0000012cfd7f2980 Uncommon trap: trap_request=0xffffff45 fr.pc=0x0000012c87af3330 relative=0x0000000000000d30
Event: 7.908 Thread 0x0000012cfd7f2980 Uncommon trap: reason=unstable_if action=reinterpret pc=0x0000012c87af3330 method=java.io.WinNTFileSystem.resolve(Ljava/lang/String;Ljava/lang/String;)Ljava/lang/String; @ 19 c2
Event: 7.908 Thread 0x0000012cfd7f2980 DEOPT PACKING pc=0x0000012c87af3330 sp=0x00000021049fb830
Event: 7.908 Thread 0x0000012cfd7f2980 DEOPT UNPACKING pc=0x0000012c875846a2 sp=0x00000021049fb7c8 mode 2
Event: 7.927 Thread 0x0000012cfd7f2980 Uncommon trap: trap_request=0xffffff45 fr.pc=0x0000012c87b65514 relative=0x0000000000000634
Event: 7.927 Thread 0x0000012cfd7f2980 Uncommon trap: reason=unstable_if action=reinterpret pc=0x0000012c87b65514 method=java.io.File.getName()Ljava/lang/String; @ 16 c2
Event: 7.927 Thread 0x0000012cfd7f2980 DEOPT PACKING pc=0x0000012c87b65514 sp=0x00000021049fb7f0
Event: 7.927 Thread 0x0000012cfd7f2980 DEOPT UNPACKING pc=0x0000012c875846a2 sp=0x00000021049fb7c0 mode 2
Event: 8.059 Thread 0x0000012cfd7f2980 Uncommon trap: trap_request=0xffffff45 fr.pc=0x0000012c87af6f90 relative=0x00000000000000f0
Event: 8.059 Thread 0x0000012cfd7f2980 Uncommon trap: reason=unstable_if action=reinterpret pc=0x0000012c87af6f90 method=java.util.HashMap.hash(Ljava/lang/Object;)I @ 1 c2
Event: 8.059 Thread 0x0000012cfd7f2980 DEOPT PACKING pc=0x0000012c87af6f90 sp=0x00000021049fc850
Event: 8.060 Thread 0x0000012cfd7f2980 DEOPT UNPACKING pc=0x0000012c875846a2 sp=0x00000021049fc790 mode 2

Classes loaded (20 events):
Event: 7.851 Loading class sun/security/provider/ByteArrayAccess$LE
Event: 7.851 Loading class sun/security/provider/ByteArrayAccess$LE done
Event: 7.925 Loading class java/io/File$TempDirectory
Event: 7.925 Loading class java/io/File$TempDirectory done
Event: 7.936 Loading class java/io/PrintWriter
Event: 7.936 Loading class java/io/PrintWriter done
Event: 7.999 Loading class java/util/concurrent/Semaphore
Event: 7.999 Loading class java/util/concurrent/Semaphore done
Event: 8.002 Loading class java/nio/file/FileVisitOption
Event: 8.002 Loading class java/nio/file/FileVisitOption done
Event: 8.011 Loading class java/util/stream/ReduceOps$1
Event: 8.011 Loading class java/util/stream/ReduceOps$1 done
Event: 8.011 Loading class java/util/stream/ReduceOps$1ReducingSink
Event: 8.013 Loading class java/util/stream/ReduceOps$1ReducingSink done
Event: 8.192 Loading class java/lang/invoke/BoundMethodHandle$Species_LLLLLLLLLLLLLL
Event: 8.192 Loading class java/lang/invoke/BoundMethodHandle$Species_LLLLLLLLLLLLLL done
Event: 8.194 Loading class java/lang/invoke/BoundMethodHandle$Species_LLLLLLLLLLLLLLL
Event: 8.194 Loading class java/lang/invoke/BoundMethodHandle$Species_LLLLLLLLLLLLLLL done
Event: 8.196 Loading class java/lang/invoke/BoundMethodHandle$Species_LLLLLLLLLLLLLLLL
Event: 8.196 Loading class java/lang/invoke/BoundMethodHandle$Species_LLLLLLLLLLLLLLLL done

Classes unloaded (0 events):
No events

Classes redefined (0 events):
No events

Internal exceptions (20 events):
Event: 7.234 Thread 0x0000012cfd7f2980 Exception <a 'java/lang/NoSuchMethodError'{0x0000000083cbf8f0}: 'java.lang.Object java.lang.invoke.DirectMethodHandle$Holder.invokeSpecial(java.lang.Object, java.lang.Object, java.lang.Object, java.lang.Object, java.lang.Object, java.lang.Object, java.lang.Object, java.lang.Object, java.lang.Object, java.lang.Object, java.lang.Object, java.lang.Object, java.lang.Object)'> (0x0000000083cbf8f0) 
thrown [s\src\hotspot\share\interpreter\linkResolver.cpp, line 784]
Event: 7.293 Thread 0x0000012cfd7f2980 Exception <a 'java/lang/NoSuchMethodError'{0x0000000083aaa660}: 'int java.lang.invoke.DirectMethodHandle$Holder.invokeVirtual(java.lang.Object, java.lang.Object, java.lang.Object)'> (0x0000000083aaa660) 
thrown [s\src\hotspot\share\interpreter\linkResolver.cpp, line 784]
Event: 7.361 Thread 0x0000012cfd7f2980 Exception <a 'java/lang/NoSuchMethodError'{0x00000000837069d0}: 'java.lang.Object java.lang.invoke.DirectMethodHandle$Holder.newInvokeSpecial(java.lang.Object, java.lang.Object, java.lang.Object, java.lang.Object, java.lang.Object, java.lang.Object)'> (0x00000000837069d0) 
thrown [s\src\hotspot\share\interpreter\linkResolver.cpp, line 784]
Event: 7.367 Thread 0x0000012cfd7f2980 Exception <a 'java/lang/NoSuchMethodError'{0x00000000837284b8}: 'void java.lang.invoke.DirectMethodHandle$Holder.invokeStaticInit(java.lang.Object, java.lang.Object)'> (0x00000000837284b8) 
thrown [s\src\hotspot\share\interpreter\linkResolver.cpp, line 784]
Event: 7.468 Thread 0x0000012cfd7f2980 Exception <a 'java/lang/NoSuchMethodError'{0x00000000835b93d8}: 'void java.lang.invoke.DelegatingMethodHandle$Holder.reinvoke_L(java.lang.Object, java.lang.Object, java.lang.Object, java.lang.Object, java.lang.Object, java.lang.Object, java.lang.Object, java.lang.Object, java.lang.Object, java.lang.Object)'> (0x00000000835b93d8) 
thrown [s\src\hotspot\share\interpreter\linkResolver.cpp, line 784]
Event: 7.469 Thread 0x0000012cfd7f2980 Exception <a 'java/lang/NoSuchMethodError'{0x00000000835c1110}: 'java.lang.Object java.lang.invoke.Invokers$Holder.invoker(java.lang.Object, java.lang.Object, java.lang.Object, java.lang.Object, java.lang.Object, java.lang.Object, java.lang.Object, java.lang.Object, java.lang.Object, java.lang.Object)'> (0x00000000835c1110) 
thrown [s\src\hotspot\share\interpreter\linkResolver.cpp, line 784]
Event: 7.614 Thread 0x0000012cfd7f2980 Exception <a 'java/lang/NoSuchMethodError'{0x000000008319a318}: 'void java.lang.invoke.DirectMethodHandle$Holder.invokeVirtual(java.lang.Object, java.lang.Object, java.lang.Object, java.lang.Object, java.lang.Object)'> (0x000000008319a318) 
thrown [s\src\hotspot\share\interpreter\linkResolver.cpp, line 784]
Event: 7.697 Thread 0x0000012cfd7f2980 Exception <a 'java/lang/NoSuchMethodError'{0x0000000082d40310}: 'void java.lang.invoke.DirectMethodHandle$Holder.invokeInterface(java.lang.Object, java.lang.Object)'> (0x0000000082d40310) 
thrown [s\src\hotspot\share\interpreter\linkResolver.cpp, line 784]
Event: 7.698 Thread 0x0000012cfd7f2980 Exception <a 'java/lang/IncompatibleClassChangeError'{0x0000000082d43890}: Found class java.lang.Object, but interface was expected> (0x0000000082d43890) 
thrown [s\src\hotspot\share\interpreter\linkResolver.cpp, line 851]
Event: 7.746 Thread 0x0000012cfd7f2980 Exception <a 'java/lang/NoSuchMethodError'{0x0000000082c65620}: 'java.lang.Object java.lang.invoke.DirectMethodHandle$Holder.newInvokeSpecial(java.lang.Object, java.lang.Object, int)'> (0x0000000082c65620) 
thrown [s\src\hotspot\share\interpreter\linkResolver.cpp, line 784]
Event: 7.780 Thread 0x0000012cfd7f2980 Exception <a 'java/lang/NoSuchMethodError'{0x0000000082b09848}: 'java.lang.Object java.lang.invoke.DirectMethodHandle$Holder.invokeVirtual(java.lang.Object, java.lang.Object, java.lang.Object, java.lang.Object, java.lang.Object, java.lang.Object, java.lang.Object, java.lang.Object)'> (0x0000000082b09848) 
thrown [s\src\hotspot\share\interpreter\linkResolver.cpp, line 784]
Event: 8.007 Thread 0x0000012cfd7f2980 Exception <a 'java/lang/NoSuchMethodError'{0x00000000827f9070}: 'int java.lang.invoke.DirectMethodHandle$Holder.invokeSpecialIFC(java.lang.Object, java.lang.Object, java.lang.Object, java.lang.Object)'> (0x00000000827f9070) 
thrown [s\src\hotspot\share\interpreter\linkResolver.cpp, line 784]
Event: 8.010 Thread 0x0000012cfd7f2980 Exception <a 'java/lang/NoSuchMethodError'{0x0000000082606fa8}: 'java.lang.Object java.lang.invoke.DirectMethodHandle$Holder.invokeInterface(java.lang.Object, java.lang.Object, java.lang.Object)'> (0x0000000082606fa8) 
thrown [s\src\hotspot\share\interpreter\linkResolver.cpp, line 784]
Event: 8.010 Thread 0x0000012cfd7f2980 Exception <a 'java/lang/IncompatibleClassChangeError'{0x000000008260abc0}: Found class java.lang.Object, but interface was expected> (0x000000008260abc0) 
thrown [s\src\hotspot\share\interpreter\linkResolver.cpp, line 851]
Event: 8.059 Thread 0x0000012cfd7f2980 Implicit null exception at 0x0000012c87af6ee6 to 0x0000012c87af6f86
Event: 8.100 Thread 0x0000012cfd7f2980 Exception <a 'java/lang/NoSuchMethodError'{0x00000000825fc228}: 'int java.lang.invoke.DirectMethodHandle$Holder.invokeStatic(java.lang.Object, java.lang.Object, java.lang.Object, java.lang.Object)'> (0x00000000825fc228) 
thrown [s\src\hotspot\share\interpreter\linkResolver.cpp, line 784]
Event: 8.189 Thread 0x0000012cfd7f2980 Exception <a 'java/lang/NoSuchMethodError'{0x00000000823dd828}: 'java.lang.Object java.lang.invoke.DelegatingMethodHandle$Holder.reinvoke_L(java.lang.Object, java.lang.Object, java.lang.Object, java.lang.Object, java.lang.Object, java.lang.Object, java.lang.Object, java.lang.Object, java.lang.Object, java.lang.Object, java.lang.Object, java.lang.Object, java.lang.Object, java.lang.Object, java.lang.Object, java.lang.Object, java.lang.Object, java.lang.Object, java.lang.Object, java.lang.Object, java.lang.O
Event: 8.193 Thread 0x0000012cfd7f2980 Exception <a 'java/lang/NoSuchMethodError'{0x000000008224c3f8}: 'java.lang.Object java.lang.invoke.DirectMethodHandle$Holder.invokeStatic(java.lang.Object, java.lang.Object, java.lang.Object, java.lang.Object, java.lang.Object, java.lang.Object, java.lang.Object, java.lang.Object, java.lang.Object, java.lang.Object, java.lang.Object, java.lang.Object, java.lang.Object, java.lang.Object, java.lang.Object, java.lang.Object, java.lang.Object)'> (0x000000008224c3f8) 
thrown [s\src\hotspot\share\interpreter\lin
Event: 8.195 Thread 0x0000012cfd7f2980 Exception <a 'java/lang/NoSuchMethodError'{0x0000000082275400}: 'java.lang.Object java.lang.invoke.DirectMethodHandle$Holder.invokeStatic(java.lang.Object, java.lang.Object, java.lang.Object, java.lang.Object, java.lang.Object, java.lang.Object, java.lang.Object, java.lang.Object, java.lang.Object, java.lang.Object, java.lang.Object, java.lang.Object, java.lang.Object, java.lang.Object, java.lang.Object, java.lang.Object, java.lang.Object, java.lang.Object)'> (0x0000000082275400) 
thrown [s\src\hotspot\sha
Event: 8.197 Thread 0x0000012cfd7f2980 Exception <a 'java/lang/NoSuchMethodError'{0x000000008229f6e8}: 'java.lang.Object java.lang.invoke.DirectMethodHandle$Holder.invokeStatic(java.lang.Object, java.lang.Object, java.lang.Object, java.lang.Object, java.lang.Object, java.lang.Object, java.lang.Object, java.lang.Object, java.lang.Object, java.lang.Object, java.lang.Object, java.lang.Object, java.lang.Object, java.lang.Object, java.lang.Object, java.lang.Object, java.lang.Object, java.lang.Object, java.lang.Object)'> (0x000000008229f6e8) 
thrown 

ZGC Phase Switch (0 events):
No events

VM Operations (20 events):
Event: 6.318 Executing VM operation: HandshakeAllThreads (Deoptimize)
Event: 6.318 Executing VM operation: HandshakeAllThreads (Deoptimize) done
Event: 6.328 Executing VM operation: G1CollectForAllocation (G1 Evacuation Pause)
Event: 6.337 Executing VM operation: G1CollectForAllocation (G1 Evacuation Pause) done
Event: 6.406 Executing VM operation: HandshakeAllThreads (Deoptimize)
Event: 6.406 Executing VM operation: HandshakeAllThreads (Deoptimize) done
Event: 6.516 Executing VM operation: HandshakeAllThreads (Deoptimize)
Event: 6.516 Executing VM operation: HandshakeAllThreads (Deoptimize) done
Event: 6.706 Executing VM operation: HandshakeAllThreads (Deoptimize)
Event: 6.706 Executing VM operation: HandshakeAllThreads (Deoptimize) done
Event: 6.854 Executing VM operation: HandshakeAllThreads (Deoptimize)
Event: 6.854 Executing VM operation: HandshakeAllThreads (Deoptimize) done
Event: 7.121 Executing VM operation: CollectForMetadataAllocation (Metadata GC Threshold)
Event: 7.129 Executing VM operation: CollectForMetadataAllocation (Metadata GC Threshold) done
Event: 7.142 Executing VM operation: G1PauseRemark
Event: 7.146 Executing VM operation: G1PauseRemark done
Event: 7.152 Executing VM operation: G1PauseCleanup
Event: 7.152 Executing VM operation: G1PauseCleanup done
Event: 7.744 Executing VM operation: HandshakeAllThreads (Deoptimize)
Event: 7.744 Executing VM operation: HandshakeAllThreads (Deoptimize) done

Memory protections (0 events):
No events

Nmethod flushes (0 events):
No events

Events (20 events):
Event: 0.541 Thread 0x0000012cf22c1490 Thread added: 0x0000012cfc7c8250
Event: 1.360 Loaded shared library C:\Program Files\Android\Android Studio2\jbr\bin\jimage.dll
Event: 3.247 Loaded shared library C:\Users\DELL\.gradle\native\c067742578af261105cb4f569cf0c3c89f3d7b1fecec35dd04571415982c5e48\windows-amd64\native-platform.dll
Event: 3.329 Loaded shared library C:\Users\DELL\.gradle\native\100fb08df4bc3b14c8652ba06237920a3bd2aa13389f12d3474272988ae205f9\windows-amd64\native-platform-file-events.dll
Event: 6.121 Loaded shared library C:\Program Files\Android\Android Studio2\jbr\bin\management.dll
Event: 6.132 Loaded shared library C:\Program Files\Android\Android Studio2\jbr\bin\management_ext.dll
Event: 6.197 Thread 0x0000012cf22c1490 Thread added: 0x0000012cfd78e900
Event: 6.608 Loaded shared library C:\Program Files\Android\Android Studio2\jbr\bin\extnet.dll
Event: 6.660 Thread 0x0000012cf22c1490 Thread added: 0x0000012cfd6b27b0
Event: 6.792 Thread 0x0000012cf22c1490 Thread added: 0x0000012cfd262780
Event: 6.919 Thread 0x0000012cfd6b27b0 Thread added: 0x0000012cfd74e7a0
Event: 6.923 Thread 0x0000012cfd74e7a0 Thread added: 0x0000012cfd78b750
Event: 6.980 Thread 0x0000012cfd74e7a0 Thread added: 0x0000012cfd7f36a0
Event: 6.990 Thread 0x0000012cfd74e7a0 Thread added: 0x0000012cfd7f2980
Event: 7.002 Thread 0x0000012cfd7f2980 Thread added: 0x0000012cfd7f3010
Event: 7.008 Thread 0x0000012cfd7f2980 Thread added: 0x0000012cfd7f22f0
Event: 7.012 Thread 0x0000012cfd7f2980 Thread added: 0x0000012cfe10b190
Event: 7.744 Thread 0x0000012cfd7f2980 Thread added: 0x0000012cfe106ff0
Event: 7.766 Thread 0x0000012cfd7f2980 Thread added: 0x0000012cfe1055b0
Event: 7.825 Thread 0x0000012cfd7f2980 Thread added: 0x0000012cfe1090c0


Dynamic libraries:
0x00007ff7af6d0000 - 0x00007ff7af6da000 	C:\Program Files\Android\Android Studio2\jbr\bin\java.exe
0x00007ff99be30000 - 0x00007ff99c028000 	C:\Windows\SYSTEM32\ntdll.dll
0x00007ff99a460000 - 0x00007ff99a522000 	C:\Windows\System32\KERNEL32.DLL
0x00007ff999a80000 - 0x00007ff999d7e000 	C:\Windows\System32\KERNELBASE.dll
0x00007ff999610000 - 0x00007ff999710000 	C:\Windows\System32\ucrtbase.dll
0x00007ff996390000 - 0x00007ff9963ab000 	C:\Program Files\Android\Android Studio2\jbr\bin\VCRUNTIME140.dll
0x00007ff9774f0000 - 0x00007ff977508000 	C:\Program Files\Android\Android Studio2\jbr\bin\jli.dll
0x00007ff999f00000 - 0x00007ff99a09d000 	C:\Windows\System32\USER32.dll
0x00007ff999e20000 - 0x00007ff999e42000 	C:\Windows\System32\win32u.dll
0x00007ff99af50000 - 0x00007ff99af7b000 	C:\Windows\System32\GDI32.dll
0x00007ff9998f0000 - 0x00007ff999a07000 	C:\Windows\System32\gdi32full.dll
0x00007ff999d80000 - 0x00007ff999e1d000 	C:\Windows\System32\msvcp_win.dll
0x00007ff98a980000 - 0x00007ff98ac1a000 	C:\Windows\WinSxS\amd64_microsoft.windows.common-controls_6595b64144ccf1df_6.0.19041.4355_none_60b8b9eb71f62e16\COMCTL32.dll
0x00007ff99b400000 - 0x00007ff99b49e000 	C:\Windows\System32\msvcrt.dll
0x00007ff99b650000 - 0x00007ff99b67f000 	C:\Windows\System32\IMM32.DLL
0x00007ff996380000 - 0x00007ff99638c000 	C:\Program Files\Android\Android Studio2\jbr\bin\vcruntime140_1.dll
0x00007ff96ed50000 - 0x00007ff96eddd000 	C:\Program Files\Android\Android Studio2\jbr\bin\msvcp140.dll
0x00007ff969630000 - 0x00007ff96a2b3000 	C:\Program Files\Android\Android Studio2\jbr\bin\server\jvm.dll
0x00007ff99a720000 - 0x00007ff99a7d1000 	C:\Windows\System32\ADVAPI32.dll
0x00007ff99a680000 - 0x00007ff99a71f000 	C:\Windows\System32\sechost.dll
0x00007ff99a530000 - 0x00007ff99a653000 	C:\Windows\System32\RPCRT4.dll
0x00007ff999760000 - 0x00007ff999787000 	C:\Windows\System32\bcrypt.dll
0x00007ff99bcd0000 - 0x00007ff99bd3b000 	C:\Windows\System32\WS2_32.dll
0x00007ff999330000 - 0x00007ff99937b000 	C:\Windows\SYSTEM32\POWRPROF.dll
0x00007ff98a030000 - 0x00007ff98a03a000 	C:\Windows\SYSTEM32\VERSION.dll
0x00007ff98eb70000 - 0x00007ff98eb97000 	C:\Windows\SYSTEM32\WINMM.dll
0x00007ff999310000 - 0x00007ff999322000 	C:\Windows\SYSTEM32\UMPDC.dll
0x00007ff997d40000 - 0x00007ff997d52000 	C:\Windows\SYSTEM32\kernel.appcore.dll
0x00007ff9936f0000 - 0x00007ff9936fa000 	C:\Program Files\Android\Android Studio2\jbr\bin\jimage.dll
0x00007ff9979f0000 - 0x00007ff997bd4000 	C:\Windows\SYSTEM32\DBGHELP.DLL
0x00007ff9925c0000 - 0x00007ff9925f4000 	C:\Windows\SYSTEM32\dbgcore.DLL
0x00007ff9994d0000 - 0x00007ff999552000 	C:\Windows\System32\bcryptPrimitives.dll
0x00007ff995850000 - 0x00007ff99585e000 	C:\Program Files\Android\Android Studio2\jbr\bin\instrument.dll
0x00007ff990360000 - 0x00007ff990380000 	C:\Program Files\Android\Android Studio2\jbr\bin\java.dll
0x00007ff9902e0000 - 0x00007ff9902f8000 	C:\Program Files\Android\Android Studio2\jbr\bin\zip.dll
0x00007ff99a7e0000 - 0x00007ff99af4d000 	C:\Windows\System32\SHELL32.dll
0x00007ff997240000 - 0x00007ff9979e4000 	C:\Windows\SYSTEM32\windows.storage.dll
0x00007ff99a0a0000 - 0x00007ff99a3f3000 	C:\Windows\System32\combase.dll
0x00007ff998e30000 - 0x00007ff998e5e000 	C:\Windows\SYSTEM32\Wldp.dll
0x00007ff99b860000 - 0x00007ff99b92d000 	C:\Windows\System32\OLEAUT32.dll
0x00007ff999e50000 - 0x00007ff999efd000 	C:\Windows\System32\SHCORE.dll
0x00007ff99b930000 - 0x00007ff99b985000 	C:\Windows\System32\shlwapi.dll
0x00007ff999400000 - 0x00007ff999424000 	C:\Windows\SYSTEM32\profapi.dll
0x00007ff990350000 - 0x00007ff990360000 	C:\Program Files\Android\Android Studio2\jbr\bin\net.dll
0x00007ff9916b0000 - 0x00007ff9917bd000 	C:\Windows\SYSTEM32\WINHTTP.dll
0x00007ff998b90000 - 0x00007ff998bfa000 	C:\Windows\system32\mswsock.dll
0x00007ff98fc00000 - 0x00007ff98fc16000 	C:\Program Files\Android\Android Studio2\jbr\bin\nio.dll
0x00007ff992be0000 - 0x00007ff992bf0000 	C:\Program Files\Android\Android Studio2\jbr\bin\verify.dll
0x00007ff990950000 - 0x00007ff990977000 	C:\Users\DELL\.gradle\native\c067742578af261105cb4f569cf0c3c89f3d7b1fecec35dd04571415982c5e48\windows-amd64\native-platform.dll
0x00007ff968060000 - 0x00007ff9681a4000 	C:\Users\DELL\.gradle\native\100fb08df4bc3b14c8652ba06237920a3bd2aa13389f12d3474272988ae205f9\windows-amd64\native-platform-file-events.dll
0x00007ff98fbd0000 - 0x00007ff98fbd9000 	C:\Program Files\Android\Android Studio2\jbr\bin\management.dll
0x00007ff98fbc0000 - 0x00007ff98fbcb000 	C:\Program Files\Android\Android Studio2\jbr\bin\management_ext.dll
0x00007ff99a660000 - 0x00007ff99a668000 	C:\Windows\System32\PSAPI.DLL
0x00007ff998d90000 - 0x00007ff998da8000 	C:\Windows\SYSTEM32\CRYPTSP.dll
0x00007ff9984b0000 - 0x00007ff9984e4000 	C:\Windows\system32\rsaenh.dll
0x00007ff999380000 - 0x00007ff9993ae000 	C:\Windows\SYSTEM32\USERENV.dll
0x00007ff998d80000 - 0x00007ff998d8c000 	C:\Windows\SYSTEM32\CRYPTBASE.dll
0x00007ff998870000 - 0x00007ff9988ab000 	C:\Windows\SYSTEM32\IPHLPAPI.DLL
0x00007ff99af80000 - 0x00007ff99af88000 	C:\Windows\System32\NSI.dll
0x00007ff98fbe0000 - 0x00007ff98fbe9000 	C:\Program Files\Android\Android Studio2\jbr\bin\extnet.dll
0x00007ff98fbf0000 - 0x00007ff98fbf7000 	C:\Windows\system32\wshunix.dll

dbghelp: loaded successfully - version: 4.0.5 - missing functions: none
symbol engine: initialized successfully - sym options: 0x614 - pdb path: .;C:\Program Files\Android\Android Studio2\jbr\bin;C:\Windows\SYSTEM32;C:\Windows\WinSxS\amd64_microsoft.windows.common-controls_6595b64144ccf1df_6.0.19041.4355_none_60b8b9eb71f62e16;C:\Program Files\Android\Android Studio2\jbr\bin\server;C:\Users\DELL\.gradle\native\c067742578af261105cb4f569cf0c3c89f3d7b1fecec35dd04571415982c5e48\windows-amd64;C:\Users\DELL\.gradle\native\100fb08df4bc3b14c8652ba06237920a3bd2aa13389f12d3474272988ae205f9\windows-amd64

VM Arguments:
jvm_args: --add-opens=java.base/java.util=ALL-UNNAMED --add-opens=java.base/java.lang=ALL-UNNAMED --add-opens=java.base/java.lang.invoke=ALL-UNNAMED --add-opens=java.prefs/java.util.prefs=ALL-UNNAMED --add-exports=jdk.compiler/com.sun.tools.javac.api=ALL-UNNAMED --add-exports=jdk.compiler/com.sun.tools.javac.util=ALL-UNNAMED --add-opens=java.base/java.nio.charset=ALL-UNNAMED --add-opens=java.base/java.net=ALL-UNNAMED --add-opens=java.base/java.util.concurrent.atomic=ALL-UNNAMED -Xmx2048m -Dfile.encoding=UTF-8 -Duser.country=US -Duser.language=en -Duser.variant -javaagent:C:\Users\DELL\.gradle\wrapper\dists\gradle-8.10.2-bin\a04bxjujx95o3nb99gddekhwo\gradle-8.10.2\lib\agents\gradle-instrumentation-agent-8.10.2.jar 
java_command: org.gradle.launcher.daemon.bootstrap.GradleDaemon 8.10.2
java_class_path (initial): C:\Users\DELL\.gradle\wrapper\dists\gradle-8.10.2-bin\a04bxjujx95o3nb99gddekhwo\gradle-8.10.2\lib\gradle-daemon-main-8.10.2.jar
Launcher Type: SUN_STANDARD

[Global flags]
     intx CICompilerCount                          = 3                                         {product} {ergonomic}
     uint ConcGCThreads                            = 1                                         {product} {ergonomic}
     uint G1ConcRefinementThreads                  = 4                                         {product} {ergonomic}
   size_t G1HeapRegionSize                         = 1048576                                   {product} {ergonomic}
    uintx GCDrainStackTargetSize                   = 64                                        {product} {ergonomic}
   size_t InitialHeapSize                          = 67108864                                  {product} {ergonomic}
   size_t MarkStackSize                            = 4194304                                   {product} {ergonomic}
   size_t MaxHeapSize                              = 2147483648                                {product} {command line}
   size_t MaxNewSize                               = 1287651328                                {product} {ergonomic}
   size_t MinHeapDeltaBytes                        = 1048576                                   {product} {ergonomic}
   size_t MinHeapSize                              = 8388608                                   {product} {ergonomic}
    uintx NonNMethodCodeHeapSize                   = 5832780                                {pd product} {ergonomic}
    uintx NonProfiledCodeHeapSize                  = 122912730                              {pd product} {ergonomic}
    uintx ProfiledCodeHeapSize                     = 122912730                              {pd product} {ergonomic}
    uintx ReservedCodeCacheSize                    = 251658240                              {pd product} {ergonomic}
     bool SegmentedCodeCache                       = true                                      {product} {ergonomic}
   size_t SoftMaxHeapSize                          = 2147483648                             {manageable} {ergonomic}
     bool UseCompressedOops                        = true                           {product lp64_product} {ergonomic}
     bool UseG1GC                                  = true                                      {product} {ergonomic}
     bool UseLargePagesIndividualAllocation        = false                                  {pd product} {ergonomic}

Logging:
Log output configuration:
 #0: stdout all=warning uptime,level,tags foldmultilines=false
 #1: stderr all=off uptime,level,tags foldmultilines=false

Environment Variables:
PATH=C:\Windows\system32;C:\Windows;C:\Windows\System32\Wbem;C:\Windows\System32\WindowsPowerShell\v1.0\;C:\Windows\System32\OpenSSH\;C:\Users\DELL\AppData\Local\Microsoft\WindowsApps
USERNAME=DELL
OS=Windows_NT
PROCESSOR_IDENTIFIER=Intel64 Family 6 Model 61 Stepping 4, GenuineIntel
TMP=C:\Users\DELL\AppData\Local\Temp
TEMP=C:\Users\DELL\AppData\Local\Temp




Periodic native trim disabled

JNI global refs:
JNI global refs: 22, weak refs: 0

JNI global refs memory usage: 835, weak refs: 201

Process memory usage:
Resident Set Size: 165704K (4% of 4063536K total physical memory with 50896K free physical memory)

OOME stack traces (most recent first):
Classloader memory used:
Loader bootstrap                                                                       : 16088K
Loader org.gradle.internal.classloader.VisitableURLClassLoader                         : 9949K
Loader org.gradle.initialization.MixInLegacyTypesClassLoader                           : 849K
Loader jdk.internal.loader.ClassLoaders$AppClassLoader                                 : 234K
Loader jdk.internal.loader.ClassLoaders$PlatformClassLoader                            : 114K

Classes loaded by more than one classloader:
Class org.gradle.internal.classloader.FilteringClassLoader                            : loaded 2 times (x 101B)
Class org.gradle.internal.classloader.ClassLoaderHierarchy                            : loaded 2 times (x 66B)
Class org.gradle.api.internal.classpath.ManifestUtil                                  : loaded 2 times (x 67B)
Class org.gradle.internal.classloader.DefaultClassLoaderFactory                       : loaded 2 times (x 78B)
Class org.gradle.internal.classloader.ClassLoaderVisitor                              : loaded 2 times (x 72B)
Class org.gradle.api.internal.classpath.EffectiveClassPath                            : loaded 2 times (x 86B)
Class org.gradle.api.internal.DefaultClassPathProvider                                : loaded 2 times (x 72B)
Class [Lorg.gradle.api.internal.ClassPathProvider;                                    : loaded 2 times (x 65B)
Class org.gradle.api.internal.ClassPathProvider                                       : loaded 2 times (x 66B)
Class org.gradle.internal.service.UnknownServiceException                             : loaded 2 times (x 79B)
Class org.gradle.internal.classpath.TransformedClassPath                              : loaded 2 times (x 92B)
Class org.gradle.internal.classloader.InstrumentingClassLoader                        : loaded 2 times (x 66B)
Class org.gradle.internal.service.ServiceLocator                                      : loaded 2 times (x 66B)
Class org.gradle.internal.InternalTransformer                                         : loaded 2 times (x 66B)
Class org.gradle.internal.classloader.ClasspathUtil$1                                 : loaded 2 times (x 72B)
Class org.gradle.api.internal.classpath.DefaultModuleRegistry$DefaultModule           : loaded 2 times (x 82B)
Class org.gradle.api.internal.classpath.Module                                        : loaded 2 times (x 66B)
Class org.gradle.api.internal.classpath.UnknownModuleException                        : loaded 2 times (x 78B)
Class org.gradle.api.internal.DefaultClassPathRegistry                                : loaded 2 times (x 72B)
Class org.gradle.api.internal.ClassPathRegistry                                       : loaded 2 times (x 66B)
Class org.gradle.internal.classpath.DefaultClassPath$ImmutableUniqueList              : loaded 2 times (x 195B)
Class org.gradle.internal.classpath.ClassPath                                         : loaded 2 times (x 66B)
Class org.gradle.api.UncheckedIOException                                             : loaded 2 times (x 78B)
Class org.gradle.internal.installation.GradleInstallation$1                           : loaded 2 times (x 71B)
Class org.gradle.api.internal.classpath.ModuleRegistry                                : loaded 2 times (x 66B)
Class org.gradle.api.internal.classpath.DefaultModuleRegistry                         : loaded 2 times (x 82B)
Class org.gradle.internal.service.ServiceLookupException                              : loaded 2 times (x 78B)
Class org.gradle.internal.classloader.ClassLoaderFactory                              : loaded 2 times (x 66B)
Class org.gradle.internal.service.CachingServiceLocator                               : loaded 2 times (x 78B)
Class org.gradle.internal.classloader.ClasspathUtil                                   : loaded 2 times (x 67B)
Class org.gradle.api.specs.Spec                                                       : loaded 2 times (x 66B)
Class org.gradle.internal.classloader.VisitableURLClassLoader$InstrumentingVisitableURLClassLoader: loaded 2 times (x 119B)
Class org.gradle.internal.classloader.VisitableURLClassLoader$Spec                    : loaded 2 times (x 70B)
Class org.gradle.internal.classpath.DefaultClassPath                                  : loaded 2 times (x 86B)
Class org.gradle.internal.classloader.ClassLoaderSpec                                 : loaded 2 times (x 67B)
Class org.gradle.internal.classloader.VisitableURLClassLoader                         : loaded 2 times (x 113B)
Class org.gradle.internal.Cast                                                        : loaded 2 times (x 67B)
Class org.gradle.api.Action                                                           : loaded 2 times (x 66B)
Class org.gradle.internal.classpath.DefaultClassPath$ImmutableUniqueList$Builder      : loaded 2 times (x 71B)
Class org.gradle.api.GradleException                                                  : loaded 2 times (x 78B)
Class org.gradle.internal.IoActions                                                   : loaded 2 times (x 67B)
Class org.gradle.internal.classloader.SystemClassLoaderSpec                           : loaded 2 times (x 67B)
Class org.gradle.api.internal.classpath.GlobalCacheRootsProvider                      : loaded 2 times (x 66B)
Class org.gradle.internal.installation.CurrentGradleInstallationLocator               : loaded 2 times (x 67B)
Class org.gradle.internal.service.DefaultServiceLocator                               : loaded 2 times (x 79B)
Class org.gradle.internal.installation.CurrentGradleInstallation                      : loaded 2 times (x 69B)
Class org.gradle.util.internal.GUtil                                                  : loaded 2 times (x 67B)
Class org.gradle.internal.installation.GradleInstallation                             : loaded 2 times (x 71B)

---------------  S Y S T E M  ---------------

OS:
 Windows 10 , 64 bit Build 19041 (10.0.19041.5198)
OS uptime: 0 days 5:52 hours

CPU: total 4 (initial active 4) (2 cores per cpu, 2 threads per core) family 6 model 61 stepping 4 microcode 0x2d, cx8, cmov, fxsr, ht, mmx, 3dnowpref, sse, sse2, sse3, ssse3, sse4.1, sse4.2, popcnt, lzcnt, tsc, tscinvbit, avx, avx2, aes, erms, clmul, bmi1, bmi2, rtm, adx, fma, vzeroupper, clflush, rdtscp, f16c
Processor Information for all 4 processors :
  Max Mhz: 2301, Current Mhz: 2301, Mhz Limit: 2301

Memory: 4k page, system-wide physical 3968M (49M free)
TotalPageFile size 8968M (AvailPageFile size 6M)
current process WorkingSet (physical memory assigned to process): 161M, peak: 163M
current process commit charge ("private bytes"): 201M, peak: 203M

vm_info: OpenJDK 64-Bit Server VM (21.0.4+-12508038-b607.1) for windows-amd64 JRE (21.0.4+-12508038-b607.1), built on 2024-10-16T17:23:34Z by "builder" with MS VC++ 16.10 / 16.11 (VS2019)

END.
