#
# There is insufficient memory for the Java Runtime Environment to continue.
# Native memory allocation (malloc) failed to allocate 115376 bytes. Error detail: Chunk::new
# Possible reasons:
#   The system is out of physical RAM or swap space
#   This process is running with CompressedOops enabled, and the Java Heap may be blocking the growth of the native heap
# Possible solutions:
#   Reduce memory load on the system
#   Increase physical memory or swap space
#   Check if swap backing store is full
#   Decrease Java heap size (-Xmx/-Xms)
#   Decrease number of Java threads
#   Decrease Java thread stack sizes (-Xss)
#   Set larger code cache with -XX:ReservedCodeCacheSize=
#   JVM is running with Unscaled Compressed Oops mode in which the Java heap is
#     placed in the first 4GB address space. The Java Heap base address is the
#     maximum limit for the native heap growth. Please use -XX:HeapBaseMinAddress
#     to set the Java Heap base and to place the Java Heap above 4GB virtual address.
# This output file may be truncated or incomplete.
#
#  Out of Memory Error (arena.cpp:168), pid=7528, tid=6572
#
# JRE version: OpenJDK Runtime Environment (21.0.4) (build 21.0.4+-12508038-b607.1)
# Java VM: OpenJDK 64-Bit Server VM (21.0.4+-12508038-b607.1, mixed mode, tiered, compressed oops, compressed class ptrs, g1 gc, windows-amd64)
# No core dump will be written. Minidumps are not enabled by default on client versions of Windows
#

---------------  S U M M A R Y ------------

Command Line: --add-opens=java.base/java.util=ALL-UNNAMED --add-opens=java.base/java.lang=ALL-UNNAMED --add-opens=java.base/java.lang.invoke=ALL-UNNAMED --add-opens=java.prefs/java.util.prefs=ALL-UNNAMED --add-exports=jdk.compiler/com.sun.tools.javac.api=ALL-UNNAMED --add-exports=jdk.compiler/com.sun.tools.javac.util=ALL-UNNAMED --add-opens=java.base/java.nio.charset=ALL-UNNAMED --add-opens=java.base/java.net=ALL-UNNAMED --add-opens=java.base/java.util.concurrent.atomic=ALL-UNNAMED -Xmx2048m -Dfile.encoding=UTF-8 -Duser.country=US -Duser.language=en -Duser.variant -javaagent:C:\Users\DELL\.gradle\wrapper\dists\gradle-8.10.2-bin\a04bxjujx95o3nb99gddekhwo\gradle-8.10.2\lib\agents\gradle-instrumentation-agent-8.10.2.jar org.gradle.launcher.daemon.bootstrap.GradleDaemon 8.10.2

Host: Intel(R) Core(TM) i5-5300U CPU @ 2.30GHz, 4 cores, 3G,  Windows 10 , 64 bit Build 19041 (10.0.19041.5198)
Time: Wed Jan 15 17:53:38 2025 Bangladesh Standard Time elapsed time: 9.349731 seconds (0d 0h 0m 9s)

---------------  T H R E A D  ---------------

Current thread (0x000002462d76e7e0):  JavaThread "C2 CompilerThread0" daemon [_thread_in_native, id=6572, stack(0x000000847c900000,0x000000847ca00000) (1024K)]


Current CompileTask:
C2:   9349 2649   !   4       java.lang.ClassLoader::loadClass (121 bytes)

Stack: [0x000000847c900000,0x000000847ca00000]
Native frames: (J=compiled Java code, j=interpreted, Vv=VM code, C=native code)
V  [jvm.dll+0x6ce539]
V  [jvm.dll+0x85bf03]
V  [jvm.dll+0x85e45e]
V  [jvm.dll+0x85eb43]
V  [jvm.dll+0x27dd06]
V  [jvm.dll+0xbf9cd]
V  [jvm.dll+0xbff03]
V  [jvm.dll+0x2f207d]
V  [jvm.dll+0x38034e]
V  [jvm.dll+0x2473f2]
V  [jvm.dll+0x2469c1]
V  [jvm.dll+0x1c58a4]
V  [jvm.dll+0x255fec]
V  [jvm.dll+0x254536]
V  [jvm.dll+0x3efab6]
V  [jvm.dll+0x804418]
V  [jvm.dll+0x6cce0d]
C  [ucrtbase.dll+0x21bb2]
C  [KERNEL32.DLL+0x17374]
C  [ntdll.dll+0x4cc91]


---------------  P R O C E S S  ---------------

Threads class SMR info:
_java_thread_list=0x0000024632a8d490, length=24, elements={
0x0000024614600120, 0x000002462d767c10, 0x000002462d768930, 0x000002462d754e40,
0x000002462d7558a0, 0x000002462d756300, 0x000002462d756d60, 0x000002462d76e7e0,
0x000002462d76fa90, 0x000002462d4417c0, 0x000002462da6d1b0, 0x0000024632ec6ed0,
0x0000024633a7cf30, 0x00000246339278a0, 0x000002462d96aab0, 0x000002462d96b120,
0x0000024633ab1070, 0x0000024633ab1700, 0x0000024633ab2ab0, 0x0000024633ab3e60,
0x0000024633ab37d0, 0x0000024633ab1d90, 0x0000024633ab3140, 0x0000024633ab44f0
}

Java Threads: ( => current thread )
  0x0000024614600120 JavaThread "main"                              [_thread_blocked, id=1704, stack(0x000000847bb00000,0x000000847bc00000) (1024K)]
  0x000002462d767c10 JavaThread "Reference Handler"          daemon [_thread_blocked, id=2952, stack(0x000000847c300000,0x000000847c400000) (1024K)]
  0x000002462d768930 JavaThread "Finalizer"                  daemon [_thread_blocked, id=6308, stack(0x000000847c400000,0x000000847c500000) (1024K)]
  0x000002462d754e40 JavaThread "Signal Dispatcher"          daemon [_thread_blocked, id=8052, stack(0x000000847c500000,0x000000847c600000) (1024K)]
  0x000002462d7558a0 JavaThread "Attach Listener"            daemon [_thread_blocked, id=5024, stack(0x000000847c600000,0x000000847c700000) (1024K)]
  0x000002462d756300 JavaThread "Service Thread"             daemon [_thread_blocked, id=8196, stack(0x000000847c700000,0x000000847c800000) (1024K)]
  0x000002462d756d60 JavaThread "Monitor Deflation Thread"   daemon [_thread_blocked, id=7576, stack(0x000000847c800000,0x000000847c900000) (1024K)]
=>0x000002462d76e7e0 JavaThread "C2 CompilerThread0"         daemon [_thread_in_native, id=6572, stack(0x000000847c900000,0x000000847ca00000) (1024K)]
  0x000002462d76fa90 JavaThread "C1 CompilerThread0"         daemon [_thread_blocked, id=9060, stack(0x000000847ca00000,0x000000847cb00000) (1024K)]
  0x000002462d4417c0 JavaThread "Common-Cleaner"             daemon [_thread_blocked, id=5036, stack(0x000000847cb00000,0x000000847cc00000) (1024K)]
  0x000002462da6d1b0 JavaThread "Notification Thread"        daemon [_thread_blocked, id=7024, stack(0x000000847cc00000,0x000000847cd00000) (1024K)]
  0x0000024632ec6ed0 JavaThread "Daemon health stats"               [_thread_blocked, id=244, stack(0x000000847d000000,0x000000847d100000) (1024K)]
  0x0000024633a7cf30 JavaThread "Incoming local TCP Connector on port 57081"        [_thread_in_native, id=1460, stack(0x000000847d100000,0x000000847d200000) (1024K)]
  0x00000246339278a0 JavaThread "Daemon periodic checks"            [_thread_blocked, id=5888, stack(0x000000847d200000,0x000000847d300000) (1024K)]
  0x000002462d96aab0 JavaThread "Daemon"                            [_thread_blocked, id=9304, stack(0x000000847d300000,0x000000847d400000) (1024K)]
  0x000002462d96b120 JavaThread "Handler for socket connection from /127.0.0.1:57081 to /127.0.0.1:57082"        [_thread_in_native, id=4304, stack(0x000000847d400000,0x000000847d500000) (1024K)]
  0x0000024633ab1070 JavaThread "Cancel handler"                    [_thread_blocked, id=9820, stack(0x000000847d500000,0x000000847d600000) (1024K)]
  0x0000024633ab1700 JavaThread "Daemon worker"                     [_thread_in_native, id=10040, stack(0x000000847d600000,0x000000847d700000) (1024K)]
  0x0000024633ab2ab0 JavaThread "Asynchronous log dispatcher for DefaultDaemonConnection: socket connection from /127.0.0.1:57081 to /127.0.0.1:57082"        [_thread_blocked, id=5480, stack(0x000000847d700000,0x000000847d800000) (1024K)]
  0x0000024633ab3e60 JavaThread "Stdin handler"                     [_thread_blocked, id=9184, stack(0x000000847d800000,0x000000847d900000) (1024K)]
  0x0000024633ab37d0 JavaThread "Daemon client event forwarder"        [_thread_blocked, id=9784, stack(0x000000847d900000,0x000000847da00000) (1024K)]
  0x0000024633ab1d90 JavaThread "Cache worker for journal cache (C:\Users\DELL\.gradle\caches\journal-1)"        [_thread_blocked, id=9520, stack(0x000000847da00000,0x000000847db00000) (1024K)]
  0x0000024633ab3140 JavaThread "File lock request listener"        [_thread_in_native, id=2192, stack(0x000000847db00000,0x000000847dc00000) (1024K)]
  0x0000024633ab44f0 JavaThread "Cache worker for file hash cache (C:\Users\DELL\.gradle\caches\8.10.2\fileHashes)"        [_thread_blocked, id=5800, stack(0x000000847dc00000,0x000000847dd00000) (1024K)]
Total: 24

Other Threads:
  0x000002462d4a7000 VMThread "VM Thread"                           [id=9656, stack(0x000000847c200000,0x000000847c300000) (1024K)]
  0x00000246147ce750 WatcherThread "VM Periodic Task Thread"        [id=8896, stack(0x000000847c100000,0x000000847c200000) (1024K)]
  0x0000024614754f80 WorkerThread "GC Thread#0"                     [id=9172, stack(0x000000847bc00000,0x000000847bd00000) (1024K)]
  0x00000246320467a0 WorkerThread "GC Thread#1"                     [id=5524, stack(0x000000847cd00000,0x000000847ce00000) (1024K)]
  0x000002462db14290 WorkerThread "GC Thread#2"                     [id=3912, stack(0x000000847ce00000,0x000000847cf00000) (1024K)]
  0x00000246328f57c0 WorkerThread "GC Thread#3"                     [id=1844, stack(0x000000847cf00000,0x000000847d000000) (1024K)]
  0x0000024614765fe0 ConcurrentGCThread "G1 Main Marker"            [id=10044, stack(0x000000847bd00000,0x000000847be00000) (1024K)]
  0x0000024614767190 WorkerThread "G1 Conc#0"                       [id=9432, stack(0x000000847be00000,0x000000847bf00000) (1024K)]
  0x00000246147c3570 ConcurrentGCThread "G1 Refine#0"               [id=3708, stack(0x000000847bf00000,0x000000847c000000) (1024K)]
  0x00000246147c3ff0 ConcurrentGCThread "G1 Service"                [id=10020, stack(0x000000847c000000,0x000000847c100000) (1024K)]
Total: 10

Threads with active compile tasks:
C2 CompilerThread0     9622 2649   !   4       java.lang.ClassLoader::loadClass (121 bytes)
Total: 1

VM state: not at safepoint (normal execution)

VM Mutex/Monitor currently owned by a thread: None

Heap address: 0x0000000080000000, size: 2048 MB, Compressed Oops mode: 32-bit

CDS archive(s) not mapped
Compressed class space mapped at: 0x0000000100000000-0x0000000140000000, reserved size: 1073741824
Narrow klass base: 0x0000000000000000, Narrow klass shift: 3, Narrow klass range: 0x140000000

GC Precious Log:
 CardTable entry size: 512
 Card Set container configuration: InlinePtr #cards 5 size 8 Array Of Cards #cards 12 size 40 Howl #buckets 4 coarsen threshold 1843 Howl Bitmap #cards 512 size 80 coarsen threshold 460 Card regions per heap region 1 cards per card region 2048
 CPUs: 4 total, 4 available
 Memory: 3968M
 Large Page Support: Disabled
 NUMA Support: Disabled
 Compressed Oops: Enabled (32-bit)
 Heap Region Size: 1M
 Heap Min Capacity: 8M
 Heap Initial Capacity: 64M
 Heap Max Capacity: 2G
 Pre-touch: Disabled
 Parallel Workers: 4
 Concurrent Workers: 1
 Concurrent Refinement Workers: 4
 Periodic GC: Disabled

Heap:
 garbage-first heap   total 65536K, used 25011K [0x0000000080000000, 0x0000000100000000)
  region size 1024K, 7 young (7168K), 4 survivors (4096K)
 Metaspace       used 27078K, committed 27584K, reserved 1114112K
  class space    used 3343K, committed 3584K, reserved 1048576K

Heap Regions: E=young(eden), S=young(survivor), O=old, HS=humongous(starts), HC=humongous(continues), CS=collection set, F=free, TAMS=top-at-mark-start, PB=parsable bottom
|   0|0x0000000080000000, 0x0000000080100000, 0x0000000080100000|100%|HS|  |TAMS 0x0000000080000000| PB 0x0000000080000000| Complete 
|   1|0x0000000080100000, 0x0000000080200000, 0x0000000080200000|100%|HC|  |TAMS 0x0000000080100000| PB 0x0000000080100000| Complete 
|   2|0x0000000080200000, 0x0000000080300000, 0x0000000080300000|100%|HC|  |TAMS 0x0000000080200000| PB 0x0000000080200000| Complete 
|   3|0x0000000080300000, 0x0000000080400000, 0x0000000080400000|100%|HC|  |TAMS 0x0000000080300000| PB 0x0000000080300000| Complete 
|   4|0x0000000080400000, 0x0000000080500000, 0x0000000080500000|100%| O|Cm|TAMS 0x0000000080400000| PB 0x0000000080400000| Complete 
|   5|0x0000000080500000, 0x0000000080600000, 0x0000000080600000|100%| O|  |TAMS 0x0000000080500000| PB 0x0000000080500000| Untracked 
|   6|0x0000000080600000, 0x0000000080700000, 0x0000000080700000|100%| O|  |TAMS 0x0000000080600000| PB 0x0000000080600000| Untracked 
|   7|0x0000000080700000, 0x0000000080800000, 0x0000000080800000|100%| O|  |TAMS 0x0000000080700000| PB 0x0000000080700000| Untracked 
|   8|0x0000000080800000, 0x0000000080900000, 0x0000000080900000|100%| O|  |TAMS 0x0000000080800000| PB 0x0000000080800000| Untracked 
|   9|0x0000000080900000, 0x0000000080a00000, 0x0000000080a00000|100%| O|  |TAMS 0x0000000080900000| PB 0x0000000080900000| Untracked 
|  10|0x0000000080a00000, 0x0000000080b00000, 0x0000000080b00000|100%| O|  |TAMS 0x0000000080a00000| PB 0x0000000080a00000| Untracked 
|  11|0x0000000080b00000, 0x0000000080c00000, 0x0000000080c00000|100%|HS|  |TAMS 0x0000000080b00000| PB 0x0000000080b00000| Complete 
|  12|0x0000000080c00000, 0x0000000080d00000, 0x0000000080d00000|100%| O|  |TAMS 0x0000000080c00000| PB 0x0000000080c00000| Untracked 
|  13|0x0000000080d00000, 0x0000000080e00000, 0x0000000080e00000|100%| O|  |TAMS 0x0000000080d00000| PB 0x0000000080d00000| Untracked 
|  14|0x0000000080e00000, 0x0000000080f00000, 0x0000000080f00000|100%| O|  |TAMS 0x0000000080e00000| PB 0x0000000080e00000| Untracked 
|  15|0x0000000080f00000, 0x0000000081000000, 0x0000000081000000|100%| O|  |TAMS 0x0000000080f00000| PB 0x0000000080f00000| Untracked 
|  16|0x0000000081000000, 0x0000000081100000, 0x0000000081100000|100%| O|  |TAMS 0x0000000081000000| PB 0x0000000081000000| Untracked 
|  17|0x0000000081100000, 0x0000000081200000, 0x0000000081200000|100%| O|  |TAMS 0x0000000081100000| PB 0x0000000081100000| Untracked 
|  18|0x0000000081200000, 0x00000000812d07d8, 0x0000000081300000| 81%| O|  |TAMS 0x0000000081200000| PB 0x0000000081200000| Untracked 
|  19|0x0000000081300000, 0x0000000081300000, 0x0000000081400000|  0%| F|  |TAMS 0x0000000081300000| PB 0x0000000081300000| Untracked 
|  20|0x0000000081400000, 0x0000000081400000, 0x0000000081500000|  0%| F|  |TAMS 0x0000000081400000| PB 0x0000000081400000| Untracked 
|  21|0x0000000081500000, 0x0000000081500000, 0x0000000081600000|  0%| F|  |TAMS 0x0000000081500000| PB 0x0000000081500000| Untracked 
|  22|0x0000000081600000, 0x0000000081600000, 0x0000000081700000|  0%| F|  |TAMS 0x0000000081600000| PB 0x0000000081600000| Untracked 
|  23|0x0000000081700000, 0x0000000081700000, 0x0000000081800000|  0%| F|  |TAMS 0x0000000081700000| PB 0x0000000081700000| Untracked 
|  24|0x0000000081800000, 0x0000000081800000, 0x0000000081900000|  0%| F|  |TAMS 0x0000000081800000| PB 0x0000000081800000| Untracked 
|  25|0x0000000081900000, 0x0000000081900000, 0x0000000081a00000|  0%| F|  |TAMS 0x0000000081900000| PB 0x0000000081900000| Untracked 
|  26|0x0000000081a00000, 0x0000000081a00000, 0x0000000081b00000|  0%| F|  |TAMS 0x0000000081a00000| PB 0x0000000081a00000| Untracked 
|  27|0x0000000081b00000, 0x0000000081b00000, 0x0000000081c00000|  0%| F|  |TAMS 0x0000000081b00000| PB 0x0000000081b00000| Untracked 
|  28|0x0000000081c00000, 0x0000000081c9c6c0, 0x0000000081d00000| 61%| S|CS|TAMS 0x0000000081c00000| PB 0x0000000081c00000| Complete 
|  29|0x0000000081d00000, 0x0000000081e00000, 0x0000000081e00000|100%| S|CS|TAMS 0x0000000081d00000| PB 0x0000000081d00000| Complete 
|  30|0x0000000081e00000, 0x0000000081f00000, 0x0000000081f00000|100%| S|CS|TAMS 0x0000000081e00000| PB 0x0000000081e00000| Complete 
|  31|0x0000000081f00000, 0x0000000082000000, 0x0000000082000000|100%| S|CS|TAMS 0x0000000081f00000| PB 0x0000000081f00000| Complete 
|  32|0x0000000082000000, 0x0000000082000000, 0x0000000082100000|  0%| F|  |TAMS 0x0000000082000000| PB 0x0000000082000000| Untracked 
|  33|0x0000000082100000, 0x0000000082100000, 0x0000000082200000|  0%| F|  |TAMS 0x0000000082100000| PB 0x0000000082100000| Untracked 
|  34|0x0000000082200000, 0x0000000082200000, 0x0000000082300000|  0%| F|  |TAMS 0x0000000082200000| PB 0x0000000082200000| Untracked 
|  35|0x0000000082300000, 0x0000000082300000, 0x0000000082400000|  0%| F|  |TAMS 0x0000000082300000| PB 0x0000000082300000| Untracked 
|  36|0x0000000082400000, 0x0000000082400000, 0x0000000082500000|  0%| F|  |TAMS 0x0000000082400000| PB 0x0000000082400000| Untracked 
|  37|0x0000000082500000, 0x0000000082500000, 0x0000000082600000|  0%| F|  |TAMS 0x0000000082500000| PB 0x0000000082500000| Untracked 
|  38|0x0000000082600000, 0x0000000082600000, 0x0000000082700000|  0%| F|  |TAMS 0x0000000082600000| PB 0x0000000082600000| Untracked 
|  39|0x0000000082700000, 0x0000000082700000, 0x0000000082800000|  0%| F|  |TAMS 0x0000000082700000| PB 0x0000000082700000| Untracked 
|  40|0x0000000082800000, 0x0000000082800000, 0x0000000082900000|  0%| F|  |TAMS 0x0000000082800000| PB 0x0000000082800000| Untracked 
|  41|0x0000000082900000, 0x0000000082900000, 0x0000000082a00000|  0%| F|  |TAMS 0x0000000082900000| PB 0x0000000082900000| Untracked 
|  42|0x0000000082a00000, 0x0000000082a00000, 0x0000000082b00000|  0%| F|  |TAMS 0x0000000082a00000| PB 0x0000000082a00000| Untracked 
|  43|0x0000000082b00000, 0x0000000082b00000, 0x0000000082c00000|  0%| F|  |TAMS 0x0000000082b00000| PB 0x0000000082b00000| Untracked 
|  44|0x0000000082c00000, 0x0000000082c00000, 0x0000000082d00000|  0%| F|  |TAMS 0x0000000082c00000| PB 0x0000000082c00000| Untracked 
|  45|0x0000000082d00000, 0x0000000082d00000, 0x0000000082e00000|  0%| F|  |TAMS 0x0000000082d00000| PB 0x0000000082d00000| Untracked 
|  46|0x0000000082e00000, 0x0000000082e00000, 0x0000000082f00000|  0%| F|  |TAMS 0x0000000082e00000| PB 0x0000000082e00000| Untracked 
|  47|0x0000000082f00000, 0x0000000082f00000, 0x0000000083000000|  0%| F|  |TAMS 0x0000000082f00000| PB 0x0000000082f00000| Untracked 
|  48|0x0000000083000000, 0x0000000083000000, 0x0000000083100000|  0%| F|  |TAMS 0x0000000083000000| PB 0x0000000083000000| Untracked 
|  49|0x0000000083100000, 0x0000000083100000, 0x0000000083200000|  0%| F|  |TAMS 0x0000000083100000| PB 0x0000000083100000| Untracked 
|  50|0x0000000083200000, 0x0000000083200000, 0x0000000083300000|  0%| F|  |TAMS 0x0000000083200000| PB 0x0000000083200000| Untracked 
|  51|0x0000000083300000, 0x0000000083300000, 0x0000000083400000|  0%| F|  |TAMS 0x0000000083300000| PB 0x0000000083300000| Untracked 
|  52|0x0000000083400000, 0x0000000083400000, 0x0000000083500000|  0%| F|  |TAMS 0x0000000083400000| PB 0x0000000083400000| Untracked 
|  53|0x0000000083500000, 0x0000000083500000, 0x0000000083600000|  0%| F|  |TAMS 0x0000000083500000| PB 0x0000000083500000| Untracked 
|  54|0x0000000083600000, 0x0000000083600000, 0x0000000083700000|  0%| F|  |TAMS 0x0000000083600000| PB 0x0000000083600000| Untracked 
|  55|0x0000000083700000, 0x0000000083700000, 0x0000000083800000|  0%| F|  |TAMS 0x0000000083700000| PB 0x0000000083700000| Untracked 
|  56|0x0000000083800000, 0x0000000083800000, 0x0000000083900000|  0%| F|  |TAMS 0x0000000083800000| PB 0x0000000083800000| Untracked 
|  57|0x0000000083900000, 0x0000000083900000, 0x0000000083a00000|  0%| F|  |TAMS 0x0000000083900000| PB 0x0000000083900000| Untracked 
|  58|0x0000000083a00000, 0x0000000083a00000, 0x0000000083b00000|  0%| F|  |TAMS 0x0000000083a00000| PB 0x0000000083a00000| Untracked 
|  59|0x0000000083b00000, 0x0000000083b00000, 0x0000000083c00000|  0%| F|  |TAMS 0x0000000083b00000| PB 0x0000000083b00000| Untracked 
|  60|0x0000000083c00000, 0x0000000083c00000, 0x0000000083d00000|  0%| F|  |TAMS 0x0000000083c00000| PB 0x0000000083c00000| Untracked 
|  61|0x0000000083d00000, 0x0000000083dde798, 0x0000000083e00000| 86%| E|  |TAMS 0x0000000083d00000| PB 0x0000000083d00000| Complete 
|  62|0x0000000083e00000, 0x0000000083f00000, 0x0000000083f00000|100%| E|CS|TAMS 0x0000000083e00000| PB 0x0000000083e00000| Complete 
|  63|0x0000000083f00000, 0x0000000084000000, 0x0000000084000000|100%| E|CS|TAMS 0x0000000083f00000| PB 0x0000000083f00000| Complete 

Card table byte_map: [0x0000024628a90000,0x0000024628e90000] _byte_map_base: 0x0000024628690000

Marking Bits: (CMBitMap*) 0x0000024614755590
 Bits: [0x0000024628e90000, 0x000002462ae90000)

Polling page: 0x00000246147d0000

Metaspace:

Usage:
  Non-class:     23.19 MB used.
      Class:      3.27 MB used.
       Both:     26.46 MB used.

Virtual space:
  Non-class space:       64.00 MB reserved,      23.50 MB ( 37%) committed,  1 nodes.
      Class space:        1.00 GB reserved,       3.50 MB ( <1%) committed,  1 nodes.
             Both:        1.06 GB reserved,      27.00 MB (  2%) committed. 

Chunk freelists:
   Non-Class:  8.11 MB
       Class:  12.50 MB
        Both:  20.61 MB

MaxMetaspaceSize: unlimited
CompressedClassSpaceSize: 1.00 GB
Initial GC threshold: 21.00 MB
Current GC threshold: 35.31 MB
CDS: off
 - commit_granule_bytes: 65536.
 - commit_granule_words: 8192.
 - virtual_space_node_default_size: 8388608.
 - enlarge_chunks_in_place: 1.
 - use_allocation_guard: 0.


Internal statistics:

num_allocs_failed_limit: 3.
num_arena_births: 658.
num_arena_deaths: 0.
num_vsnodes_births: 2.
num_vsnodes_deaths: 0.
num_space_committed: 432.
num_space_uncommitted: 0.
num_chunks_returned_to_freelist: 3.
num_chunks_taken_from_freelist: 1314.
num_chunk_merges: 3.
num_chunk_splits: 848.
num_chunks_enlarged: 577.
num_inconsistent_stats: 0.

CodeHeap 'non-profiled nmethods': size=120000Kb used=1255Kb max_used=1255Kb free=118744Kb
 bounds [0x0000024620b40000, 0x0000024620db0000, 0x0000024628070000]
CodeHeap 'profiled nmethods': size=120000Kb used=5599Kb max_used=5599Kb free=114401Kb
 bounds [0x0000024619070000, 0x00000246195f0000, 0x00000246205a0000]
CodeHeap 'non-nmethods': size=5760Kb used=1466Kb max_used=1470Kb free=4293Kb
 bounds [0x00000246205a0000, 0x0000024620810000, 0x0000024620b40000]
 total_blobs=3335 nmethods=2773 adapters=466
 compilation: enabled
              stopped_count=0, restarted_count=0
 full_count=0

Compilation events (20 events):
Event: 9.207 Thread 0x000002462d76fa90 2663       3       java.lang.reflect.ReflectAccess::getRoot (5 bytes)
Event: 9.207 Thread 0x000002462d76fa90 nmethod 2663 0x00000246195b9810 code [0x00000246195b99c0, 0x00000246195b9b90]
Event: 9.207 Thread 0x000002462d76fa90 2662       1       java.lang.reflect.Method::getMethodAccessor (5 bytes)
Event: 9.207 Thread 0x000002462d76fa90 nmethod 2662 0x0000024620c73e10 code [0x0000024620c73fa0, 0x0000024620c74068]
Event: 9.207 Thread 0x000002462d76fa90 2664       3       jdk.internal.reflect.MagicAccessorImpl::<init> (5 bytes)
Event: 9.208 Thread 0x000002462d76fa90 nmethod 2664 0x00000246195b9c90 code [0x00000246195b9e20, 0x00000246195b9f88]
Event: 9.208 Thread 0x000002462d76fa90 2665       3       java.lang.reflect.Method::setMethodAccessor (20 bytes)
Event: 9.208 Thread 0x000002462d76fa90 nmethod 2665 0x00000246195ba090 code [0x00000246195ba240, 0x00000246195ba510]
Event: 9.209 Thread 0x000002462d76fa90 2666       3       java.lang.reflect.Method::isVarArgs (5 bytes)
Event: 9.210 Thread 0x000002462d76fa90 nmethod 2666 0x00000246195ba610 code [0x00000246195ba7c0, 0x00000246195ba9a0]
Event: 9.210 Thread 0x000002462d76fa90 2667       3       jdk.internal.reflect.MethodHandleAccessorFactory::ensureClassInitialized (18 bytes)
Event: 9.210 Thread 0x000002462d76fa90 nmethod 2667 0x00000246195baa90 code [0x00000246195bac80, 0x00000246195bb0e8]
Event: 9.211 Thread 0x000002462d76fa90 2668       3       jdk.internal.reflect.ReflectionFactory::useMethodHandleAccessor (18 bytes)
Event: 9.212 Thread 0x000002462d76fa90 nmethod 2668 0x00000246195bb290 code [0x00000246195bb420, 0x00000246195bb5a0]
Event: 9.212 Thread 0x000002462d76fa90 2669       3       jdk.internal.reflect.MethodHandleAccessorFactory::useNativeAccessor (74 bytes)
Event: 9.212 Thread 0x000002462d76fa90 nmethod 2669 0x00000246195bb690 code [0x00000246195bb8e0, 0x00000246195bc100]
Event: 9.215 Thread 0x000002462d76fa90 2670       3       jdk.internal.org.objectweb.asm.ClassWriter::visitSource (39 bytes)
Event: 9.216 Thread 0x000002462d76fa90 nmethod 2670 0x00000246195bc390 code [0x00000246195bc560, 0x00000246195bc9c8]
Event: 9.216 Thread 0x000002462d76fa90 2671       3       java.lang.invoke.InvokerBytecodeGenerator$ClassData::<init> (20 bytes)
Event: 9.216 Thread 0x000002462d76fa90 nmethod 2671 0x00000246195bcb90 code [0x00000246195bcd40, 0x00000246195bcfc0]

GC Heap History (10 events):
Event: 2.872 GC heap before
{Heap before GC invocations=0 (full 0):
 garbage-first heap   total 65536K, used 13312K [0x0000000080000000, 0x0000000100000000)
  region size 1024K, 13 young (13312K), 0 survivors (0K)
 Metaspace       used 7371K, committed 7488K, reserved 1114112K
  class space    used 665K, committed 704K, reserved 1048576K
}
Event: 2.876 GC heap after
{Heap after GC invocations=1 (full 0):
 garbage-first heap   total 65536K, used 1344K [0x0000000080000000, 0x0000000100000000)
  region size 1024K, 2 young (2048K), 2 survivors (2048K)
 Metaspace       used 7371K, committed 7488K, reserved 1114112K
  class space    used 665K, committed 704K, reserved 1048576K
}
Event: 4.409 GC heap before
{Heap before GC invocations=1 (full 0):
 garbage-first heap   total 65536K, used 28992K [0x0000000080000000, 0x0000000100000000)
  region size 1024K, 26 young (26624K), 2 survivors (2048K)
 Metaspace       used 11244K, committed 11456K, reserved 1114112K
  class space    used 1173K, committed 1280K, reserved 1048576K
}
Event: 4.417 GC heap after
{Heap after GC invocations=2 (full 0):
 garbage-first heap   total 65536K, used 11393K [0x0000000080000000, 0x0000000100000000)
  region size 1024K, 4 young (4096K), 4 survivors (4096K)
 Metaspace       used 11244K, committed 11456K, reserved 1114112K
  class space    used 1173K, committed 1280K, reserved 1048576K
}
Event: 5.412 GC heap before
{Heap before GC invocations=2 (full 0):
 garbage-first heap   total 65536K, used 46209K [0x0000000080000000, 0x0000000100000000)
  region size 1024K, 38 young (38912K), 4 survivors (4096K)
 Metaspace       used 12196K, committed 12416K, reserved 1114112K
  class space    used 1276K, committed 1408K, reserved 1048576K
}
Event: 5.420 GC heap after
{Heap after GC invocations=3 (full 0):
 garbage-first heap   total 65536K, used 12288K [0x0000000080000000, 0x0000000100000000)
  region size 1024K, 1 young (1024K), 1 survivors (1024K)
 Metaspace       used 12196K, committed 12416K, reserved 1114112K
  class space    used 1276K, committed 1408K, reserved 1048576K
}
Event: 6.746 GC heap before
{Heap before GC invocations=3 (full 0):
 garbage-first heap   total 65536K, used 50176K [0x0000000080000000, 0x0000000100000000)
  region size 1024K, 36 young (36864K), 1 survivors (1024K)
 Metaspace       used 16848K, committed 17088K, reserved 1114112K
  class space    used 1893K, committed 1984K, reserved 1048576K
}
Event: 6.757 GC heap after
{Heap after GC invocations=4 (full 0):
 garbage-first heap   total 65536K, used 19119K [0x0000000080000000, 0x0000000100000000)
  region size 1024K, 5 young (5120K), 5 survivors (5120K)
 Metaspace       used 16848K, committed 17088K, reserved 1114112K
  class space    used 1893K, committed 1984K, reserved 1048576K
}
Event: 8.270 GC heap before
{Heap before GC invocations=4 (full 0):
 garbage-first heap   total 65536K, used 33455K [0x0000000080000000, 0x0000000100000000)
  region size 1024K, 20 young (20480K), 5 survivors (5120K)
 Metaspace       used 21144K, committed 21504K, reserved 1114112K
  class space    used 2435K, committed 2624K, reserved 1048576K
}
Event: 8.281 GC heap after
{Heap after GC invocations=5 (full 0):
 garbage-first heap   total 65536K, used 21298K [0x0000000080000000, 0x0000000100000000)
  region size 1024K, 2 young (2048K), 2 survivors (2048K)
 Metaspace       used 21144K, committed 21504K, reserved 1114112K
  class space    used 2435K, committed 2624K, reserved 1048576K
}

Dll operation events (3 events):
Event: 0.076 Loaded shared library C:\Program Files\Android\Android Studio2\jbr\bin\java.dll
Event: 0.105 Loaded shared library C:\Program Files\Android\Android Studio2\jbr\bin\zip.dll
Event: 3.752 Loaded shared library C:\Program Files\Android\Android Studio2\jbr\bin\verify.dll

Deoptimization events (20 events):
Event: 8.508 Thread 0x0000024633ab1700 DEOPT PACKING pc=0x0000024620bc603c sp=0x000000847d6fb880
Event: 8.508 Thread 0x0000024633ab1700 DEOPT UNPACKING pc=0x00000246205f46a2 sp=0x000000847d6fb7e8 mode 2
Event: 8.993 Thread 0x0000024633ab1700 Uncommon trap: trap_request=0xffffffde fr.pc=0x0000024620c0be64 relative=0x0000000000000304
Event: 8.993 Thread 0x0000024633ab1700 Uncommon trap: reason=class_check action=maybe_recompile pc=0x0000024620c0be64 method=java.util.regex.Pattern$BmpCharPropertyGreedy.match(Ljava/util/regex/Matcher;ILjava/lang/CharSequence;)Z @ 26 c2
Event: 8.993 Thread 0x0000024633ab1700 DEOPT PACKING pc=0x0000024620c0be64 sp=0x000000847d6fbf00
Event: 8.993 Thread 0x0000024633ab1700 DEOPT UNPACKING pc=0x00000246205f46a2 sp=0x000000847d6fbeb8 mode 2
Event: 8.993 Thread 0x0000024633ab1700 Uncommon trap: trap_request=0xffffffde fr.pc=0x0000024620c0be64 relative=0x0000000000000304
Event: 8.993 Thread 0x0000024633ab1700 Uncommon trap: reason=class_check action=maybe_recompile pc=0x0000024620c0be64 method=java.util.regex.Pattern$BmpCharPropertyGreedy.match(Ljava/util/regex/Matcher;ILjava/lang/CharSequence;)Z @ 26 c2
Event: 8.993 Thread 0x0000024633ab1700 DEOPT PACKING pc=0x0000024620c0be64 sp=0x000000847d6fbe70
Event: 8.993 Thread 0x0000024633ab1700 DEOPT UNPACKING pc=0x00000246205f46a2 sp=0x000000847d6fbe28 mode 2
Event: 9.078 Thread 0x0000024633ab1700 DEOPT PACKING pc=0x0000024619164a3f sp=0x000000847d6fa460
Event: 9.078 Thread 0x0000024633ab1700 DEOPT UNPACKING pc=0x00000246205f4e42 sp=0x000000847d6f98f8 mode 0
Event: 9.217 Thread 0x0000024633ab1700 Uncommon trap: trap_request=0xffffff45 fr.pc=0x0000024620b621b0 relative=0x0000000000000d30
Event: 9.217 Thread 0x0000024633ab1700 Uncommon trap: reason=unstable_if action=reinterpret pc=0x0000024620b621b0 method=java.io.WinNTFileSystem.resolve(Ljava/lang/String;Ljava/lang/String;)Ljava/lang/String; @ 19 c2
Event: 9.217 Thread 0x0000024633ab1700 DEOPT PACKING pc=0x0000024620b621b0 sp=0x000000847d6fb210
Event: 9.217 Thread 0x0000024633ab1700 DEOPT UNPACKING pc=0x00000246205f46a2 sp=0x000000847d6fb1a8 mode 2
Event: 9.226 Thread 0x0000024633ab1700 Uncommon trap: trap_request=0xffffff45 fr.pc=0x0000024620bc7494 relative=0x0000000000000634
Event: 9.226 Thread 0x0000024633ab1700 Uncommon trap: reason=unstable_if action=reinterpret pc=0x0000024620bc7494 method=java.io.File.getName()Ljava/lang/String; @ 16 c2
Event: 9.226 Thread 0x0000024633ab1700 DEOPT PACKING pc=0x0000024620bc7494 sp=0x000000847d6fb1d0
Event: 9.226 Thread 0x0000024633ab1700 DEOPT UNPACKING pc=0x00000246205f46a2 sp=0x000000847d6fb1a0 mode 2

Classes loaded (20 events):
Event: 9.020 Loading class java/util/concurrent/locks/ReentrantLock$FairSync
Event: 9.020 Loading class java/util/concurrent/locks/ReentrantLock$FairSync done
Event: 9.027 Loading class sun/misc/Unsafe
Event: 9.027 Loading class sun/misc/Unsafe done
Event: 9.047 Loading class java/net/DatagramPacket
Event: 9.047 Loading class java/net/DatagramPacket done
Event: 9.048 Loading class sun/nio/ch/DatagramChannelImpl$DatagramPackets
Event: 9.048 Loading class sun/nio/ch/DatagramChannelImpl$DatagramPackets done
Event: 9.152 Loading class sun/security/provider/MD5
Event: 9.152 Loading class sun/security/provider/MD5 done
Event: 9.153 Loading class sun/security/provider/SHA5$SHA512
Event: 9.153 Loading class sun/security/provider/SHA5
Event: 9.153 Loading class sun/security/provider/SHA5 done
Event: 9.153 Loading class sun/security/provider/SHA5$SHA512 done
Event: 9.156 Loading class sun/security/provider/ByteArrayAccess$LE
Event: 9.156 Loading class sun/security/provider/ByteArrayAccess$LE done
Event: 9.225 Loading class java/io/File$TempDirectory
Event: 9.225 Loading class java/io/File$TempDirectory done
Event: 9.250 Loading class java/io/PrintWriter
Event: 9.252 Loading class java/io/PrintWriter done

Classes unloaded (0 events):
No events

Classes redefined (0 events):
No events

Internal exceptions (20 events):
Event: 6.860 Thread 0x0000024614600120 Exception <a 'java/lang/NoSuchMethodError'{0x0000000083d41d60}: 'java.lang.Object java.lang.invoke.DirectMethodHandle$Holder.invokeStaticInit(java.lang.Object, int, int, int, int)'> (0x0000000083d41d60) 
thrown [s\src\hotspot\share\interpreter\linkResolver.cpp, line 784]
Event: 7.034 Thread 0x0000024614600120 Exception <a 'java/lang/NoSuchMethodError'{0x0000000083dac8b0}: 'java.lang.Object java.lang.invoke.DirectMethodHandle$Holder.invokeStaticInit(java.lang.Object, java.lang.Object, int, int, int, int)'> (0x0000000083dac8b0) 
thrown [s\src\hotspot\share\interpreter\linkResolver.cpp, line 784]
Event: 7.711 Thread 0x0000024614600120 Exception <a 'java/io/IOException'{0x0000000083ad7ae0}> (0x0000000083ad7ae0) 
thrown [s\src\hotspot\share\prims\jni.cpp, line 535]
Event: 7.720 Thread 0x0000024614600120 Implicit null exception at 0x0000024620b9c5a0 to 0x0000024620b9cb44
Event: 7.729 Thread 0x0000024614600120 Exception <a 'java/lang/NoSuchMethodError'{0x00000000839459e0}: 'java.lang.Object java.lang.invoke.DirectMethodHandle$Holder.newInvokeSpecial(java.lang.Object, java.lang.Object, java.lang.Object, java.lang.Object, java.lang.Object)'> (0x00000000839459e0) 
thrown [s\src\hotspot\share\interpreter\linkResolver.cpp, line 784]
Event: 8.062 Thread 0x000002462d96aab0 Exception <a 'java/lang/NoSuchMethodError'{0x0000000083567540}: 'void java.lang.invoke.DirectMethodHandle$Holder.invokeSpecial(java.lang.Object, java.lang.Object, java.lang.Object)'> (0x0000000083567540) 
thrown [s\src\hotspot\share\interpreter\linkResolver.cpp, line 784]
Event: 8.225 Thread 0x0000024633ab1700 Exception <a 'java/lang/NoSuchMethodError'{0x000000008328b408}: 'long java.lang.invoke.DirectMethodHandle$Holder.invokeInterface(java.lang.Object, java.lang.Object)'> (0x000000008328b408) 
thrown [s\src\hotspot\share\interpreter\linkResolver.cpp, line 784]
Event: 8.402 Thread 0x0000024633ab1700 Exception <a 'java/lang/NoSuchMethodError'{0x0000000083c49be8}: 'void java.lang.invoke.DirectMethodHandle$Holder.invokeStatic(java.lang.Object, java.lang.Object)'> (0x0000000083c49be8) 
thrown [s\src\hotspot\share\interpreter\linkResolver.cpp, line 784]
Event: 8.429 Thread 0x0000024633ab1700 Exception <a 'java/lang/NoSuchMethodError'{0x0000000083c97cc0}: 'java.lang.Object java.lang.invoke.DirectMethodHandle$Holder.invokeVirtual(java.lang.Object, java.lang.Object, java.lang.Object, java.lang.Object, java.lang.Object, java.lang.Object, java.lang.Object, java.lang.Object, java.lang.Object, java.lang.Object, java.lang.Object, java.lang.Object)'> (0x0000000083c97cc0) 
thrown [s\src\hotspot\share\interpreter\linkResolver.cpp, line 784]
Event: 8.429 Thread 0x0000024633ab1700 Exception <a 'java/lang/NoSuchMethodError'{0x0000000083c9ce10}: 'java.lang.Object java.lang.invoke.DirectMethodHandle$Holder.invokeSpecial(java.lang.Object, java.lang.Object, java.lang.Object, java.lang.Object, java.lang.Object, java.lang.Object, java.lang.Object, java.lang.Object, java.lang.Object, java.lang.Object, java.lang.Object, java.lang.Object, java.lang.Object)'> (0x0000000083c9ce10) 
thrown [s\src\hotspot\share\interpreter\linkResolver.cpp, line 784]
Event: 8.521 Thread 0x0000024633ab1700 Exception <a 'java/lang/NoSuchMethodError'{0x0000000083a85090}: 'int java.lang.invoke.DirectMethodHandle$Holder.invokeVirtual(java.lang.Object, java.lang.Object, java.lang.Object)'> (0x0000000083a85090) 
thrown [s\src\hotspot\share\interpreter\linkResolver.cpp, line 784]
Event: 8.589 Thread 0x0000024633ab1700 Exception <a 'java/lang/NoSuchMethodError'{0x00000000838dfa40}: 'java.lang.Object java.lang.invoke.DirectMethodHandle$Holder.newInvokeSpecial(java.lang.Object, java.lang.Object, java.lang.Object, java.lang.Object, java.lang.Object, java.lang.Object)'> (0x00000000838dfa40) 
thrown [s\src\hotspot\share\interpreter\linkResolver.cpp, line 784]
Event: 8.595 Thread 0x0000024633ab1700 Exception <a 'java/lang/NoSuchMethodError'{0x0000000083701f10}: 'void java.lang.invoke.DirectMethodHandle$Holder.invokeStaticInit(java.lang.Object, java.lang.Object)'> (0x0000000083701f10) 
thrown [s\src\hotspot\share\interpreter\linkResolver.cpp, line 784]
Event: 8.713 Thread 0x0000024633ab1700 Exception <a 'java/lang/NoSuchMethodError'{0x00000000835a4628}: 'void java.lang.invoke.DelegatingMethodHandle$Holder.reinvoke_L(java.lang.Object, java.lang.Object, java.lang.Object, java.lang.Object, java.lang.Object, java.lang.Object, java.lang.Object, java.lang.Object, java.lang.Object, java.lang.Object)'> (0x00000000835a4628) 
thrown [s\src\hotspot\share\interpreter\linkResolver.cpp, line 784]
Event: 8.715 Thread 0x0000024633ab1700 Exception <a 'java/lang/NoSuchMethodError'{0x00000000835ac108}: 'java.lang.Object java.lang.invoke.Invokers$Holder.invoker(java.lang.Object, java.lang.Object, java.lang.Object, java.lang.Object, java.lang.Object, java.lang.Object, java.lang.Object, java.lang.Object, java.lang.Object, java.lang.Object)'> (0x00000000835ac108) 
thrown [s\src\hotspot\share\interpreter\linkResolver.cpp, line 784]
Event: 8.909 Thread 0x0000024633ab1700 Exception <a 'java/lang/NoSuchMethodError'{0x0000000083179b90}: 'void java.lang.invoke.DirectMethodHandle$Holder.invokeVirtual(java.lang.Object, java.lang.Object, java.lang.Object, java.lang.Object, java.lang.Object)'> (0x0000000083179b90) 
thrown [s\src\hotspot\share\interpreter\linkResolver.cpp, line 784]
Event: 8.988 Thread 0x0000024633ab1700 Exception <a 'java/lang/NoSuchMethodError'{0x0000000082d1f2e0}: 'void java.lang.invoke.DirectMethodHandle$Holder.invokeInterface(java.lang.Object, java.lang.Object)'> (0x0000000082d1f2e0) 
thrown [s\src\hotspot\share\interpreter\linkResolver.cpp, line 784]
Event: 8.988 Thread 0x0000024633ab1700 Exception <a 'java/lang/IncompatibleClassChangeError'{0x0000000082d22860}: Found class java.lang.Object, but interface was expected> (0x0000000082d22860) 
thrown [s\src\hotspot\share\interpreter\linkResolver.cpp, line 851]
Event: 9.024 Thread 0x0000024633ab1700 Exception <a 'java/lang/NoSuchMethodError'{0x0000000082c45590}: 'java.lang.Object java.lang.invoke.DirectMethodHandle$Holder.newInvokeSpecial(java.lang.Object, java.lang.Object, int)'> (0x0000000082c45590) 
thrown [s\src\hotspot\share\interpreter\linkResolver.cpp, line 784]
Event: 9.057 Thread 0x0000024633ab1700 Exception <a 'java/lang/NoSuchMethodError'{0x0000000082cd4710}: 'java.lang.Object java.lang.invoke.DirectMethodHandle$Holder.invokeVirtual(java.lang.Object, java.lang.Object, java.lang.Object, java.lang.Object, java.lang.Object, java.lang.Object, java.lang.Object, java.lang.Object)'> (0x0000000082cd4710) 
thrown [s\src\hotspot\share\interpreter\linkResolver.cpp, line 784]

ZGC Phase Switch (0 events):
No events

VM Operations (20 events):
Event: 6.746 Executing VM operation: G1CollectForAllocation (G1 Evacuation Pause)
Event: 6.757 Executing VM operation: G1CollectForAllocation (G1 Evacuation Pause) done
Event: 6.806 Executing VM operation: HandshakeAllThreads (Deoptimize)
Event: 6.806 Executing VM operation: HandshakeAllThreads (Deoptimize) done
Event: 6.928 Executing VM operation: HandshakeAllThreads (Deoptimize)
Event: 6.928 Executing VM operation: HandshakeAllThreads (Deoptimize) done
Event: 7.266 Executing VM operation: HandshakeAllThreads (Deoptimize)
Event: 7.266 Executing VM operation: HandshakeAllThreads (Deoptimize) done
Event: 7.895 Executing VM operation: HandshakeAllThreads (Deoptimize)
Event: 7.895 Executing VM operation: HandshakeAllThreads (Deoptimize) done
Event: 7.895 Executing VM operation: Cleanup
Event: 7.895 Executing VM operation: Cleanup done
Event: 8.269 Executing VM operation: CollectForMetadataAllocation (Metadata GC Threshold)
Event: 8.282 Executing VM operation: CollectForMetadataAllocation (Metadata GC Threshold) done
Event: 8.302 Executing VM operation: G1PauseRemark
Event: 8.310 Executing VM operation: G1PauseRemark done
Event: 8.317 Executing VM operation: G1PauseCleanup
Event: 8.317 Executing VM operation: G1PauseCleanup done
Event: 9.021 Executing VM operation: HandshakeAllThreads (Deoptimize)
Event: 9.021 Executing VM operation: HandshakeAllThreads (Deoptimize) done

Memory protections (0 events):
No events

Nmethod flushes (0 events):
No events

Events (20 events):
Event: 2.259 Thread 0x0000024614600120 Thread added: 0x000002462da6d1b0
Event: 2.965 Loaded shared library C:\Program Files\Android\Android Studio2\jbr\bin\jimage.dll
Event: 3.971 Loaded shared library C:\Users\DELL\.gradle\native\c067742578af261105cb4f569cf0c3c89f3d7b1fecec35dd04571415982c5e48\windows-amd64\native-platform.dll
Event: 4.007 Loaded shared library C:\Users\DELL\.gradle\native\100fb08df4bc3b14c8652ba06237920a3bd2aa13389f12d3474272988ae205f9\windows-amd64\native-platform-file-events.dll
Event: 6.564 Loaded shared library C:\Program Files\Android\Android Studio2\jbr\bin\management.dll
Event: 6.578 Loaded shared library C:\Program Files\Android\Android Studio2\jbr\bin\management_ext.dll
Event: 6.633 Thread 0x0000024614600120 Thread added: 0x0000024632ec6ed0
Event: 7.087 Loaded shared library C:\Program Files\Android\Android Studio2\jbr\bin\extnet.dll
Event: 7.178 Thread 0x0000024614600120 Thread added: 0x0000024633a7cf30
Event: 7.734 Thread 0x0000024614600120 Thread added: 0x00000246339278a0
Event: 7.975 Thread 0x0000024633a7cf30 Thread added: 0x000002462d96aab0
Event: 7.979 Thread 0x000002462d96aab0 Thread added: 0x000002462d96b120
Event: 8.046 Thread 0x000002462d96aab0 Thread added: 0x0000024633ab1070
Event: 8.065 Thread 0x000002462d96aab0 Thread added: 0x0000024633ab1700
Event: 8.107 Thread 0x0000024633ab1700 Thread added: 0x0000024633ab2ab0
Event: 8.120 Thread 0x0000024633ab1700 Thread added: 0x0000024633ab3e60
Event: 8.123 Thread 0x0000024633ab1700 Thread added: 0x0000024633ab37d0
Event: 9.021 Thread 0x0000024633ab1700 Thread added: 0x0000024633ab1d90
Event: 9.047 Thread 0x0000024633ab1700 Thread added: 0x0000024633ab3140
Event: 9.112 Thread 0x0000024633ab1700 Thread added: 0x0000024633ab44f0


Dynamic libraries:
0x00007ff6934a0000 - 0x00007ff6934aa000 	C:\Program Files\Android\Android Studio2\jbr\bin\java.exe
0x00007ff99be30000 - 0x00007ff99c028000 	C:\Windows\SYSTEM32\ntdll.dll
0x00007ff99a460000 - 0x00007ff99a522000 	C:\Windows\System32\KERNEL32.DLL
0x00007ff999a80000 - 0x00007ff999d7e000 	C:\Windows\System32\KERNELBASE.dll
0x00007ff999610000 - 0x00007ff999710000 	C:\Windows\System32\ucrtbase.dll
0x00007ff996390000 - 0x00007ff9963ab000 	C:\Program Files\Android\Android Studio2\jbr\bin\VCRUNTIME140.dll
0x00007ff9779b0000 - 0x00007ff9779c8000 	C:\Program Files\Android\Android Studio2\jbr\bin\jli.dll
0x00007ff999f00000 - 0x00007ff99a09d000 	C:\Windows\System32\USER32.dll
0x00007ff999e20000 - 0x00007ff999e42000 	C:\Windows\System32\win32u.dll
0x00007ff99af50000 - 0x00007ff99af7b000 	C:\Windows\System32\GDI32.dll
0x00007ff9998f0000 - 0x00007ff999a07000 	C:\Windows\System32\gdi32full.dll
0x00007ff999d80000 - 0x00007ff999e1d000 	C:\Windows\System32\msvcp_win.dll
0x00007ff98a980000 - 0x00007ff98ac1a000 	C:\Windows\WinSxS\amd64_microsoft.windows.common-controls_6595b64144ccf1df_6.0.19041.4355_none_60b8b9eb71f62e16\COMCTL32.dll
0x00007ff99b400000 - 0x00007ff99b49e000 	C:\Windows\System32\msvcrt.dll
0x00007ff99b650000 - 0x00007ff99b67f000 	C:\Windows\System32\IMM32.DLL
0x00007ff996380000 - 0x00007ff99638c000 	C:\Program Files\Android\Android Studio2\jbr\bin\vcruntime140_1.dll
0x00007ff96c850000 - 0x00007ff96c8dd000 	C:\Program Files\Android\Android Studio2\jbr\bin\msvcp140.dll
0x00007ff969630000 - 0x00007ff96a2b3000 	C:\Program Files\Android\Android Studio2\jbr\bin\server\jvm.dll
0x00007ff99a720000 - 0x00007ff99a7d1000 	C:\Windows\System32\ADVAPI32.dll
0x00007ff99a680000 - 0x00007ff99a71f000 	C:\Windows\System32\sechost.dll
0x00007ff99a530000 - 0x00007ff99a653000 	C:\Windows\System32\RPCRT4.dll
0x00007ff999760000 - 0x00007ff999787000 	C:\Windows\System32\bcrypt.dll
0x00007ff99bcd0000 - 0x00007ff99bd3b000 	C:\Windows\System32\WS2_32.dll
0x00007ff999330000 - 0x00007ff99937b000 	C:\Windows\SYSTEM32\POWRPROF.dll
0x00007ff98eb70000 - 0x00007ff98eb97000 	C:\Windows\SYSTEM32\WINMM.dll
0x00007ff98a030000 - 0x00007ff98a03a000 	C:\Windows\SYSTEM32\VERSION.dll
0x00007ff999310000 - 0x00007ff999322000 	C:\Windows\SYSTEM32\UMPDC.dll
0x00007ff997d40000 - 0x00007ff997d52000 	C:\Windows\SYSTEM32\kernel.appcore.dll
0x00007ff9936f0000 - 0x00007ff9936fa000 	C:\Program Files\Android\Android Studio2\jbr\bin\jimage.dll
0x00007ff9979f0000 - 0x00007ff997bd4000 	C:\Windows\SYSTEM32\DBGHELP.DLL
0x00007ff9925c0000 - 0x00007ff9925f4000 	C:\Windows\SYSTEM32\dbgcore.DLL
0x00007ff9994d0000 - 0x00007ff999552000 	C:\Windows\System32\bcryptPrimitives.dll
0x00007ff995850000 - 0x00007ff99585e000 	C:\Program Files\Android\Android Studio2\jbr\bin\instrument.dll
0x00007ff990360000 - 0x00007ff990380000 	C:\Program Files\Android\Android Studio2\jbr\bin\java.dll
0x00007ff9902e0000 - 0x00007ff9902f8000 	C:\Program Files\Android\Android Studio2\jbr\bin\zip.dll
0x00007ff99a7e0000 - 0x00007ff99af4d000 	C:\Windows\System32\SHELL32.dll
0x00007ff997240000 - 0x00007ff9979e4000 	C:\Windows\SYSTEM32\windows.storage.dll
0x00007ff99a0a0000 - 0x00007ff99a3f3000 	C:\Windows\System32\combase.dll
0x00007ff998e30000 - 0x00007ff998e5e000 	C:\Windows\SYSTEM32\Wldp.dll
0x00007ff99b860000 - 0x00007ff99b92d000 	C:\Windows\System32\OLEAUT32.dll
0x00007ff999e50000 - 0x00007ff999efd000 	C:\Windows\System32\SHCORE.dll
0x00007ff99b930000 - 0x00007ff99b985000 	C:\Windows\System32\shlwapi.dll
0x00007ff999400000 - 0x00007ff999424000 	C:\Windows\SYSTEM32\profapi.dll
0x00007ff990350000 - 0x00007ff990360000 	C:\Program Files\Android\Android Studio2\jbr\bin\net.dll
0x00007ff9916b0000 - 0x00007ff9917bd000 	C:\Windows\SYSTEM32\WINHTTP.dll
0x00007ff998b90000 - 0x00007ff998bfa000 	C:\Windows\system32\mswsock.dll
0x00007ff98fc00000 - 0x00007ff98fc16000 	C:\Program Files\Android\Android Studio2\jbr\bin\nio.dll
0x00007ff992be0000 - 0x00007ff992bf0000 	C:\Program Files\Android\Android Studio2\jbr\bin\verify.dll
0x00007ff990950000 - 0x00007ff990977000 	C:\Users\DELL\.gradle\native\c067742578af261105cb4f569cf0c3c89f3d7b1fecec35dd04571415982c5e48\windows-amd64\native-platform.dll
0x00007ff967010000 - 0x00007ff967154000 	C:\Users\DELL\.gradle\native\100fb08df4bc3b14c8652ba06237920a3bd2aa13389f12d3474272988ae205f9\windows-amd64\native-platform-file-events.dll
0x00007ff98fbd0000 - 0x00007ff98fbd9000 	C:\Program Files\Android\Android Studio2\jbr\bin\management.dll
0x00007ff98fbc0000 - 0x00007ff98fbcb000 	C:\Program Files\Android\Android Studio2\jbr\bin\management_ext.dll
0x00007ff99a660000 - 0x00007ff99a668000 	C:\Windows\System32\PSAPI.DLL
0x00007ff998d90000 - 0x00007ff998da8000 	C:\Windows\SYSTEM32\CRYPTSP.dll
0x00007ff9984b0000 - 0x00007ff9984e4000 	C:\Windows\system32\rsaenh.dll
0x00007ff999380000 - 0x00007ff9993ae000 	C:\Windows\SYSTEM32\USERENV.dll
0x00007ff998d80000 - 0x00007ff998d8c000 	C:\Windows\SYSTEM32\CRYPTBASE.dll
0x00007ff998870000 - 0x00007ff9988ab000 	C:\Windows\SYSTEM32\IPHLPAPI.DLL
0x00007ff99af80000 - 0x00007ff99af88000 	C:\Windows\System32\NSI.dll
0x00007ff98fbe0000 - 0x00007ff98fbe9000 	C:\Program Files\Android\Android Studio2\jbr\bin\extnet.dll
0x00007ff98fbf0000 - 0x00007ff98fbf7000 	C:\Windows\system32\wshunix.dll

dbghelp: loaded successfully - version: 4.0.5 - missing functions: none
symbol engine: initialized successfully - sym options: 0x614 - pdb path: .;C:\Program Files\Android\Android Studio2\jbr\bin;C:\Windows\SYSTEM32;C:\Windows\WinSxS\amd64_microsoft.windows.common-controls_6595b64144ccf1df_6.0.19041.4355_none_60b8b9eb71f62e16;C:\Program Files\Android\Android Studio2\jbr\bin\server;C:\Users\DELL\.gradle\native\c067742578af261105cb4f569cf0c3c89f3d7b1fecec35dd04571415982c5e48\windows-amd64;C:\Users\DELL\.gradle\native\100fb08df4bc3b14c8652ba06237920a3bd2aa13389f12d3474272988ae205f9\windows-amd64

VM Arguments:
jvm_args: --add-opens=java.base/java.util=ALL-UNNAMED --add-opens=java.base/java.lang=ALL-UNNAMED --add-opens=java.base/java.lang.invoke=ALL-UNNAMED --add-opens=java.prefs/java.util.prefs=ALL-UNNAMED --add-exports=jdk.compiler/com.sun.tools.javac.api=ALL-UNNAMED --add-exports=jdk.compiler/com.sun.tools.javac.util=ALL-UNNAMED --add-opens=java.base/java.nio.charset=ALL-UNNAMED --add-opens=java.base/java.net=ALL-UNNAMED --add-opens=java.base/java.util.concurrent.atomic=ALL-UNNAMED -Xmx2048m -Dfile.encoding=UTF-8 -Duser.country=US -Duser.language=en -Duser.variant -javaagent:C:\Users\DELL\.gradle\wrapper\dists\gradle-8.10.2-bin\a04bxjujx95o3nb99gddekhwo\gradle-8.10.2\lib\agents\gradle-instrumentation-agent-8.10.2.jar 
java_command: org.gradle.launcher.daemon.bootstrap.GradleDaemon 8.10.2
java_class_path (initial): C:\Users\DELL\.gradle\wrapper\dists\gradle-8.10.2-bin\a04bxjujx95o3nb99gddekhwo\gradle-8.10.2\lib\gradle-daemon-main-8.10.2.jar
Launcher Type: SUN_STANDARD

[Global flags]
     intx CICompilerCount                          = 3                                         {product} {ergonomic}
     uint ConcGCThreads                            = 1                                         {product} {ergonomic}
     uint G1ConcRefinementThreads                  = 4                                         {product} {ergonomic}
   size_t G1HeapRegionSize                         = 1048576                                   {product} {ergonomic}
    uintx GCDrainStackTargetSize                   = 64                                        {product} {ergonomic}
   size_t InitialHeapSize                          = 67108864                                  {product} {ergonomic}
   size_t MarkStackSize                            = 4194304                                   {product} {ergonomic}
   size_t MaxHeapSize                              = 2147483648                                {product} {command line}
   size_t MaxNewSize                               = 1287651328                                {product} {ergonomic}
   size_t MinHeapDeltaBytes                        = 1048576                                   {product} {ergonomic}
   size_t MinHeapSize                              = 8388608                                   {product} {ergonomic}
    uintx NonNMethodCodeHeapSize                   = 5832780                                {pd product} {ergonomic}
    uintx NonProfiledCodeHeapSize                  = 122912730                              {pd product} {ergonomic}
    uintx ProfiledCodeHeapSize                     = 122912730                              {pd product} {ergonomic}
    uintx ReservedCodeCacheSize                    = 251658240                              {pd product} {ergonomic}
     bool SegmentedCodeCache                       = true                                      {product} {ergonomic}
   size_t SoftMaxHeapSize                          = 2147483648                             {manageable} {ergonomic}
     bool UseCompressedOops                        = true                           {product lp64_product} {ergonomic}
     bool UseG1GC                                  = true                                      {product} {ergonomic}
     bool UseLargePagesIndividualAllocation        = false                                  {pd product} {ergonomic}

Logging:
Log output configuration:
 #0: stdout all=warning uptime,level,tags foldmultilines=false
 #1: stderr all=off uptime,level,tags foldmultilines=false

Environment Variables:
PATH=C:\Windows\system32;C:\Windows;C:\Windows\System32\Wbem;C:\Windows\System32\WindowsPowerShell\v1.0\;C:\Windows\System32\OpenSSH\;C:\Users\DELL\AppData\Local\Microsoft\WindowsApps
USERNAME=DELL
OS=Windows_NT
PROCESSOR_IDENTIFIER=Intel64 Family 6 Model 61 Stepping 4, GenuineIntel
TMP=C:\Users\DELL\AppData\Local\Temp
TEMP=C:\Users\DELL\AppData\Local\Temp




Periodic native trim disabled

JNI global refs:
JNI global refs: 22, weak refs: 0

JNI global refs memory usage: 835, weak refs: 201

Process memory usage:
Resident Set Size: 161256K (3% of 4063536K total physical memory with 41808K free physical memory)

OOME stack traces (most recent first):
Classloader memory used:
Loader bootstrap                                                                       : 16091K
Loader org.gradle.internal.classloader.VisitableURLClassLoader                         : 9925K
Loader org.gradle.initialization.MixInLegacyTypesClassLoader                           : 833K
Loader jdk.internal.loader.ClassLoaders$AppClassLoader                                 : 234K
Loader jdk.internal.loader.ClassLoaders$PlatformClassLoader                            : 114K

Classes loaded by more than one classloader:
Class org.gradle.internal.classloader.FilteringClassLoader                            : loaded 2 times (x 101B)
Class org.gradle.internal.classloader.ClassLoaderHierarchy                            : loaded 2 times (x 66B)
Class org.gradle.api.internal.classpath.ManifestUtil                                  : loaded 2 times (x 67B)
Class org.gradle.internal.classloader.DefaultClassLoaderFactory                       : loaded 2 times (x 78B)
Class org.gradle.internal.classloader.ClassLoaderVisitor                              : loaded 2 times (x 72B)
Class org.gradle.api.internal.classpath.EffectiveClassPath                            : loaded 2 times (x 86B)
Class org.gradle.api.internal.DefaultClassPathProvider                                : loaded 2 times (x 72B)
Class [Lorg.gradle.api.internal.ClassPathProvider;                                    : loaded 2 times (x 65B)
Class org.gradle.api.internal.ClassPathProvider                                       : loaded 2 times (x 66B)
Class org.gradle.internal.service.UnknownServiceException                             : loaded 2 times (x 79B)
Class org.gradle.internal.classpath.TransformedClassPath                              : loaded 2 times (x 92B)
Class org.gradle.internal.classloader.InstrumentingClassLoader                        : loaded 2 times (x 66B)
Class org.gradle.internal.service.ServiceLocator                                      : loaded 2 times (x 66B)
Class org.gradle.internal.InternalTransformer                                         : loaded 2 times (x 66B)
Class org.gradle.internal.classloader.ClasspathUtil$1                                 : loaded 2 times (x 72B)
Class org.gradle.api.internal.classpath.DefaultModuleRegistry$DefaultModule           : loaded 2 times (x 82B)
Class org.gradle.api.internal.classpath.Module                                        : loaded 2 times (x 66B)
Class org.gradle.api.internal.classpath.UnknownModuleException                        : loaded 2 times (x 78B)
Class org.gradle.api.internal.DefaultClassPathRegistry                                : loaded 2 times (x 72B)
Class org.gradle.api.internal.ClassPathRegistry                                       : loaded 2 times (x 66B)
Class org.gradle.internal.classpath.DefaultClassPath$ImmutableUniqueList              : loaded 2 times (x 195B)
Class org.gradle.internal.classpath.ClassPath                                         : loaded 2 times (x 66B)
Class org.gradle.api.UncheckedIOException                                             : loaded 2 times (x 78B)
Class org.gradle.internal.installation.GradleInstallation$1                           : loaded 2 times (x 71B)
Class org.gradle.api.internal.classpath.ModuleRegistry                                : loaded 2 times (x 66B)
Class org.gradle.api.internal.classpath.DefaultModuleRegistry                         : loaded 2 times (x 82B)
Class org.gradle.internal.service.ServiceLookupException                              : loaded 2 times (x 78B)
Class org.gradle.internal.classloader.ClassLoaderFactory                              : loaded 2 times (x 66B)
Class org.gradle.internal.service.CachingServiceLocator                               : loaded 2 times (x 78B)
Class org.gradle.internal.classloader.ClasspathUtil                                   : loaded 2 times (x 67B)
Class org.gradle.api.specs.Spec                                                       : loaded 2 times (x 66B)
Class org.gradle.internal.classloader.VisitableURLClassLoader$InstrumentingVisitableURLClassLoader: loaded 2 times (x 119B)
Class org.gradle.internal.classloader.VisitableURLClassLoader$Spec                    : loaded 2 times (x 70B)
Class org.gradle.internal.classpath.DefaultClassPath                                  : loaded 2 times (x 86B)
Class org.gradle.internal.classloader.ClassLoaderSpec                                 : loaded 2 times (x 67B)
Class org.gradle.internal.classloader.VisitableURLClassLoader                         : loaded 2 times (x 113B)
Class org.gradle.internal.Cast                                                        : loaded 2 times (x 67B)
Class org.gradle.api.Action                                                           : loaded 2 times (x 66B)
Class org.gradle.internal.classpath.DefaultClassPath$ImmutableUniqueList$Builder      : loaded 2 times (x 71B)
Class org.gradle.api.GradleException                                                  : loaded 2 times (x 78B)
Class org.gradle.internal.IoActions                                                   : loaded 2 times (x 67B)
Class org.gradle.internal.classloader.SystemClassLoaderSpec                           : loaded 2 times (x 67B)
Class org.gradle.api.internal.classpath.GlobalCacheRootsProvider                      : loaded 2 times (x 66B)
Class org.gradle.internal.installation.CurrentGradleInstallationLocator               : loaded 2 times (x 67B)
Class org.gradle.internal.service.DefaultServiceLocator                               : loaded 2 times (x 79B)
Class org.gradle.internal.installation.CurrentGradleInstallation                      : loaded 2 times (x 69B)
Class org.gradle.util.internal.GUtil                                                  : loaded 2 times (x 67B)
Class org.gradle.internal.installation.GradleInstallation                             : loaded 2 times (x 71B)

---------------  S Y S T E M  ---------------

OS:
 Windows 10 , 64 bit Build 19041 (10.0.19041.5198)
OS uptime: 0 days 5:41 hours

CPU: total 4 (initial active 4) (2 cores per cpu, 2 threads per core) family 6 model 61 stepping 4 microcode 0x2d, cx8, cmov, fxsr, ht, mmx, 3dnowpref, sse, sse2, sse3, ssse3, sse4.1, sse4.2, popcnt, lzcnt, tsc, tscinvbit, avx, avx2, aes, erms, clmul, bmi1, bmi2, rtm, adx, fma, vzeroupper, clflush, rdtscp, f16c
Processor Information for all 4 processors :
  Max Mhz: 2301, Current Mhz: 2301, Mhz Limit: 2301

Memory: 4k page, system-wide physical 3968M (40M free)
TotalPageFile size 8968M (AvailPageFile size 6M)
current process WorkingSet (physical memory assigned to process): 157M, peak: 157M
current process commit charge ("private bytes"): 193M, peak: 194M

vm_info: OpenJDK 64-Bit Server VM (21.0.4+-12508038-b607.1) for windows-amd64 JRE (21.0.4+-12508038-b607.1), built on 2024-10-16T17:23:34Z by "builder" with MS VC++ 16.10 / 16.11 (VS2019)

END.
